2023-10-12 00:01:22|info|[ VIEW ] /www/wwwroot/qingyuan/public/mobile.html [ array (
  0 => 'siteName',
  1 => 'siteUrl',
) ]
2023-10-12 00:01:23|info|[ VIEW ] /www/wwwroot/qingyuan/public/mobile.html [ array (
  0 => 'siteName',
  1 => 'siteUrl',
) ]
2023-10-12 00:02:21|info|[ VIEW ] /www/wwwroot/qingyuan/public/mobile.html [ array (
  0 => 'siteName',
  1 => 'siteUrl',
) ]
2023-10-12 00:06:05|info|[ VIEW ] /www/wwwroot/qingyuan/public/index.html [ array (
) ]
2023-10-12 00:06:06|info|[ VIEW ] /www/wwwroot/qingyuan/public/index.html [ array (
) ]
2023-10-12 00:06:08|info|[ VIEW ] /www/wwwroot/qingyuan/public/index.html [ array (
) ]
2023-10-12 00:07:17|info|[ VIEW ] /www/wwwroot/qingyuan/public/mobile.html [ array (
  0 => 'siteName',
  1 => 'siteUrl',
) ]
2023-10-12 01:03:49|info|[ VIEW ] /www/wwwroot/qingyuan/public/admin/index.html [ array (
) ]
2023-10-12 01:03:50|info|[ VIEW ] /www/wwwroot/qingyuan/public/admin/index.html [ array (
) ]
2023-10-12 01:09:23|info|[ VIEW ] /www/wwwroot/qingyuan/public/index.html [ array (
) ]
2023-10-12 01:09:24|info|[ VIEW ] /www/wwwroot/qingyuan/public/index.html [ array (
) ]
2023-10-12 01:20:04|info|[ VIEW ] /www/wwwroot/qingyuan/public/mobile.html [ array (
  0 => 'siteName',
  1 => 'siteUrl',
) ]
2023-10-12 01:31:25|info|[ VIEW ] /www/wwwroot/qingyuan/public/mobile.html [ array (
  0 => 'siteName',
  1 => 'siteUrl',
) ]
2023-10-12 01:31:44|info|[ VIEW ] /www/wwwroot/qingyuan/public/index.html [ array (
) ]
2023-10-12 01:31:49|info|[ VIEW ] /www/wwwroot/qingyuan/public/mobile.html [ array (
  0 => 'siteName',
  1 => 'siteUrl',
) ]
2023-10-12 01:31:50|info|[ VIEW ] /www/wwwroot/qingyuan/public/index.html [ array (
) ]
2023-10-12 01:58:37|info|[ VIEW ] /www/wwwroot/qingyuan/public/admin/index.html [ array (
) ]
2023-10-12 01:58:38|info|[ VIEW ] /www/wwwroot/qingyuan/public/admin/index.html [ array (
) ]
2023-10-12 02:52:11|info|[ VIEW ] /www/wwwroot/qingyuan/public/index.html [ array (
) ]
2023-10-12 02:52:12|info|[ VIEW ] /www/wwwroot/qingyuan/public/index.html [ array (
) ]
2023-10-12 03:39:59|info|[ VIEW ] /www/wwwroot/qingyuan/public/mobile.html [ array (
  0 => 'siteName',
  1 => 'siteUrl',
) ]
2023-10-12 03:39:59|info|[ VIEW ] /www/wwwroot/qingyuan/public/mobile.html [ array (
  0 => 'siteName',
  1 => 'siteUrl',
) ]
2023-10-12 03:39:59|info|[ VIEW ] /www/wwwroot/qingyuan/public/index.html [ array (
) ]
2023-10-12 03:40:01|info|[ VIEW ] /www/wwwroot/qingyuan/public/index.html [ array (
) ]
2023-10-12 03:56:25|info|[ VIEW ] /www/wwwroot/qingyuan/public/mobile.html [ array (
  0 => 'siteName',
  1 => 'siteUrl',
) ]
2023-10-12 04:00:35|info|[ VIEW ] /www/wwwroot/qingyuan/public/mobile.html [ array (
  0 => 'siteName',
  1 => 'siteUrl',
) ]
2023-10-12 04:10:54|info|[ VIEW ] /www/wwwroot/qingyuan/public/index.html [ array (
) ]
2023-10-12 04:19:15|info|[ VIEW ] /www/wwwroot/qingyuan/public/admin/index.html [ array (
) ]
2023-10-12 04:19:16|info|[ VIEW ] /www/wwwroot/qingyuan/public/admin/index.html [ array (
) ]
2023-10-12 04:57:11|info|[ VIEW ] /www/wwwroot/qingyuan/public/mobile.html [ array (
  0 => 'siteName',
  1 => 'siteUrl',
) ]
2023-10-12 05:02:40|info|[ VIEW ] /www/wwwroot/qingyuan/public/mobile.html [ array (
  0 => 'siteName',
  1 => 'siteUrl',
) ]
2023-10-12 05:10:59|info|[ VIEW ] /www/wwwroot/qingyuan/public/mobile.html [ array (
  0 => 'siteName',
  1 => 'siteUrl',
) ]
2023-10-12 05:57:36|info|[ VIEW ] /www/wwwroot/qingyuan/public/admin/index.html [ array (
) ]
2023-10-12 05:57:37|info|[ VIEW ] /www/wwwroot/qingyuan/public/admin/index.html [ array (
) ]
2023-10-12 06:13:24|info|[ VIEW ] /www/wwwroot/qingyuan/public/mobile.html [ array (
  0 => 'siteName',
  1 => 'siteUrl',
) ]
2023-10-12 06:23:18|info|[ VIEW ] /www/wwwroot/qingyuan/public/mobile.html [ array (
  0 => 'siteName',
  1 => 'siteUrl',
) ]
2023-10-12 06:28:04|info|[ VIEW ] /www/wwwroot/qingyuan/public/mobile.html [ array (
  0 => 'siteName',
  1 => 'siteUrl',
) ]
2023-10-12 06:32:28|info|[ VIEW ] /www/wwwroot/qingyuan/public/index.html [ array (
) ]
2023-10-12 06:32:28|info|[ VIEW ] /www/wwwroot/qingyuan/public/index.html [ array (
) ]
2023-10-12 06:47:40|info|[ VIEW ] /www/wwwroot/qingyuan/public/index.html [ array (
) ]
2023-10-12 06:53:19|info|[ VIEW ] /www/wwwroot/qingyuan/public/index.html [ array (
) ]
2023-10-12 06:56:07|info|[ VIEW ] /www/wwwroot/qingyuan/public/mobile.html [ array (
  0 => 'siteName',
  1 => 'siteUrl',
) ]
2023-10-12 07:02:33|info|[ VIEW ] /www/wwwroot/qingyuan/public/mobile.html [ array (
  0 => 'siteName',
  1 => 'siteUrl',
) ]
2023-10-12 07:03:15|info|[ VIEW ] /www/wwwroot/qingyuan/public/mobile.html [ array (
  0 => 'siteName',
  1 => 'siteUrl',
) ]
2023-10-12 07:08:30|info|[ VIEW ] /www/wwwroot/qingyuan/public/index.html [ array (
) ]
2023-10-12 07:30:40|info|[ VIEW ] /www/wwwroot/qingyuan/public/mobile.html [ array (
  0 => 'siteName',
  1 => 'siteUrl',
) ]
2023-10-12 07:39:19|info|[ VIEW ] /www/wwwroot/qingyuan/public/mobile.html [ array (
  0 => 'siteName',
  1 => 'siteUrl',
) ]
2023-10-12 07:39:38|info|[ VIEW ] /www/wwwroot/qingyuan/public/mobile.html [ array (
  0 => 'siteName',
  1 => 'siteUrl',
) ]
2023-10-12 07:41:15|info|[ VIEW ] /www/wwwroot/qingyuan/public/mobile.html [ array (
  0 => 'siteName',
  1 => 'siteUrl',
) ]
2023-10-12 07:44:59|info|[ VIEW ] /www/wwwroot/qingyuan/public/mobile.html [ array (
  0 => 'siteName',
  1 => 'siteUrl',
) ]
2023-10-12 08:03:51|info|[ VIEW ] /www/wwwroot/qingyuan/public/mobile.html [ array (
  0 => 'siteName',
  1 => 'siteUrl',
) ]
2023-10-12 08:04:08|info|[ VIEW ] /www/wwwroot/qingyuan/public/mobile.html [ array (
  0 => 'siteName',
  1 => 'siteUrl',
) ]
2023-10-12 08:13:05|info|[ VIEW ] /www/wwwroot/qingyuan/public/mobile.html [ array (
  0 => 'siteName',
  1 => 'siteUrl',
) ]
2023-10-12 08:54:51|info|[ VIEW ] /www/wwwroot/qingyuan/public/index.html [ array (
) ]
2023-10-12 08:54:56|info|[ VIEW ] /www/wwwroot/qingyuan/public/index.html [ array (
) ]
2023-10-12 08:55:30|info|[ VIEW ] /www/wwwroot/qingyuan/public/index.html [ array (
) ]
2023-10-12 08:55:33|info|[ VIEW ] /www/wwwroot/qingyuan/public/index.html [ array (
) ]
2023-10-12 09:00:10|info|[ VIEW ] /www/wwwroot/qingyuan/public/index.html [ array (
) ]
2023-10-12 09:00:10|info|[ VIEW ] /www/wwwroot/qingyuan/public/index.html [ array (
) ]
2023-10-12 09:04:16|info|[ VIEW ] /www/wwwroot/qingyuan/public/index.html [ array (
) ]
2023-10-12 09:04:18|info|[ VIEW ] /www/wwwroot/qingyuan/public/index.html [ array (
) ]
2023-10-12 09:20:49|info|[ VIEW ] /www/wwwroot/qingyuan/public/index.html [ array (
) ]
2023-10-12 09:20:49|info|[ VIEW ] /www/wwwroot/qingyuan/public/index.html [ array (
) ]
2023-10-12 09:35:58|info|[ VIEW ] /www/wwwroot/qingyuan/public/index.html [ array (
) ]
2023-10-12 09:36:00|info|[ VIEW ] /www/wwwroot/qingyuan/public/index.html [ array (
) ]
2023-10-12 09:38:20|info|[ VIEW ] /www/wwwroot/qingyuan/public/mobile.html [ array (
  0 => 'siteName',
  1 => 'siteUrl',
) ]
2023-10-12 09:56:17|info|[ VIEW ] /www/wwwroot/qingyuan/public/index.html [ array (
) ]
2023-10-12 09:56:35|info|[ VIEW ] /www/wwwroot/qingyuan/public/index.html [ array (
) ]
2023-10-12 09:57:09|info|[ VIEW ] /www/wwwroot/qingyuan/public/index.html [ array (
) ]
2023-10-12 09:57:21|info|[ VIEW ] /www/wwwroot/qingyuan/public/index.html [ array (
) ]
2023-10-12 09:57:24|info|[ VIEW ] /www/wwwroot/qingyuan/public/index.html [ array (
) ]
2023-10-12 09:58:22|info|[ VIEW ] /www/wwwroot/qingyuan/public/admin/index.html [ array (
) ]
2023-10-12 09:58:23|info|[ VIEW ] /www/wwwroot/qingyuan/public/mobile.html [ array (
  0 => 'siteName',
  1 => 'siteUrl',
) ]
2023-10-12 09:58:23|info|[ VIEW ] /www/wwwroot/qingyuan/public/mobile.html [ array (
  0 => 'siteName',
  1 => 'siteUrl',
) ]
2023-10-12 10:09:12|info|[ VIEW ] /www/wwwroot/qingyuan/public/index.html [ array (
) ]
2023-10-12 10:09:12|info|[ VIEW ] /www/wwwroot/qingyuan/public/index.html [ array (
) ]
2023-10-12 10:09:15|info|[ VIEW ] /www/wwwroot/qingyuan/public/index.html [ array (
) ]
2023-10-12 10:18:20|info|[ VIEW ] /www/wwwroot/qingyuan/public/mobile.html [ array (
  0 => 'siteName',
  1 => 'siteUrl',
) ]
2023-10-12 10:18:20|info|[ VIEW ] /www/wwwroot/qingyuan/public/index.html [ array (
) ]
2023-10-12 10:18:22|info|[ VIEW ] /www/wwwroot/qingyuan/public/index.html [ array (
) ]
2023-10-12 10:18:33|info|[ VIEW ] /www/wwwroot/qingyuan/public/index.html [ array (
) ]
2023-10-12 10:18:36|info|[ VIEW ] /www/wwwroot/qingyuan/public/index.html [ array (
) ]
2023-10-12 10:18:42|info|[ VIEW ] /www/wwwroot/qingyuan/public/mobile.html [ array (
  0 => 'siteName',
  1 => 'siteUrl',
) ]
2023-10-12 10:18:42|info|[ VIEW ] /www/wwwroot/qingyuan/public/index.html [ array (
) ]
2023-10-12 10:18:45|info|[ VIEW ] /www/wwwroot/qingyuan/public/index.html [ array (
) ]
2023-10-12 10:19:31|info|[ VIEW ] /www/wwwroot/qingyuan/public/mobile.html [ array (
  0 => 'siteName',
  1 => 'siteUrl',
) ]
2023-10-12 10:19:32|info|[ VIEW ] /www/wwwroot/qingyuan/public/index.html [ array (
) ]
2023-10-12 10:20:33|info|[ VIEW ] /www/wwwroot/qingyuan/public/index.html [ array (
) ]
2023-10-12 10:20:33|info|[ VIEW ] /www/wwwroot/qingyuan/public/mobile.html [ array (
  0 => 'siteName',
  1 => 'siteUrl',
) ]
2023-10-12 10:20:33|info|[ VIEW ] /www/wwwroot/qingyuan/public/mobile.html [ array (
  0 => 'siteName',
  1 => 'siteUrl',
) ]
2023-10-12 10:20:35|info|[ VIEW ] /www/wwwroot/qingyuan/public/index.html [ array (
) ]
2023-10-12 10:20:38|info|[ VIEW ] /www/wwwroot/qingyuan/public/index.html [ array (
) ]
2023-10-12 10:20:46|info|[ VIEW ] /www/wwwroot/qingyuan/public/index.html [ array (
) ]
2023-10-12 10:21:03|info|[ VIEW ] /www/wwwroot/qingyuan/public/admin/index.html [ array (
) ]
2023-10-12 10:21:03|info|[ VIEW ] /www/wwwroot/qingyuan/public/mobile.html [ array (
  0 => 'siteName',
  1 => 'siteUrl',
) ]
2023-10-12 10:21:03|info|[ VIEW ] /www/wwwroot/qingyuan/public/mobile.html [ array (
  0 => 'siteName',
  1 => 'siteUrl',
) ]
2023-10-12 10:21:03|info|[ VIEW ] /www/wwwroot/qingyuan/public/index.html [ array (
) ]
2023-10-12 10:21:05|info|[ VIEW ] /www/wwwroot/qingyuan/public/index.html [ array (
) ]
2023-10-12 10:21:19|info|[ VIEW ] /www/wwwroot/qingyuan/public/mobile.html [ array (
  0 => 'siteName',
  1 => 'siteUrl',
) ]
2023-10-12 10:21:19|info|[ VIEW ] /www/wwwroot/qingyuan/public/mobile.html [ array (
  0 => 'siteName',
  1 => 'siteUrl',
) ]
2023-10-12 10:21:19|info|[ VIEW ] /www/wwwroot/qingyuan/public/mobile.html [ array (
  0 => 'siteName',
  1 => 'siteUrl',
) ]
2023-10-12 10:21:33|info|[ VIEW ] /www/wwwroot/qingyuan/public/mobile.html [ array (
  0 => 'siteName',
  1 => 'siteUrl',
) ]
2023-10-12 10:21:34|info|[ VIEW ] /www/wwwroot/qingyuan/public/index.html [ array (
) ]
2023-10-12 10:21:36|info|[ VIEW ] /www/wwwroot/qingyuan/public/index.html [ array (
) ]
2023-10-12 10:21:45|info|[ VIEW ] /www/wwwroot/qingyuan/public/mobile.html [ array (
  0 => 'siteName',
  1 => 'siteUrl',
) ]
2023-10-12 10:22:08|info|[ VIEW ] /www/wwwroot/qingyuan/public/index.html [ array (
) ]
2023-10-12 10:22:34|info|[ VIEW ] /www/wwwroot/qingyuan/public/index.html [ array (
) ]
2023-10-12 10:23:00|info|[ VIEW ] /www/wwwroot/qingyuan/public/index.html [ array (
) ]
2023-10-12 10:23:45|info|[ VIEW ] /www/wwwroot/qingyuan/public/index.html [ array (
) ]
2023-10-12 10:23:55|info|[ VIEW ] /www/wwwroot/qingyuan/public/index.html [ array (
) ]
2023-10-12 10:24:13|info|[ VIEW ] /www/wwwroot/qingyuan/public/index.html [ array (
) ]
2023-10-12 10:24:21|info|[ VIEW ] /www/wwwroot/qingyuan/public/index.html [ array (
) ]
2023-10-12 10:28:54|info|[ VIEW ] /www/wwwroot/qingyuan/public/admin/index.html [ array (
) ]
2023-10-12 10:31:30|info|[ VIEW ] /www/wwwroot/qingyuan/public/mobile.html [ array (
  0 => 'siteName',
  1 => 'siteUrl',
) ]
2023-10-12 10:31:30|info|[ VIEW ] /www/wwwroot/qingyuan/public/mobile.html [ array (
  0 => 'siteName',
  1 => 'siteUrl',
) ]
2023-10-12 10:32:23|info|[ VIEW ] /www/wwwroot/qingyuan/public/mobile.html [ array (
  0 => 'siteName',
  1 => 'siteUrl',
) ]
2023-10-12 10:32:24|info|[ VIEW ] /www/wwwroot/qingyuan/public/mobile.html [ array (
  0 => 'siteName',
  1 => 'siteUrl',
) ]
2023-10-12 10:32:45|info|[ VIEW ] /www/wwwroot/qingyuan/public/mobile.html [ array (
  0 => 'siteName',
  1 => 'siteUrl',
) ]
2023-10-12 10:32:45|info|[ VIEW ] /www/wwwroot/qingyuan/public/index.html [ array (
) ]
2023-10-12 10:32:47|info|[ VIEW ] /www/wwwroot/qingyuan/public/index.html [ array (
) ]
2023-10-12 10:33:21|info|[ VIEW ] /www/wwwroot/qingyuan/public/index.html [ array (
) ]
2023-10-12 10:33:23|info|[ VIEW ] /www/wwwroot/qingyuan/public/index.html [ array (
) ]
2023-10-12 10:39:50|info|[ VIEW ] /www/wwwroot/qingyuan/public/index.html [ array (
) ]
2023-10-12 10:39:51|info|[ VIEW ] /www/wwwroot/qingyuan/public/index.html [ array (
) ]
2023-10-12 10:39:59|info|[ VIEW ] /www/wwwroot/qingyuan/public/index.html [ array (
) ]
2023-10-12 10:40:01|info|[ VIEW ] /www/wwwroot/qingyuan/public/index.html [ array (
) ]
2023-10-12 10:40:49|info|[ VIEW ] /www/wwwroot/qingyuan/public/index.html [ array (
) ]
2023-10-12 10:40:51|info|[ VIEW ] /www/wwwroot/qingyuan/public/index.html [ array (
) ]
2023-10-12 10:41:13|info|[ VIEW ] /www/wwwroot/qingyuan/public/index.html [ array (
) ]
2023-10-12 10:41:14|info|[ VIEW ] /www/wwwroot/qingyuan/public/index.html [ array (
) ]
2023-10-12 10:41:18|info|[ VIEW ] /www/wwwroot/qingyuan/public/index.html [ array (
) ]
2023-10-12 10:41:19|info|[ VIEW ] /www/wwwroot/qingyuan/public/index.html [ array (
) ]
2023-10-12 10:42:08|info|[ VIEW ] /www/wwwroot/qingyuan/public/index.html [ array (
) ]
2023-10-12 10:42:13|info|[ VIEW ] /www/wwwroot/qingyuan/public/index.html [ array (
) ]
2023-10-12 10:42:14|info|[ VIEW ] /www/wwwroot/qingyuan/public/index.html [ array (
) ]
2023-10-12 10:50:12|info|[ VIEW ] /www/wwwroot/qingyuan/public/admin/index.html [ array (
) ]
2023-10-12 10:50:13|info|[ VIEW ] /www/wwwroot/qingyuan/public/admin/index.html [ array (
) ]
2023-10-12 10:51:46|info|[ VIEW ] /www/wwwroot/qingyuan/public/mobile.html [ array (
  0 => 'siteName',
  1 => 'siteUrl',
) ]
2023-10-12 10:51:46|info|[ VIEW ] /www/wwwroot/qingyuan/public/mobile.html [ array (
  0 => 'siteName',
  1 => 'siteUrl',
) ]
2023-10-12 10:56:22|info|[ VIEW ] /www/wwwroot/qingyuan/public/mobile.html [ array (
  0 => 'siteName',
  1 => 'siteUrl',
) ]
2023-10-12 10:56:22|info|[ VIEW ] /www/wwwroot/qingyuan/public/mobile.html [ array (
  0 => 'siteName',
  1 => 'siteUrl',
) ]
2023-10-12 10:59:33|info|[ VIEW ] /www/wwwroot/qingyuan/public/mobile.html [ array (
  0 => 'siteName',
  1 => 'siteUrl',
) ]
2023-10-12 11:10:34|info|[ VIEW ] /www/wwwroot/qingyuan/public/mobile.html [ array (
  0 => 'siteName',
  1 => 'siteUrl',
) ]
2023-10-12 11:10:34|info|[ VIEW ] /www/wwwroot/qingyuan/public/index.html [ array (
) ]
2023-10-12 11:10:36|info|[ VIEW ] /www/wwwroot/qingyuan/public/index.html [ array (
) ]
2023-10-12 11:10:41|info|[ VIEW ] /www/wwwroot/qingyuan/public/mobile.html [ array (
  0 => 'siteName',
  1 => 'siteUrl',
) ]
2023-10-12 11:10:41|info|[ VIEW ] /www/wwwroot/qingyuan/public/mobile.html [ array (
  0 => 'siteName',
  1 => 'siteUrl',
) ]
2023-10-12 11:11:21|info|[ VIEW ] /www/wwwroot/qingyuan/public/index.html [ array (
) ]
2023-10-12 11:11:21|info|[ VIEW ] /www/wwwroot/qingyuan/public/index.html [ array (
) ]
2023-10-12 11:11:24|info|[ VIEW ] /www/wwwroot/qingyuan/public/index.html [ array (
) ]
2023-10-12 11:26:27|info|[ VIEW ] /www/wwwroot/qingyuan/public/mobile.html [ array (
  0 => 'siteName',
  1 => 'siteUrl',
) ]
2023-10-12 11:55:29|info|[ VIEW ] /www/wwwroot/qingyuan/public/mobile.html [ array (
  0 => 'siteName',
  1 => 'siteUrl',
) ]
2023-10-12 12:06:28|info|[ VIEW ] /www/wwwroot/qingyuan/public/mobile.html [ array (
  0 => 'siteName',
  1 => 'siteUrl',
) ]
2023-10-12 12:32:05|info|[ VIEW ] /www/wwwroot/qingyuan/public/mobile.html [ array (
  0 => 'siteName',
  1 => 'siteUrl',
) ]
2023-10-12 12:35:12|info|[ VIEW ] /www/wwwroot/qingyuan/public/index.html [ array (
) ]
2023-10-12 12:55:45|info|[ VIEW ] /www/wwwroot/qingyuan/public/mobile.html [ array (
  0 => 'siteName',
  1 => 'siteUrl',
) ]
2023-10-12 13:02:16|info|[ VIEW ] /www/wwwroot/qingyuan/public/mobile.html [ array (
  0 => 'siteName',
  1 => 'siteUrl',
) ]
2023-10-12 13:06:05|info|[ VIEW ] /www/wwwroot/qingyuan/public/mobile.html [ array (
  0 => 'siteName',
  1 => 'siteUrl',
) ]
2023-10-12 13:06:05|info|[ VIEW ] /www/wwwroot/qingyuan/public/index.html [ array (
) ]
2023-10-12 13:06:07|info|[ VIEW ] /www/wwwroot/qingyuan/public/index.html [ array (
) ]
2023-10-12 13:06:28|info|[ VIEW ] /www/wwwroot/qingyuan/public/index.html [ array (
) ]
2023-10-12 13:06:30|info|[ VIEW ] /www/wwwroot/qingyuan/public/index.html [ array (
) ]
2023-10-12 13:07:17|info|[ VIEW ] /www/wwwroot/qingyuan/public/mobile.html [ array (
  0 => 'siteName',
  1 => 'siteUrl',
) ]
2023-10-12 13:07:17|info|[ VIEW ] /www/wwwroot/qingyuan/public/index.html [ array (
) ]
2023-10-12 13:07:19|info|[ VIEW ] /www/wwwroot/qingyuan/public/index.html [ array (
) ]
2023-10-12 13:07:37|info|[ VIEW ] /www/wwwroot/qingyuan/public/index.html [ array (
) ]
2023-10-12 13:07:38|info|[ VIEW ] /www/wwwroot/qingyuan/public/index.html [ array (
) ]
2023-10-12 13:08:39|info|[ VIEW ] /www/wwwroot/qingyuan/public/index.html [ array (
) ]
2023-10-12 13:08:40|info|[ VIEW ] /www/wwwroot/qingyuan/public/index.html [ array (
) ]
2023-10-12 13:08:41|info|[ VIEW ] /www/wwwroot/qingyuan/public/index.html [ array (
) ]
2023-10-12 13:12:06|info|[ VIEW ] /www/wwwroot/qingyuan/public/index.html [ array (
) ]
2023-10-12 13:31:13|info|[ VIEW ] /www/wwwroot/qingyuan/public/admin/index.html [ array (
) ]
2023-10-12 13:31:13|info|[ VIEW ] /www/wwwroot/qingyuan/public/admin/index.html [ array (
) ]
2023-10-12 13:39:19|info|[ VIEW ] /www/wwwroot/qingyuan/public/mobile.html [ array (
  0 => 'siteName',
  1 => 'siteUrl',
) ]
2023-10-12 13:39:19|info|[ VIEW ] /www/wwwroot/qingyuan/public/index.html [ array (
) ]
2023-10-12 13:39:21|info|[ VIEW ] /www/wwwroot/qingyuan/public/index.html [ array (
) ]
2023-10-12 13:39:26|info|[ VIEW ] /www/wwwroot/qingyuan/public/admin/index.html [ array (
) ]
2023-10-12 13:39:26|info|[ VIEW ] /www/wwwroot/qingyuan/public/mobile.html [ array (
  0 => 'siteName',
  1 => 'siteUrl',
) ]
2023-10-12 13:39:27|info|[ VIEW ] /www/wwwroot/qingyuan/public/mobile.html [ array (
  0 => 'siteName',
  1 => 'siteUrl',
) ]
2023-10-12 13:41:05|info|[ VIEW ] /www/wwwroot/qingyuan/public/mobile.html [ array (
  0 => 'siteName',
  1 => 'siteUrl',
) ]
2023-10-12 13:41:05|info|[ VIEW ] /www/wwwroot/qingyuan/public/index.html [ array (
) ]
2023-10-12 13:41:06|info|[ VIEW ] /www/wwwroot/qingyuan/public/index.html [ array (
) ]
2023-10-12 13:50:03|info|[ VIEW ] /www/wwwroot/qingyuan/public/index.html [ array (
) ]
2023-10-12 13:50:05|info|[ VIEW ] /www/wwwroot/qingyuan/public/index.html [ array (
) ]
2023-10-12 13:50:30|info|[ VIEW ] /www/wwwroot/qingyuan/public/index.html [ array (
) ]
2023-10-12 13:50:31|info|[ VIEW ] /www/wwwroot/qingyuan/public/index.html [ array (
) ]
2023-10-12 13:50:49|info|[ VIEW ] /www/wwwroot/qingyuan/public/index.html [ array (
) ]
2023-10-12 13:50:50|info|[ VIEW ] /www/wwwroot/qingyuan/public/index.html [ array (
) ]
2023-10-12 13:51:56|info|[ VIEW ] /www/wwwroot/qingyuan/public/index.html [ array (
) ]
2023-10-12 14:22:02|info|[ VIEW ] /www/wwwroot/qingyuan/public/mobile.html [ array (
  0 => 'siteName',
  1 => 'siteUrl',
) ]
2023-10-12 14:22:02|info|[ VIEW ] /www/wwwroot/qingyuan/public/index.html [ array (
) ]
2023-10-12 14:22:04|info|[ VIEW ] /www/wwwroot/qingyuan/public/index.html [ array (
) ]
2023-10-12 14:24:08|info|[ VIEW ] /www/wwwroot/qingyuan/public/mobile.html [ array (
  0 => 'siteName',
  1 => 'siteUrl',
) ]
2023-10-12 14:24:08|info|[ VIEW ] /www/wwwroot/qingyuan/public/index.html [ array (
) ]
2023-10-12 14:24:09|info|[ VIEW ] /www/wwwroot/qingyuan/public/index.html [ array (
) ]
2023-10-12 14:29:37|info|[ VIEW ] /www/wwwroot/qingyuan/public/mobile.html [ array (
  0 => 'siteName',
  1 => 'siteUrl',
) ]
2023-10-12 14:31:26|info|[ VIEW ] /www/wwwroot/qingyuan/public/mobile.html [ array (
  0 => 'siteName',
  1 => 'siteUrl',
) ]
2023-10-12 14:35:54|info|[ VIEW ] /www/wwwroot/qingyuan/public/mobile.html [ array (
  0 => 'siteName',
  1 => 'siteUrl',
) ]
2023-10-12 15:04:28|info|[ VIEW ] /www/wwwroot/qingyuan/public/admin/index.html [ array (
) ]
2023-10-12 15:26:08|info|[ VIEW ] /www/wwwroot/qingyuan/public/mobile.html [ array (
  0 => 'siteName',
  1 => 'siteUrl',
) ]
2023-10-12 15:42:39|info|[ VIEW ] /www/wwwroot/qingyuan/public/mobile.html [ array (
  0 => 'siteName',
  1 => 'siteUrl',
) ]
2023-10-12 15:44:01|info|[ VIEW ] /www/wwwroot/qingyuan/public/mobile.html [ array (
  0 => 'siteName',
  1 => 'siteUrl',
) ]
2023-10-12 15:44:07|info|[ VIEW ] /www/wwwroot/qingyuan/public/mobile.html [ array (
  0 => 'siteName',
  1 => 'siteUrl',
) ]
2023-10-12 15:44:11|info|[ VIEW ] /www/wwwroot/qingyuan/public/mobile.html [ array (
  0 => 'siteName',
  1 => 'siteUrl',
) ]
2023-10-12 15:44:35|info|[ VIEW ] /www/wwwroot/qingyuan/public/mobile.html [ array (
  0 => 'siteName',
  1 => 'siteUrl',
) ]
2023-10-12 15:54:08|info|[ VIEW ] /www/wwwroot/qingyuan/public/index.html [ array (
) ]
2023-10-12 15:54:09|info|[ VIEW ] /www/wwwroot/qingyuan/public/index.html [ array (
) ]
2023-10-12 15:59:59|info|[ VIEW ] /www/wwwroot/qingyuan/public/mobile.html [ array (
  0 => 'siteName',
  1 => 'siteUrl',
) ]
2023-10-12 16:00:00|info|[ VIEW ] /www/wwwroot/qingyuan/public/mobile.html [ array (
  0 => 'siteName',
  1 => 'siteUrl',
) ]
2023-10-12 16:00:02|info|[ VIEW ] /www/wwwroot/qingyuan/public/mobile.html [ array (
  0 => 'siteName',
  1 => 'siteUrl',
) ]
2023-10-12 16:00:02|info|[ VIEW ] /www/wwwroot/qingyuan/public/index.html [ array (
) ]
2023-10-12 16:00:05|info|[ VIEW ] /www/wwwroot/qingyuan/public/mobile.html [ array (
  0 => 'siteName',
  1 => 'siteUrl',
) ]
2023-10-12 16:17:55|info|[ VIEW ] /www/wwwroot/qingyuan/public/admin/index.html [ array (
) ]
2023-10-12 16:17:56|info|[ VIEW ] /www/wwwroot/qingyuan/public/admin/index.html [ array (
) ]
2023-10-12 16:53:53|info|[ VIEW ] /www/wwwroot/qingyuan/public/mobile.html [ array (
  0 => 'siteName',
  1 => 'siteUrl',
) ]
2023-10-12 16:53:54|info|[ VIEW ] /www/wwwroot/qingyuan/public/index.html [ array (
) ]
2023-10-12 16:53:56|info|[ VIEW ] /www/wwwroot/qingyuan/public/index.html [ array (
) ]
2023-10-12 16:54:07|info|[ VIEW ] /www/wwwroot/qingyuan/public/admin/index.html [ array (
) ]
2023-10-12 16:54:07|info|[ VIEW ] /www/wwwroot/qingyuan/public/admin/index.html [ array (
) ]
2023-10-12 16:54:09|info|[ VIEW ] /www/wwwroot/qingyuan/public/mobile.html [ array (
  0 => 'siteName',
  1 => 'siteUrl',
) ]
2023-10-12 16:54:09|info|[ VIEW ] /www/wwwroot/qingyuan/public/mobile.html [ array (
  0 => 'siteName',
  1 => 'siteUrl',
) ]
2023-10-12 17:11:57|info|[ VIEW ] /www/wwwroot/qingyuan/public/index.html [ array (
) ]
2023-10-12 17:11:59|info|[ VIEW ] /www/wwwroot/qingyuan/public/index.html [ array (
) ]
2023-10-12 17:12:36|info|[ VIEW ] /www/wwwroot/qingyuan/public/index.html [ array (
) ]
2023-10-12 17:12:38|info|[ VIEW ] /www/wwwroot/qingyuan/public/index.html [ array (
) ]
2023-10-12 17:13:44|info|[ VIEW ] /www/wwwroot/qingyuan/public/index.html [ array (
) ]
2023-10-12 17:37:58|info|[ VIEW ] /www/wwwroot/qingyuan/public/mobile.html [ array (
  0 => 'siteName',
  1 => 'siteUrl',
) ]
2023-10-12 17:47:25|info|[ VIEW ] /www/wwwroot/qingyuan/public/index.html [ array (
) ]
2023-10-12 17:47:26|info|[ VIEW ] /www/wwwroot/qingyuan/public/index.html [ array (
) ]
2023-10-12 17:47:27|info|[ VIEW ] /www/wwwroot/qingyuan/public/index.html [ array (
) ]
2023-10-12 18:24:45|info|[ VIEW ] /www/wwwroot/qingyuan/public/mobile.html [ array (
  0 => 'siteName',
  1 => 'siteUrl',
) ]
2023-10-12 18:51:05|info|[ VIEW ] /www/wwwroot/qingyuan/public/mobile.html [ array (
  0 => 'siteName',
  1 => 'siteUrl',
) ]
2023-10-12 19:33:57|info|[ VIEW ] /www/wwwroot/qingyuan/public/admin/index.html [ array (
) ]
2023-10-12 19:33:58|info|[ VIEW ] /www/wwwroot/qingyuan/public/mobile.html [ array (
  0 => 'siteName',
  1 => 'siteUrl',
) ]
2023-10-12 19:33:58|info|[ VIEW ] /www/wwwroot/qingyuan/public/mobile.html [ array (
  0 => 'siteName',
  1 => 'siteUrl',
) ]
2023-10-12 19:35:36|info|[ VIEW ] /www/wwwroot/qingyuan/public/index.html [ array (
) ]
2023-10-12 19:36:09|info|[ VIEW ] /www/wwwroot/qingyuan/public/admin/index.html [ array (
) ]
2023-10-12 19:36:10|info|[ VIEW ] /www/wwwroot/qingyuan/public/mobile.html [ array (
  0 => 'siteName',
  1 => 'siteUrl',
) ]
2023-10-12 19:36:10|info|[ VIEW ] /www/wwwroot/qingyuan/public/mobile.html [ array (
  0 => 'siteName',
  1 => 'siteUrl',
) ]
2023-10-12 19:44:05|info|[ VIEW ] /www/wwwroot/qingyuan/public/mobile.html [ array (
  0 => 'siteName',
  1 => 'siteUrl',
) ]
2023-10-12 19:44:06|info|[ VIEW ] /www/wwwroot/qingyuan/public/mobile.html [ array (
  0 => 'siteName',
  1 => 'siteUrl',
) ]
2023-10-12 19:44:06|info|[ VIEW ] /www/wwwroot/qingyuan/public/index.html [ array (
) ]
2023-10-12 19:44:08|info|[ VIEW ] /www/wwwroot/qingyuan/public/index.html [ array (
) ]
2023-10-12 19:44:44|info|[ VIEW ] /www/wwwroot/qingyuan/public/admin/index.html [ array (
) ]
2023-10-12 19:44:45|info|[ VIEW ] /www/wwwroot/qingyuan/public/mobile.html [ array (
  0 => 'siteName',
  1 => 'siteUrl',
) ]
2023-10-12 19:44:45|info|[ VIEW ] /www/wwwroot/qingyuan/public/mobile.html [ array (
  0 => 'siteName',
  1 => 'siteUrl',
) ]
2023-10-12 20:28:22|info|[ VIEW ] /www/wwwroot/qingyuan/public/mobile.html [ array (
  0 => 'siteName',
  1 => 'siteUrl',
) ]
2023-10-12 20:48:16|info|[ VIEW ] /www/wwwroot/qingyuan/public/index.html [ array (
) ]
2023-10-12 21:15:17|info|[ VIEW ] /www/wwwroot/qingyuan/public/index.html [ array (
) ]
2023-10-12 21:15:18|info|[ VIEW ] /www/wwwroot/qingyuan/public/index.html [ array (
) ]
2023-10-12 21:17:36|info|[ VIEW ] /www/wwwroot/qingyuan/public/mobile.html [ array (
  0 => 'siteName',
  1 => 'siteUrl',
) ]
2023-10-12 21:18:14|info|[ VIEW ] /www/wwwroot/qingyuan/public/index.html [ array (
) ]
2023-10-12 21:18:15|info|[ VIEW ] /www/wwwroot/qingyuan/public/index.html [ array (
) ]
2023-10-12 22:02:30|info|[ VIEW ] /www/wwwroot/qingyuan/public/index.html [ array (
) ]
2023-10-12 22:05:55|info|[ VIEW ] /www/wwwroot/qingyuan/public/mobile.html [ array (
  0 => 'siteName',
  1 => 'siteUrl',
) ]
2023-10-12 22:05:57|info|[ VIEW ] /www/wwwroot/qingyuan/public/mobile.html [ array (
  0 => 'siteName',
  1 => 'siteUrl',
) ]
2023-10-12 22:41:50|info|[ VIEW ] /www/wwwroot/qingyuan/public/mobile.html [ array (
  0 => 'siteName',
  1 => 'siteUrl',
) ]
2023-10-12 23:07:22|info|[ VIEW ] /www/wwwroot/qingyuan/public/mobile.html [ array (
  0 => 'siteName',
  1 => 'siteUrl',
) ]
2023-10-12 23:21:36|info|[ VIEW ] /www/wwwroot/qingyuan/public/mobile.html [ array (
  0 => 'siteName',
  1 => 'siteUrl',
) ]
2023-10-12 23:21:51|info|[ VIEW ] /www/wwwroot/qingyuan/public/mobile.html [ array (
  0 => 'siteName',
  1 => 'siteUrl',
) ]
2023-10-12 23:22:01|info|[ VIEW ] /www/wwwroot/qingyuan/public/mobile.html [ array (
  0 => 'siteName',
  1 => 'siteUrl',
) ]
