2023-10-10 00:08:25|info|[ VIEW ] /www/wwwroot/qingyuan/public/mobile.html [ array (
  0 => 'siteName',
  1 => 'siteUrl',
) ]
2023-10-10 00:10:17|info|[ VIEW ] /www/wwwroot/qingyuan/public/mobile.html [ array (
  0 => 'siteName',
  1 => 'siteUrl',
) ]
2023-10-10 00:11:56|info|[ VIEW ] /www/wwwroot/qingyuan/public/mobile.html [ array (
  0 => 'siteName',
  1 => 'siteUrl',
) ]
2023-10-10 00:16:31|info|[ VIEW ] /www/wwwroot/qingyuan/public/mobile.html [ array (
  0 => 'siteName',
  1 => 'siteUrl',
) ]
2023-10-10 00:37:50|info|[ VIEW ] /www/wwwroot/qingyuan/public/mobile.html [ array (
  0 => 'siteName',
  1 => 'siteUrl',
) ]
2023-10-10 00:40:24|info|[ VIEW ] /www/wwwroot/qingyuan/public/mobile.html [ array (
  0 => 'siteName',
  1 => 'siteUrl',
) ]
2023-10-10 01:23:09|info|[ VIEW ] /www/wwwroot/qingyuan/public/mobile.html [ array (
  0 => 'siteName',
  1 => 'siteUrl',
) ]
2023-10-10 01:29:05|info|[ VIEW ] /www/wwwroot/qingyuan/public/mobile.html [ array (
  0 => 'siteName',
  1 => 'siteUrl',
) ]
2023-10-10 01:35:06|info|[ VIEW ] /www/wwwroot/qingyuan/public/mobile.html [ array (
  0 => 'siteName',
  1 => 'siteUrl',
) ]
2023-10-10 01:38:56|info|[ VIEW ] /www/wwwroot/qingyuan/public/mobile.html [ array (
  0 => 'siteName',
  1 => 'siteUrl',
) ]
2023-10-10 01:48:29|info|[ VIEW ] /www/wwwroot/qingyuan/public/mobile.html [ array (
  0 => 'siteName',
  1 => 'siteUrl',
) ]
2023-10-10 02:02:07|info|[ VIEW ] /www/wwwroot/qingyuan/public/mobile.html [ array (
  0 => 'siteName',
  1 => 'siteUrl',
) ]
2023-10-10 02:06:10|info|[ VIEW ] /www/wwwroot/qingyuan/public/mobile.html [ array (
  0 => 'siteName',
  1 => 'siteUrl',
) ]
2023-10-10 02:08:14|info|[ VIEW ] /www/wwwroot/qingyuan/public/mobile.html [ array (
  0 => 'siteName',
  1 => 'siteUrl',
) ]
2023-10-10 02:19:41|info|[ VIEW ] /www/wwwroot/qingyuan/public/index.html [ array (
) ]
2023-10-10 02:19:41|info|[ VIEW ] /www/wwwroot/qingyuan/public/index.html [ array (
) ]
2023-10-10 02:32:39|info|[ VIEW ] /www/wwwroot/qingyuan/public/mobile.html [ array (
  0 => 'siteName',
  1 => 'siteUrl',
) ]
2023-10-10 02:34:49|info|[ VIEW ] /www/wwwroot/qingyuan/public/index.html [ array (
) ]
2023-10-10 03:07:13|info|[ VIEW ] /www/wwwroot/qingyuan/public/mobile.html [ array (
  0 => 'siteName',
  1 => 'siteUrl',
) ]
2023-10-10 03:08:56|info|[ VIEW ] /www/wwwroot/qingyuan/public/index.html [ array (
) ]
2023-10-10 03:17:14|info|[ VIEW ] /www/wwwroot/qingyuan/public/index.html [ array (
) ]
2023-10-10 03:17:14|info|[ VIEW ] /www/wwwroot/qingyuan/public/index.html [ array (
) ]
2023-10-10 03:24:38|info|[ VIEW ] /www/wwwroot/qingyuan/public/mobile.html [ array (
  0 => 'siteName',
  1 => 'siteUrl',
) ]
2023-10-10 03:44:23|info|[ VIEW ] /www/wwwroot/qingyuan/public/index.html [ array (
) ]
2023-10-10 03:44:23|info|[ VIEW ] /www/wwwroot/qingyuan/public/index.html [ array (
) ]
2023-10-10 03:44:25|info|[ VIEW ] /www/wwwroot/qingyuan/public/index.html [ array (
) ]
2023-10-10 03:59:33|info|[ VIEW ] /www/wwwroot/qingyuan/public/index.html [ array (
) ]
2023-10-10 03:59:34|info|[ VIEW ] /www/wwwroot/qingyuan/public/index.html [ array (
) ]
2023-10-10 03:59:36|info|[ VIEW ] /www/wwwroot/qingyuan/public/mobile.html [ array (
  0 => 'siteName',
  1 => 'siteUrl',
) ]
2023-10-10 04:13:58|info|[ VIEW ] /www/wwwroot/qingyuan/public/index.html [ array (
) ]
2023-10-10 04:13:59|info|[ VIEW ] /www/wwwroot/qingyuan/public/index.html [ array (
) ]
2023-10-10 04:19:24|info|[ VIEW ] /www/wwwroot/qingyuan/public/mobile.html [ array (
  0 => 'siteName',
  1 => 'siteUrl',
) ]
2023-10-10 04:20:34|info|[ VIEW ] /www/wwwroot/qingyuan/public/mobile.html [ array (
  0 => 'siteName',
  1 => 'siteUrl',
) ]
2023-10-10 04:25:08|info|[ VIEW ] /www/wwwroot/qingyuan/public/mobile.html [ array (
  0 => 'siteName',
  1 => 'siteUrl',
) ]
2023-10-10 04:35:34|info|[ VIEW ] /www/wwwroot/qingyuan/public/mobile.html [ array (
  0 => 'siteName',
  1 => 'siteUrl',
) ]
2023-10-10 04:38:55|info|[ VIEW ] /www/wwwroot/qingyuan/public/mobile.html [ array (
  0 => 'siteName',
  1 => 'siteUrl',
) ]
2023-10-10 04:54:30|info|[ VIEW ] /www/wwwroot/qingyuan/public/admin/index.html [ array (
) ]
2023-10-10 04:54:31|info|[ VIEW ] /www/wwwroot/qingyuan/public/admin/index.html [ array (
) ]
2023-10-10 05:16:27|info|[ VIEW ] /www/wwwroot/qingyuan/public/mobile.html [ array (
  0 => 'siteName',
  1 => 'siteUrl',
) ]
2023-10-10 05:16:28|info|[ VIEW ] /www/wwwroot/qingyuan/public/mobile.html [ array (
  0 => 'siteName',
  1 => 'siteUrl',
) ]
2023-10-10 05:39:57|info|[ VIEW ] /www/wwwroot/qingyuan/public/mobile.html [ array (
  0 => 'siteName',
  1 => 'siteUrl',
) ]
2023-10-10 06:01:00|info|[ VIEW ] /www/wwwroot/qingyuan/public/mobile.html [ array (
  0 => 'siteName',
  1 => 'siteUrl',
) ]
2023-10-10 06:32:46|info|[ VIEW ] /www/wwwroot/qingyuan/public/index.html [ array (
) ]
2023-10-10 06:32:47|info|[ VIEW ] /www/wwwroot/qingyuan/public/index.html [ array (
) ]
2023-10-10 06:45:20|info|[ VIEW ] /www/wwwroot/qingyuan/public/mobile.html [ array (
  0 => 'siteName',
  1 => 'siteUrl',
) ]
2023-10-10 06:47:47|info|[ VIEW ] /www/wwwroot/qingyuan/public/mobile.html [ array (
  0 => 'siteName',
  1 => 'siteUrl',
) ]
2023-10-10 06:47:54|info|[ VIEW ] /www/wwwroot/qingyuan/public/mobile.html [ array (
  0 => 'siteName',
  1 => 'siteUrl',
) ]
2023-10-10 06:47:54|info|[ VIEW ] /www/wwwroot/qingyuan/public/index.html [ array (
) ]
2023-10-10 06:54:11|info|[ VIEW ] /www/wwwroot/qingyuan/public/mobile.html [ array (
  0 => 'siteName',
  1 => 'siteUrl',
) ]
2023-10-10 07:39:21|info|[ VIEW ] /www/wwwroot/qingyuan/public/index.html [ array (
) ]
2023-10-10 07:47:46|info|[ VIEW ] /www/wwwroot/qingyuan/public/mobile.html [ array (
  0 => 'siteName',
  1 => 'siteUrl',
) ]
2023-10-10 07:48:32|info|[ VIEW ] /www/wwwroot/qingyuan/public/index.html [ array (
) ]
2023-10-10 07:48:34|info|[ VIEW ] /www/wwwroot/qingyuan/public/index.html [ array (
) ]
2023-10-10 07:49:53|info|[ VIEW ] /www/wwwroot/qingyuan/public/index.html [ array (
) ]
2023-10-10 07:49:54|info|[ VIEW ] /www/wwwroot/qingyuan/public/index.html [ array (
) ]
2023-10-10 07:54:48|info|[ VIEW ] /www/wwwroot/qingyuan/public/mobile.html [ array (
  0 => 'siteName',
  1 => 'siteUrl',
) ]
2023-10-10 07:55:08|info|[ VIEW ] /www/wwwroot/qingyuan/public/index.html [ array (
) ]
2023-10-10 07:59:59|info|[ VIEW ] /www/wwwroot/qingyuan/public/index.html [ array (
) ]
2023-10-10 07:59:59|info|[ VIEW ] /www/wwwroot/qingyuan/public/index.html [ array (
) ]
2023-10-10 08:00:01|info|[ VIEW ] /www/wwwroot/qingyuan/public/index.html [ array (
) ]
2023-10-10 08:15:08|info|[ VIEW ] /www/wwwroot/qingyuan/public/index.html [ array (
) ]
2023-10-10 08:15:12|info|[ VIEW ] /www/wwwroot/qingyuan/public/index.html [ array (
) ]
2023-10-10 09:00:15|info|[ VIEW ] /www/wwwroot/qingyuan/public/mobile.html [ array (
  0 => 'siteName',
  1 => 'siteUrl',
) ]
2023-10-10 09:00:16|info|[ VIEW ] /www/wwwroot/qingyuan/public/mobile.html [ array (
  0 => 'siteName',
  1 => 'siteUrl',
) ]
2023-10-10 09:39:06|info|[ VIEW ] /www/wwwroot/qingyuan/public/index.html [ array (
) ]
2023-10-10 09:54:56|info|[ VIEW ] /www/wwwroot/qingyuan/public/index.html [ array (
) ]
2023-10-10 10:05:48|info|[ VIEW ] /www/wwwroot/qingyuan/public/mobile.html [ array (
  0 => 'siteName',
  1 => 'siteUrl',
) ]
2023-10-10 10:30:36|info|[ VIEW ] /www/wwwroot/qingyuan/public/index.html [ array (
) ]
2023-10-10 10:30:37|info|[ VIEW ] /www/wwwroot/qingyuan/public/index.html [ array (
) ]
2023-10-10 10:35:02|info|[ VIEW ] /www/wwwroot/qingyuan/public/index.html [ array (
) ]
2023-10-10 10:35:03|info|[ VIEW ] /www/wwwroot/qingyuan/public/index.html [ array (
) ]
2023-10-10 10:45:42|info|[ VIEW ] /www/wwwroot/qingyuan/public/index.html [ array (
) ]
2023-10-10 10:50:10|info|[ VIEW ] /www/wwwroot/qingyuan/public/index.html [ array (
) ]
2023-10-10 11:27:15|info|[ VIEW ] /www/wwwroot/qingyuan/public/mobile.html [ array (
  0 => 'siteName',
  1 => 'siteUrl',
) ]
2023-10-10 12:00:41|info|[ VIEW ] /www/wwwroot/qingyuan/public/index.html [ array (
) ]
2023-10-10 12:00:41|info|[ VIEW ] /www/wwwroot/qingyuan/public/index.html [ array (
) ]
2023-10-10 12:00:42|info|[ VIEW ] /www/wwwroot/qingyuan/public/index.html [ array (
) ]
2023-10-10 12:15:49|info|[ VIEW ] /www/wwwroot/qingyuan/public/index.html [ array (
) ]
2023-10-10 12:15:50|info|[ VIEW ] /www/wwwroot/qingyuan/public/index.html [ array (
) ]
2023-10-10 12:18:09|info|[ VIEW ] /www/wwwroot/qingyuan/public/index.html [ array (
) ]
2023-10-10 12:18:11|info|[ VIEW ] /www/wwwroot/qingyuan/public/index.html [ array (
) ]
2023-10-10 12:19:32|info|[ VIEW ] /www/wwwroot/qingyuan/public/index.html [ array (
) ]
2023-10-10 12:19:34|info|[ VIEW ] /www/wwwroot/qingyuan/public/index.html [ array (
) ]
2023-10-10 12:19:47|info|[ VIEW ] /www/wwwroot/qingyuan/public/index.html [ array (
) ]
2023-10-10 12:19:49|info|[ VIEW ] /www/wwwroot/qingyuan/public/index.html [ array (
) ]
2023-10-10 12:42:52|info|[ VIEW ] /www/wwwroot/qingyuan/public/mobile.html [ array (
  0 => 'siteName',
  1 => 'siteUrl',
) ]
2023-10-10 12:45:10|info|[ VIEW ] /www/wwwroot/qingyuan/public/index.html [ array (
) ]
2023-10-10 12:45:12|info|[ VIEW ] /www/wwwroot/qingyuan/public/index.html [ array (
) ]
2023-10-10 12:48:24|info|[ VIEW ] /www/wwwroot/qingyuan/public/mobile.html [ array (
  0 => 'siteName',
  1 => 'siteUrl',
) ]
2023-10-10 13:03:43|info|[ VIEW ] /www/wwwroot/qingyuan/public/index.html [ array (
) ]
2023-10-10 13:05:10|info|[ VIEW ] /www/wwwroot/qingyuan/public/mobile.html [ array (
  0 => 'siteName',
  1 => 'siteUrl',
) ]
2023-10-10 13:07:48|info|[ VIEW ] /www/wwwroot/qingyuan/public/mobile.html [ array (
  0 => 'siteName',
  1 => 'siteUrl',
) ]
2023-10-10 13:08:03|info|[ VIEW ] /www/wwwroot/qingyuan/public/mobile.html [ array (
  0 => 'siteName',
  1 => 'siteUrl',
) ]
2023-10-10 13:11:33|info|[ VIEW ] /www/wwwroot/qingyuan/public/mobile.html [ array (
  0 => 'siteName',
  1 => 'siteUrl',
) ]
2023-10-10 13:13:17|info|[ VIEW ] /www/wwwroot/qingyuan/public/mobile.html [ array (
  0 => 'siteName',
  1 => 'siteUrl',
) ]
2023-10-10 13:41:05|info|[ VIEW ] /www/wwwroot/qingyuan/public/index.html [ array (
) ]
2023-10-10 13:41:06|info|[ VIEW ] /www/wwwroot/qingyuan/public/index.html [ array (
) ]
2023-10-10 13:45:54|info|[ VIEW ] /www/wwwroot/qingyuan/public/index.html [ array (
) ]
2023-10-10 13:45:55|info|[ VIEW ] /www/wwwroot/qingyuan/public/index.html [ array (
) ]
2023-10-10 13:45:59|info|[ VIEW ] /www/wwwroot/qingyuan/public/admin/index.html [ array (
) ]
2023-10-10 13:46:00|info|[ VIEW ] /www/wwwroot/qingyuan/public/mobile.html [ array (
  0 => 'siteName',
  1 => 'siteUrl',
) ]
2023-10-10 13:46:00|info|[ VIEW ] /www/wwwroot/qingyuan/public/mobile.html [ array (
  0 => 'siteName',
  1 => 'siteUrl',
) ]
2023-10-10 13:46:00|info|[ VIEW ] /www/wwwroot/qingyuan/public/admin/index.html [ array (
) ]
2023-10-10 13:46:34|info|[ VIEW ] /www/wwwroot/qingyuan/public/admin/index.html [ array (
) ]
2023-10-10 13:46:34|info|[ VIEW ] /www/wwwroot/qingyuan/public/mobile.html [ array (
  0 => 'siteName',
  1 => 'siteUrl',
) ]
2023-10-10 13:46:34|info|[ VIEW ] /www/wwwroot/qingyuan/public/admin/index.html [ array (
) ]
2023-10-10 13:46:34|info|[ VIEW ] /www/wwwroot/qingyuan/public/mobile.html [ array (
  0 => 'siteName',
  1 => 'siteUrl',
) ]
2023-10-10 13:47:10|info|[ VIEW ] /www/wwwroot/qingyuan/public/index.html [ array (
) ]
2023-10-10 13:47:11|info|[ VIEW ] /www/wwwroot/qingyuan/public/index.html [ array (
) ]
2023-10-10 13:47:18|info|[ VIEW ] /www/wwwroot/qingyuan/public/admin/index.html [ array (
) ]
2023-10-10 13:47:19|info|[ VIEW ] /www/wwwroot/qingyuan/public/mobile.html [ array (
  0 => 'siteName',
  1 => 'siteUrl',
) ]
2023-10-10 13:47:19|info|[ VIEW ] /www/wwwroot/qingyuan/public/mobile.html [ array (
  0 => 'siteName',
  1 => 'siteUrl',
) ]
2023-10-10 13:47:21|info|[ VIEW ] /www/wwwroot/qingyuan/public/index.html [ array (
) ]
2023-10-10 13:47:22|info|[ VIEW ] /www/wwwroot/qingyuan/public/index.html [ array (
) ]
2023-10-10 13:47:25|info|[ VIEW ] /www/wwwroot/qingyuan/public/admin/index.html [ array (
) ]
2023-10-10 13:47:25|info|[ VIEW ] /www/wwwroot/qingyuan/public/mobile.html [ array (
  0 => 'siteName',
  1 => 'siteUrl',
) ]
2023-10-10 13:47:25|info|[ VIEW ] /www/wwwroot/qingyuan/public/admin/index.html [ array (
) ]
2023-10-10 13:47:25|info|[ VIEW ] /www/wwwroot/qingyuan/public/mobile.html [ array (
  0 => 'siteName',
  1 => 'siteUrl',
) ]
2023-10-10 13:47:44|info|[ VIEW ] /www/wwwroot/qingyuan/public/index.html [ array (
) ]
2023-10-10 13:47:45|info|[ VIEW ] /www/wwwroot/qingyuan/public/index.html [ array (
) ]
2023-10-10 13:47:55|info|[ VIEW ] /www/wwwroot/qingyuan/public/index.html [ array (
) ]
2023-10-10 13:47:56|info|[ VIEW ] /www/wwwroot/qingyuan/public/index.html [ array (
) ]
2023-10-10 13:48:00|info|[ VIEW ] /www/wwwroot/qingyuan/public/admin/index.html [ array (
) ]
2023-10-10 13:48:01|info|[ VIEW ] /www/wwwroot/qingyuan/public/mobile.html [ array (
  0 => 'siteName',
  1 => 'siteUrl',
) ]
2023-10-10 13:48:01|info|[ VIEW ] /www/wwwroot/qingyuan/public/admin/index.html [ array (
) ]
2023-10-10 13:48:01|info|[ VIEW ] /www/wwwroot/qingyuan/public/mobile.html [ array (
  0 => 'siteName',
  1 => 'siteUrl',
) ]
2023-10-10 13:48:20|info|[ VIEW ] /www/wwwroot/qingyuan/public/admin/index.html [ array (
) ]
2023-10-10 13:48:21|info|[ VIEW ] /www/wwwroot/qingyuan/public/mobile.html [ array (
  0 => 'siteName',
  1 => 'siteUrl',
) ]
2023-10-10 13:48:21|info|[ VIEW ] /www/wwwroot/qingyuan/public/index.html [ array (
) ]
2023-10-10 13:48:21|info|[ VIEW ] /www/wwwroot/qingyuan/public/mobile.html [ array (
  0 => 'siteName',
  1 => 'siteUrl',
) ]
2023-10-10 13:48:22|info|[ VIEW ] /www/wwwroot/qingyuan/public/index.html [ array (
) ]
2023-10-10 13:48:28|info|[ VIEW ] /www/wwwroot/qingyuan/public/admin/index.html [ array (
) ]
2023-10-10 13:48:28|info|[ VIEW ] /www/wwwroot/qingyuan/public/mobile.html [ array (
  0 => 'siteName',
  1 => 'siteUrl',
) ]
2023-10-10 13:48:29|info|[ VIEW ] /www/wwwroot/qingyuan/public/admin/index.html [ array (
) ]
2023-10-10 13:48:29|info|[ VIEW ] /www/wwwroot/qingyuan/public/mobile.html [ array (
  0 => 'siteName',
  1 => 'siteUrl',
) ]
2023-10-10 13:49:45|info|[ VIEW ] /www/wwwroot/qingyuan/public/index.html [ array (
) ]
2023-10-10 13:49:46|info|[ VIEW ] /www/wwwroot/qingyuan/public/index.html [ array (
) ]
2023-10-10 13:51:38|info|[ VIEW ] /www/wwwroot/qingyuan/public/index.html [ array (
) ]
2023-10-10 13:51:39|info|[ VIEW ] /www/wwwroot/qingyuan/public/index.html [ array (
) ]
2023-10-10 13:51:45|info|[ VIEW ] /www/wwwroot/qingyuan/public/index.html [ array (
) ]
2023-10-10 13:51:45|info|[ VIEW ] /www/wwwroot/qingyuan/public/index.html [ array (
) ]
2023-10-10 13:52:30|info|[ VIEW ] /www/wwwroot/qingyuan/public/index.html [ array (
) ]
2023-10-10 13:53:08|info|[ VIEW ] /www/wwwroot/qingyuan/public/admin/index.html [ array (
) ]
2023-10-10 13:53:11|info|[ VIEW ] /www/wwwroot/qingyuan/public/mobile.html [ array (
  0 => 'siteName',
  1 => 'siteUrl',
) ]
2023-10-10 13:53:12|info|[ VIEW ] /www/wwwroot/qingyuan/public/mobile.html [ array (
  0 => 'siteName',
  1 => 'siteUrl',
) ]
2023-10-10 13:53:38|info|[ VIEW ] /www/wwwroot/qingyuan/public/index.html [ array (
) ]
2023-10-10 13:56:58|info|[ VIEW ] /www/wwwroot/qingyuan/public/mobile.html [ array (
  0 => 'siteName',
  1 => 'siteUrl',
) ]
2023-10-10 13:57:47|info|[ VIEW ] /www/wwwroot/qingyuan/public/index.html [ array (
) ]
2023-10-10 13:57:54|info|[ VIEW ] /www/wwwroot/qingyuan/public/mobile.html [ array (
  0 => 'siteName',
  1 => 'siteUrl',
) ]
2023-10-10 13:58:06|info|[ VIEW ] /www/wwwroot/qingyuan/public/mobile.html [ array (
  0 => 'siteName',
  1 => 'siteUrl',
) ]
2023-10-10 13:58:08|info|[ VIEW ] /www/wwwroot/qingyuan/public/index.html [ array (
) ]
2023-10-10 13:58:43|info|[ VIEW ] /www/wwwroot/qingyuan/public/index.html [ array (
) ]
2023-10-10 13:58:48|info|[ VIEW ] /www/wwwroot/qingyuan/public/index.html [ array (
) ]
2023-10-10 13:58:58|info|[ VIEW ] /www/wwwroot/qingyuan/public/mobile.html [ array (
  0 => 'siteName',
  1 => 'siteUrl',
) ]
2023-10-10 13:59:24|info|[ VIEW ] /www/wwwroot/qingyuan/public/mobile.html [ array (
  0 => 'siteName',
  1 => 'siteUrl',
) ]
2023-10-10 14:00:01|info|[ VIEW ] /www/wwwroot/qingyuan/public/index.html [ array (
) ]
2023-10-10 14:00:04|info|[ VIEW ] /www/wwwroot/qingyuan/public/index.html [ array (
) ]
2023-10-10 14:01:20|info|[ VIEW ] /www/wwwroot/qingyuan/public/index.html [ array (
) ]
2023-10-10 14:01:24|info|[ VIEW ] /www/wwwroot/qingyuan/public/index.html [ array (
) ]
2023-10-10 14:01:28|info|[ VIEW ] /www/wwwroot/qingyuan/public/index.html [ array (
) ]
2023-10-10 14:01:51|info|[ VIEW ] /www/wwwroot/qingyuan/public/index.html [ array (
) ]
2023-10-10 14:01:55|info|[ VIEW ] /www/wwwroot/qingyuan/public/index.html [ array (
) ]
2023-10-10 14:01:57|info|[ VIEW ] /www/wwwroot/qingyuan/public/index.html [ array (
) ]
2023-10-10 14:02:16|info|[ VIEW ] /www/wwwroot/qingyuan/public/index.html [ array (
) ]
2023-10-10 14:02:20|info|[ VIEW ] /www/wwwroot/qingyuan/public/index.html [ array (
) ]
2023-10-10 14:02:38|info|[ VIEW ] /www/wwwroot/qingyuan/public/index.html [ array (
) ]
2023-10-10 14:02:39|info|[ VIEW ] /www/wwwroot/qingyuan/public/index.html [ array (
) ]
2023-10-10 14:02:40|info|[ VIEW ] /www/wwwroot/qingyuan/public/index.html [ array (
) ]
2023-10-10 14:02:46|info|[ VIEW ] /www/wwwroot/qingyuan/public/admin/index.html [ array (
) ]
2023-10-10 14:02:47|info|[ VIEW ] /www/wwwroot/qingyuan/public/mobile.html [ array (
  0 => 'siteName',
  1 => 'siteUrl',
) ]
2023-10-10 14:02:47|info|[ VIEW ] /www/wwwroot/qingyuan/public/admin/index.html [ array (
) ]
2023-10-10 14:02:47|info|[ VIEW ] /www/wwwroot/qingyuan/public/mobile.html [ array (
  0 => 'siteName',
  1 => 'siteUrl',
) ]
2023-10-10 14:02:56|info|[ VIEW ] /www/wwwroot/qingyuan/public/index.html [ array (
) ]
2023-10-10 14:02:59|info|[ VIEW ] /www/wwwroot/qingyuan/public/index.html [ array (
) ]
2023-10-10 14:03:11|info|[ VIEW ] /www/wwwroot/qingyuan/public/index.html [ array (
) ]
2023-10-10 14:03:14|info|[ VIEW ] /www/wwwroot/qingyuan/public/index.html [ array (
) ]
2023-10-10 14:03:26|info|[ VIEW ] /www/wwwroot/qingyuan/public/index.html [ array (
) ]
2023-10-10 14:03:30|info|[ VIEW ] /www/wwwroot/qingyuan/public/index.html [ array (
) ]
2023-10-10 14:03:33|info|[ VIEW ] /www/wwwroot/qingyuan/public/index.html [ array (
) ]
2023-10-10 14:03:35|info|[ VIEW ] /www/wwwroot/qingyuan/public/index.html [ array (
) ]
2023-10-10 14:03:38|info|[ VIEW ] /www/wwwroot/qingyuan/public/index.html [ array (
) ]
2023-10-10 14:03:53|info|[ VIEW ] /www/wwwroot/qingyuan/public/index.html [ array (
) ]
2023-10-10 14:03:57|info|[ VIEW ] /www/wwwroot/qingyuan/public/index.html [ array (
) ]
2023-10-10 14:05:18|info|[ VIEW ] /www/wwwroot/qingyuan/public/index.html [ array (
) ]
2023-10-10 14:05:26|info|[ VIEW ] /www/wwwroot/qingyuan/public/index.html [ array (
) ]
2023-10-10 14:05:48|info|[ VIEW ] /www/wwwroot/qingyuan/public/index.html [ array (
) ]
2023-10-10 14:05:55|info|[ VIEW ] /www/wwwroot/qingyuan/public/index.html [ array (
) ]
2023-10-10 14:06:07|info|[ VIEW ] /www/wwwroot/qingyuan/public/index.html [ array (
) ]
2023-10-10 14:06:08|info|[ VIEW ] /www/wwwroot/qingyuan/public/index.html [ array (
) ]
2023-10-10 14:06:14|info|[ VIEW ] /www/wwwroot/qingyuan/public/index.html [ array (
) ]
2023-10-10 14:06:23|info|[ VIEW ] /www/wwwroot/qingyuan/public/index.html [ array (
) ]
2023-10-10 14:06:25|info|[ VIEW ] /www/wwwroot/qingyuan/public/index.html [ array (
) ]
2023-10-10 14:06:56|info|[ VIEW ] /www/wwwroot/qingyuan/public/index.html [ array (
) ]
2023-10-10 14:06:57|info|[ VIEW ] /www/wwwroot/qingyuan/public/index.html [ array (
) ]
2023-10-10 14:07:05|info|[ VIEW ] /www/wwwroot/qingyuan/public/index.html [ array (
) ]
2023-10-10 14:07:08|info|[ VIEW ] /www/wwwroot/qingyuan/public/index.html [ array (
) ]
2023-10-10 14:07:24|info|[ VIEW ] /www/wwwroot/qingyuan/public/index.html [ array (
) ]
2023-10-10 14:07:25|info|[ VIEW ] /www/wwwroot/qingyuan/public/index.html [ array (
) ]
2023-10-10 14:07:33|info|[ VIEW ] /www/wwwroot/qingyuan/public/index.html [ array (
) ]
2023-10-10 14:07:35|info|[ VIEW ] /www/wwwroot/qingyuan/public/index.html [ array (
) ]
2023-10-10 14:07:37|info|[ VIEW ] /www/wwwroot/qingyuan/public/index.html [ array (
) ]
2023-10-10 14:07:38|info|[ VIEW ] /www/wwwroot/qingyuan/public/index.html [ array (
) ]
2023-10-10 14:08:03|info|[ VIEW ] /www/wwwroot/qingyuan/public/index.html [ array (
) ]
2023-10-10 14:08:05|info|[ VIEW ] /www/wwwroot/qingyuan/public/index.html [ array (
) ]
2023-10-10 14:08:17|info|[ VIEW ] /www/wwwroot/qingyuan/public/index.html [ array (
) ]
2023-10-10 14:08:18|info|[ VIEW ] /www/wwwroot/qingyuan/public/index.html [ array (
) ]
2023-10-10 14:08:22|info|[ VIEW ] /www/wwwroot/qingyuan/public/admin/index.html [ array (
) ]
2023-10-10 14:08:23|info|[ VIEW ] /www/wwwroot/qingyuan/public/mobile.html [ array (
  0 => 'siteName',
  1 => 'siteUrl',
) ]
2023-10-10 14:08:23|info|[ VIEW ] /www/wwwroot/qingyuan/public/admin/index.html [ array (
) ]
2023-10-10 14:08:23|info|[ VIEW ] /www/wwwroot/qingyuan/public/mobile.html [ array (
  0 => 'siteName',
  1 => 'siteUrl',
) ]
2023-10-10 14:10:43|info|[ VIEW ] /www/wwwroot/qingyuan/public/admin/index.html [ array (
) ]
2023-10-10 14:10:44|info|[ VIEW ] /www/wwwroot/qingyuan/public/mobile.html [ array (
  0 => 'siteName',
  1 => 'siteUrl',
) ]
2023-10-10 14:10:44|info|[ VIEW ] /www/wwwroot/qingyuan/public/admin/index.html [ array (
) ]
2023-10-10 14:10:44|info|[ VIEW ] /www/wwwroot/qingyuan/public/mobile.html [ array (
  0 => 'siteName',
  1 => 'siteUrl',
) ]
2023-10-10 14:11:07|info|[ VIEW ] /www/wwwroot/qingyuan/public/index.html [ array (
) ]
2023-10-10 14:11:08|info|[ VIEW ] /www/wwwroot/qingyuan/public/index.html [ array (
) ]
2023-10-10 14:11:54|info|[ VIEW ] /www/wwwroot/qingyuan/public/index.html [ array (
) ]
2023-10-10 14:11:55|info|[ VIEW ] /www/wwwroot/qingyuan/public/index.html [ array (
) ]
2023-10-10 14:17:51|info|[ VIEW ] /www/wwwroot/qingyuan/public/mobile.html [ array (
  0 => 'siteName',
  1 => 'siteUrl',
) ]
2023-10-10 14:19:44|info|[ VIEW ] /www/wwwroot/qingyuan/public/index.html [ array (
) ]
2023-10-10 14:19:46|info|[ VIEW ] /www/wwwroot/qingyuan/public/index.html [ array (
) ]
2023-10-10 14:19:53|info|[ VIEW ] /www/wwwroot/qingyuan/public/index.html [ array (
) ]
2023-10-10 14:19:54|info|[ VIEW ] /www/wwwroot/qingyuan/public/index.html [ array (
) ]
2023-10-10 14:20:11|info|[ VIEW ] /www/wwwroot/qingyuan/public/index.html [ array (
) ]
2023-10-10 14:22:54|info|[ VIEW ] /www/wwwroot/qingyuan/public/index.html [ array (
) ]
2023-10-10 14:24:06|info|[ VIEW ] /www/wwwroot/qingyuan/public/index.html [ array (
) ]
2023-10-10 14:24:06|info|[ VIEW ] /www/wwwroot/qingyuan/public/index.html [ array (
) ]
2023-10-10 14:24:07|info|[ VIEW ] /www/wwwroot/qingyuan/public/index.html [ array (
) ]
2023-10-10 14:24:10|info|[ VIEW ] /www/wwwroot/qingyuan/public/index.html [ array (
) ]
2023-10-10 14:24:11|info|[ VIEW ] /www/wwwroot/qingyuan/public/index.html [ array (
) ]
2023-10-10 14:24:14|info|[ VIEW ] /www/wwwroot/qingyuan/public/index.html [ array (
) ]
2023-10-10 14:24:15|info|[ VIEW ] /www/wwwroot/qingyuan/public/index.html [ array (
) ]
2023-10-10 14:24:30|info|[ VIEW ] /www/wwwroot/qingyuan/public/index.html [ array (
) ]
2023-10-10 14:24:32|info|[ VIEW ] /www/wwwroot/qingyuan/public/index.html [ array (
) ]
2023-10-10 14:24:37|info|[ VIEW ] /www/wwwroot/qingyuan/public/index.html [ array (
) ]
2023-10-10 14:25:05|info|[ VIEW ] /www/wwwroot/qingyuan/public/index.html [ array (
) ]
2023-10-10 14:25:07|info|[ VIEW ] /www/wwwroot/qingyuan/public/index.html [ array (
) ]
2023-10-10 14:25:07|info|[ VIEW ] /www/wwwroot/qingyuan/public/index.html [ array (
) ]
2023-10-10 14:25:08|info|[ VIEW ] /www/wwwroot/qingyuan/public/index.html [ array (
) ]
2023-10-10 14:25:09|info|[ VIEW ] /www/wwwroot/qingyuan/public/index.html [ array (
) ]
2023-10-10 14:26:13|info|[ VIEW ] /www/wwwroot/qingyuan/public/index.html [ array (
) ]
2023-10-10 14:26:21|info|[ VIEW ] /www/wwwroot/qingyuan/public/admin/index.html [ array (
) ]
2023-10-10 14:27:28|info|[ VIEW ] /www/wwwroot/qingyuan/public/mobile.html [ array (
  0 => 'siteName',
  1 => 'siteUrl',
) ]
2023-10-10 14:27:41|info|[ VIEW ] /www/wwwroot/qingyuan/public/index.html [ array (
) ]
2023-10-10 14:27:43|info|[ VIEW ] /www/wwwroot/qingyuan/public/index.html [ array (
) ]
2023-10-10 14:27:50|info|[ VIEW ] /www/wwwroot/qingyuan/public/index.html [ array (
) ]
2023-10-10 14:27:51|info|[ VIEW ] /www/wwwroot/qingyuan/public/index.html [ array (
) ]
2023-10-10 14:32:51|info|[ VIEW ] /www/wwwroot/qingyuan/public/mobile.html [ array (
  0 => 'siteName',
  1 => 'siteUrl',
) ]
2023-10-10 14:41:56|info|[ VIEW ] /www/wwwroot/qingyuan/public/index.html [ array (
) ]
2023-10-10 14:44:20|info|[ VIEW ] /www/wwwroot/qingyuan/public/admin/index.html [ array (
) ]
2023-10-10 14:44:21|info|[ VIEW ] /www/wwwroot/qingyuan/public/admin/index.html [ array (
) ]
2023-10-10 14:44:46|info|[ VIEW ] /www/wwwroot/qingyuan/public/index.html [ array (
) ]
2023-10-10 14:50:05|info|[ VIEW ] /www/wwwroot/qingyuan/public/admin/index.html [ array (
) ]
2023-10-10 15:07:41|info|[ VIEW ] /www/wwwroot/qingyuan/public/mobile.html [ array (
  0 => 'siteName',
  1 => 'siteUrl',
) ]
2023-10-10 15:15:58|info|[ VIEW ] /www/wwwroot/qingyuan/public/index.html [ array (
) ]
2023-10-10 15:15:59|info|[ VIEW ] /www/wwwroot/qingyuan/public/index.html [ array (
) ]
2023-10-10 15:22:04|info|[ VIEW ] /www/wwwroot/qingyuan/public/index.html [ array (
) ]
2023-10-10 15:22:05|info|[ VIEW ] /www/wwwroot/qingyuan/public/index.html [ array (
) ]
2023-10-10 15:22:06|info|[ VIEW ] /www/wwwroot/qingyuan/public/index.html [ array (
) ]
2023-10-10 15:22:11|info|[ VIEW ] /www/wwwroot/qingyuan/public/index.html [ array (
) ]
2023-10-10 15:22:12|info|[ VIEW ] /www/wwwroot/qingyuan/public/index.html [ array (
) ]
2023-10-10 15:25:01|info|[ VIEW ] /www/wwwroot/qingyuan/public/index.html [ array (
) ]
2023-10-10 15:25:03|info|[ VIEW ] /www/wwwroot/qingyuan/public/index.html [ array (
) ]
2023-10-10 15:25:04|info|[ VIEW ] /www/wwwroot/qingyuan/public/index.html [ array (
) ]
2023-10-10 15:26:20|info|[ VIEW ] /www/wwwroot/qingyuan/public/index.html [ array (
) ]
2023-10-10 15:26:45|info|[ VIEW ] /www/wwwroot/qingyuan/public/index.html [ array (
) ]
2023-10-10 15:26:47|info|[ VIEW ] /www/wwwroot/qingyuan/public/index.html [ array (
) ]
2023-10-10 15:26:49|info|[ VIEW ] /www/wwwroot/qingyuan/public/index.html [ array (
) ]
2023-10-10 15:26:51|info|[ VIEW ] /www/wwwroot/qingyuan/public/index.html [ array (
) ]
2023-10-10 15:28:13|info|[ VIEW ] /www/wwwroot/qingyuan/public/index.html [ array (
) ]
2023-10-10 15:29:02|info|[ VIEW ] /www/wwwroot/qingyuan/public/index.html [ array (
) ]
2023-10-10 15:29:03|info|[ VIEW ] /www/wwwroot/qingyuan/public/index.html [ array (
) ]
2023-10-10 15:31:05|info|[ VIEW ] /www/wwwroot/qingyuan/public/index.html [ array (
) ]
2023-10-10 15:31:08|info|[ VIEW ] /www/wwwroot/qingyuan/public/mobile.html [ array (
  0 => 'siteName',
  1 => 'siteUrl',
) ]
2023-10-10 15:34:08|info|[ VIEW ] /www/wwwroot/qingyuan/public/index.html [ array (
) ]
2023-10-10 15:34:08|info|[ VIEW ] /www/wwwroot/qingyuan/public/index.html [ array (
) ]
2023-10-10 15:34:11|info|[ VIEW ] /www/wwwroot/qingyuan/public/index.html [ array (
) ]
2023-10-10 15:34:21|info|[ VIEW ] /www/wwwroot/qingyuan/public/index.html [ array (
) ]
2023-10-10 15:37:28|info|[ VIEW ] /www/wwwroot/qingyuan/public/index.html [ array (
) ]
2023-10-10 15:37:32|info|[ VIEW ] /www/wwwroot/qingyuan/public/index.html [ array (
) ]
2023-10-10 15:37:36|info|[ VIEW ] /www/wwwroot/qingyuan/public/index.html [ array (
) ]
2023-10-10 15:37:39|info|[ VIEW ] /www/wwwroot/qingyuan/public/index.html [ array (
) ]
2023-10-10 15:38:42|info|[ VIEW ] /www/wwwroot/qingyuan/public/index.html [ array (
) ]
2023-10-10 15:38:49|info|[ VIEW ] /www/wwwroot/qingyuan/public/index.html [ array (
) ]
2023-10-10 15:38:49|info|[ VIEW ] /www/wwwroot/qingyuan/public/index.html [ array (
) ]
2023-10-10 15:38:50|info|[ VIEW ] /www/wwwroot/qingyuan/public/index.html [ array (
) ]
2023-10-10 15:39:13|info|[ VIEW ] /www/wwwroot/qingyuan/public/index.html [ array (
) ]
2023-10-10 15:39:14|info|[ VIEW ] /www/wwwroot/qingyuan/public/index.html [ array (
) ]
2023-10-10 15:39:52|info|[ VIEW ] /www/wwwroot/qingyuan/public/index.html [ array (
) ]
2023-10-10 15:40:13|info|[ VIEW ] /www/wwwroot/qingyuan/public/index.html [ array (
) ]
2023-10-10 15:40:15|info|[ VIEW ] /www/wwwroot/qingyuan/public/index.html [ array (
) ]
2023-10-10 15:40:17|info|[ VIEW ] /www/wwwroot/qingyuan/public/index.html [ array (
) ]
2023-10-10 15:40:18|info|[ VIEW ] /www/wwwroot/qingyuan/public/index.html [ array (
) ]
2023-10-10 15:40:26|info|[ VIEW ] /www/wwwroot/qingyuan/public/index.html [ array (
) ]
2023-10-10 15:40:27|info|[ VIEW ] /www/wwwroot/qingyuan/public/index.html [ array (
) ]
2023-10-10 15:40:56|info|[ VIEW ] /www/wwwroot/qingyuan/public/index.html [ array (
) ]
2023-10-10 15:40:57|info|[ VIEW ] /www/wwwroot/qingyuan/public/index.html [ array (
) ]
2023-10-10 15:41:10|info|[ VIEW ] /www/wwwroot/qingyuan/public/index.html [ array (
) ]
2023-10-10 15:45:58|info|[ VIEW ] /www/wwwroot/qingyuan/public/index.html [ array (
) ]
2023-10-10 15:45:59|info|[ VIEW ] /www/wwwroot/qingyuan/public/index.html [ array (
) ]
2023-10-10 15:46:00|info|[ VIEW ] /www/wwwroot/qingyuan/public/index.html [ array (
) ]
2023-10-10 15:46:17|info|[ VIEW ] /www/wwwroot/qingyuan/public/index.html [ array (
) ]
2023-10-10 16:06:11|info|[ VIEW ] /www/wwwroot/qingyuan/public/index.html [ array (
) ]
2023-10-10 16:06:12|info|[ VIEW ] /www/wwwroot/qingyuan/public/index.html [ array (
) ]
2023-10-10 16:06:13|info|[ VIEW ] /www/wwwroot/qingyuan/public/index.html [ array (
) ]
2023-10-10 16:06:36|info|[ VIEW ] /www/wwwroot/qingyuan/public/index.html [ array (
) ]
2023-10-10 16:06:38|info|[ VIEW ] /www/wwwroot/qingyuan/public/index.html [ array (
) ]
2023-10-10 16:07:13|info|[ VIEW ] /www/wwwroot/qingyuan/public/index.html [ array (
) ]
2023-10-10 16:07:13|info|[ VIEW ] /www/wwwroot/qingyuan/public/index.html [ array (
) ]
2023-10-10 16:07:15|info|[ VIEW ] /www/wwwroot/qingyuan/public/index.html [ array (
) ]
2023-10-10 16:07:21|info|[ VIEW ] /www/wwwroot/qingyuan/public/index.html [ array (
) ]
2023-10-10 16:07:22|info|[ VIEW ] /www/wwwroot/qingyuan/public/index.html [ array (
) ]
2023-10-10 16:07:55|info|[ VIEW ] /www/wwwroot/qingyuan/public/mobile.html [ array (
  0 => 'siteName',
  1 => 'siteUrl',
) ]
2023-10-10 16:08:06|info|[ VIEW ] /www/wwwroot/qingyuan/public/index.html [ array (
) ]
2023-10-10 16:13:59|info|[ VIEW ] /www/wwwroot/qingyuan/public/index.html [ array (
) ]
2023-10-10 16:14:00|info|[ VIEW ] /www/wwwroot/qingyuan/public/index.html [ array (
) ]
2023-10-10 16:14:01|info|[ VIEW ] /www/wwwroot/qingyuan/public/index.html [ array (
) ]
2023-10-10 16:14:03|info|[ VIEW ] /www/wwwroot/qingyuan/public/index.html [ array (
) ]
2023-10-10 16:15:31|info|[ VIEW ] /www/wwwroot/qingyuan/public/index.html [ array (
) ]
2023-10-10 16:15:31|info|[ VIEW ] /www/wwwroot/qingyuan/public/index.html [ array (
) ]
2023-10-10 16:15:32|info|[ VIEW ] /www/wwwroot/qingyuan/public/index.html [ array (
) ]
2023-10-10 16:18:23|info|[ VIEW ] /www/wwwroot/qingyuan/public/index.html [ array (
) ]
2023-10-10 16:18:23|info|[ VIEW ] /www/wwwroot/qingyuan/public/index.html [ array (
) ]
2023-10-10 16:18:25|info|[ VIEW ] /www/wwwroot/qingyuan/public/index.html [ array (
) ]
2023-10-10 16:19:30|info|[ VIEW ] /www/wwwroot/qingyuan/public/index.html [ array (
) ]
2023-10-10 16:19:31|info|[ VIEW ] /www/wwwroot/qingyuan/public/index.html [ array (
) ]
2023-10-10 16:19:32|info|[ VIEW ] /www/wwwroot/qingyuan/public/index.html [ array (
) ]
2023-10-10 16:21:09|info|[ VIEW ] /www/wwwroot/qingyuan/public/index.html [ array (
) ]
2023-10-10 16:21:10|info|[ VIEW ] /www/wwwroot/qingyuan/public/index.html [ array (
) ]
2023-10-10 16:21:51|info|[ VIEW ] /www/wwwroot/qingyuan/public/index.html [ array (
) ]
2023-10-10 16:21:52|info|[ VIEW ] /www/wwwroot/qingyuan/public/index.html [ array (
) ]
2023-10-10 16:22:16|info|[ VIEW ] /www/wwwroot/qingyuan/public/index.html [ array (
) ]
2023-10-10 16:22:18|info|[ VIEW ] /www/wwwroot/qingyuan/public/index.html [ array (
) ]
2023-10-10 16:23:05|info|[ VIEW ] /www/wwwroot/qingyuan/public/index.html [ array (
) ]
2023-10-10 16:23:06|info|[ VIEW ] /www/wwwroot/qingyuan/public/index.html [ array (
) ]
2023-10-10 16:25:03|info|[ VIEW ] /www/wwwroot/qingyuan/public/index.html [ array (
) ]
2023-10-10 16:25:05|info|[ VIEW ] /www/wwwroot/qingyuan/public/index.html [ array (
) ]
2023-10-10 16:25:06|info|[ VIEW ] /www/wwwroot/qingyuan/public/index.html [ array (
) ]
2023-10-10 16:25:07|info|[ VIEW ] /www/wwwroot/qingyuan/public/index.html [ array (
) ]
2023-10-10 16:25:29|info|[ VIEW ] /www/wwwroot/qingyuan/public/index.html [ array (
) ]
2023-10-10 16:25:30|info|[ VIEW ] /www/wwwroot/qingyuan/public/index.html [ array (
) ]
2023-10-10 16:25:52|info|[ VIEW ] /www/wwwroot/qingyuan/public/index.html [ array (
) ]
2023-10-10 16:25:54|info|[ VIEW ] /www/wwwroot/qingyuan/public/index.html [ array (
) ]
2023-10-10 16:26:00|info|[ VIEW ] /www/wwwroot/qingyuan/public/index.html [ array (
) ]
2023-10-10 16:26:41|info|[ VIEW ] /www/wwwroot/qingyuan/public/index.html [ array (
) ]
2023-10-10 16:27:40|info|[ VIEW ] /www/wwwroot/qingyuan/public/index.html [ array (
) ]
2023-10-10 16:27:51|info|[ VIEW ] /www/wwwroot/qingyuan/public/index.html [ array (
) ]
2023-10-10 16:27:53|info|[ VIEW ] /www/wwwroot/qingyuan/public/index.html [ array (
) ]
2023-10-10 16:28:16|info|[ VIEW ] /www/wwwroot/qingyuan/public/index.html [ array (
) ]
2023-10-10 16:28:17|info|[ VIEW ] /www/wwwroot/qingyuan/public/index.html [ array (
) ]
2023-10-10 16:28:19|info|[ VIEW ] /www/wwwroot/qingyuan/public/index.html [ array (
) ]
2023-10-10 16:28:21|info|[ VIEW ] /www/wwwroot/qingyuan/public/index.html [ array (
) ]
2023-10-10 16:28:37|info|[ VIEW ] /www/wwwroot/qingyuan/public/admin/index.html [ array (
) ]
2023-10-10 16:28:37|info|[ VIEW ] /www/wwwroot/qingyuan/public/mobile.html [ array (
  0 => 'siteName',
  1 => 'siteUrl',
) ]
2023-10-10 16:28:37|info|[ VIEW ] /www/wwwroot/qingyuan/public/mobile.html [ array (
  0 => 'siteName',
  1 => 'siteUrl',
) ]
2023-10-10 16:28:37|info|[ VIEW ] /www/wwwroot/qingyuan/public/index.html [ array (
) ]
2023-10-10 16:28:39|info|[ VIEW ] /www/wwwroot/qingyuan/public/index.html [ array (
) ]
2023-10-10 16:28:51|info|[ VIEW ] /www/wwwroot/qingyuan/public/index.html [ array (
) ]
2023-10-10 16:28:52|info|[ VIEW ] /www/wwwroot/qingyuan/public/index.html [ array (
) ]
2023-10-10 16:28:54|info|[ VIEW ] /www/wwwroot/qingyuan/public/admin/index.html [ array (
) ]
2023-10-10 16:28:57|info|[ VIEW ] /www/wwwroot/qingyuan/public/mobile.html [ array (
  0 => 'siteName',
  1 => 'siteUrl',
) ]
2023-10-10 16:28:57|info|[ VIEW ] /www/wwwroot/qingyuan/public/admin/index.html [ array (
) ]
2023-10-10 16:28:57|info|[ VIEW ] /www/wwwroot/qingyuan/public/mobile.html [ array (
  0 => 'siteName',
  1 => 'siteUrl',
) ]
2023-10-10 16:29:16|info|[ VIEW ] /www/wwwroot/qingyuan/public/index.html [ array (
) ]
2023-10-10 16:29:17|info|[ VIEW ] /www/wwwroot/qingyuan/public/index.html [ array (
) ]
2023-10-10 16:29:45|info|[ VIEW ] /www/wwwroot/qingyuan/public/index.html [ array (
) ]
2023-10-10 16:29:47|info|[ VIEW ] /www/wwwroot/qingyuan/public/index.html [ array (
) ]
2023-10-10 16:29:49|info|[ VIEW ] /www/wwwroot/qingyuan/public/admin/index.html [ array (
) ]
2023-10-10 16:29:49|info|[ VIEW ] /www/wwwroot/qingyuan/public/mobile.html [ array (
  0 => 'siteName',
  1 => 'siteUrl',
) ]
2023-10-10 16:29:49|info|[ VIEW ] /www/wwwroot/qingyuan/public/admin/index.html [ array (
) ]
2023-10-10 16:29:49|info|[ VIEW ] /www/wwwroot/qingyuan/public/mobile.html [ array (
  0 => 'siteName',
  1 => 'siteUrl',
) ]
2023-10-10 16:30:25|info|[ VIEW ] /www/wwwroot/qingyuan/public/index.html [ array (
) ]
2023-10-10 16:30:26|info|[ VIEW ] /www/wwwroot/qingyuan/public/index.html [ array (
) ]
2023-10-10 16:30:37|info|[ VIEW ] /www/wwwroot/qingyuan/public/index.html [ array (
) ]
2023-10-10 16:30:39|info|[ VIEW ] /www/wwwroot/qingyuan/public/index.html [ array (
) ]
2023-10-10 16:33:41|info|[ VIEW ] /www/wwwroot/qingyuan/public/index.html [ array (
) ]
2023-10-10 16:33:42|info|[ VIEW ] /www/wwwroot/qingyuan/public/index.html [ array (
) ]
2023-10-10 16:36:27|info|[ VIEW ] /www/wwwroot/qingyuan/public/index.html [ array (
) ]
2023-10-10 16:36:29|info|[ VIEW ] /www/wwwroot/qingyuan/public/index.html [ array (
) ]
2023-10-10 16:37:34|info|[ VIEW ] /www/wwwroot/qingyuan/public/index.html [ array (
) ]
2023-10-10 16:37:35|info|[ VIEW ] /www/wwwroot/qingyuan/public/index.html [ array (
) ]
2023-10-10 16:37:36|info|[ VIEW ] /www/wwwroot/qingyuan/public/index.html [ array (
) ]
2023-10-10 16:37:37|info|[ VIEW ] /www/wwwroot/qingyuan/public/index.html [ array (
) ]
2023-10-10 16:44:34|info|[ VIEW ] /www/wwwroot/qingyuan/public/index.html [ array (
) ]
2023-10-10 16:44:35|info|[ VIEW ] /www/wwwroot/qingyuan/public/index.html [ array (
) ]
2023-10-10 16:45:05|info|[ VIEW ] /www/wwwroot/qingyuan/public/admin/index.html [ array (
) ]
2023-10-10 16:57:11|info|[ VIEW ] /www/wwwroot/qingyuan/public/mobile.html [ array (
  0 => 'siteName',
  1 => 'siteUrl',
) ]
2023-10-10 16:58:53|info|[ VIEW ] /www/wwwroot/qingyuan/public/mobile.html [ array (
  0 => 'siteName',
  1 => 'siteUrl',
) ]
2023-10-10 16:59:50|info|[ VIEW ] /www/wwwroot/qingyuan/public/index.html [ array (
) ]
2023-10-10 17:03:43|info|[ VIEW ] /www/wwwroot/qingyuan/public/mobile.html [ array (
  0 => 'siteName',
  1 => 'siteUrl',
) ]
2023-10-10 17:03:43|info|[ VIEW ] /www/wwwroot/qingyuan/public/mobile.html [ array (
  0 => 'siteName',
  1 => 'siteUrl',
) ]
2023-10-10 17:06:50|info|[ VIEW ] /www/wwwroot/qingyuan/public/mobile.html [ array (
  0 => 'siteName',
  1 => 'siteUrl',
) ]
2023-10-10 17:08:41|info|[ VIEW ] /www/wwwroot/qingyuan/public/index.html [ array (
) ]
2023-10-10 17:08:44|info|[ VIEW ] /www/wwwroot/qingyuan/public/index.html [ array (
) ]
2023-10-10 17:13:10|info|[ VIEW ] /www/wwwroot/qingyuan/public/index.html [ array (
) ]
2023-10-10 17:34:04|info|[ VIEW ] /www/wwwroot/qingyuan/public/index.html [ array (
) ]
2023-10-10 17:34:05|info|[ VIEW ] /www/wwwroot/qingyuan/public/index.html [ array (
) ]
2023-10-10 17:44:17|info|[ VIEW ] /www/wwwroot/qingyuan/public/mobile.html [ array (
  0 => 'siteName',
  1 => 'siteUrl',
) ]
2023-10-10 17:49:16|info|[ VIEW ] /www/wwwroot/qingyuan/public/index.html [ array (
) ]
2023-10-10 18:00:56|info|[ VIEW ] /www/wwwroot/qingyuan/public/mobile.html [ array (
  0 => 'siteName',
  1 => 'siteUrl',
) ]
2023-10-10 18:15:39|info|[ VIEW ] /www/wwwroot/qingyuan/public/index.html [ array (
) ]
2023-10-10 18:15:40|info|[ VIEW ] /www/wwwroot/qingyuan/public/index.html [ array (
) ]
2023-10-10 18:28:13|info|[ VIEW ] /www/wwwroot/qingyuan/public/index.html [ array (
) ]
2023-10-10 19:05:22|info|[ VIEW ] /www/wwwroot/qingyuan/public/mobile.html [ array (
  0 => 'siteName',
  1 => 'siteUrl',
) ]
2023-10-10 19:05:22|info|[ VIEW ] /www/wwwroot/qingyuan/public/index.html [ array (
) ]
2023-10-10 19:05:24|info|[ VIEW ] /www/wwwroot/qingyuan/public/index.html [ array (
) ]
2023-10-10 19:05:49|info|[ VIEW ] /www/wwwroot/qingyuan/public/mobile.html [ array (
  0 => 'siteName',
  1 => 'siteUrl',
) ]
2023-10-10 19:05:49|info|[ VIEW ] /www/wwwroot/qingyuan/public/index.html [ array (
) ]
2023-10-10 19:05:50|info|[ VIEW ] /www/wwwroot/qingyuan/public/index.html [ array (
) ]
2023-10-10 19:06:33|info|[ VIEW ] /www/wwwroot/qingyuan/public/index.html [ array (
) ]
2023-10-10 19:06:45|info|[ VIEW ] /www/wwwroot/qingyuan/public/admin/index.html [ array (
) ]
2023-10-10 19:06:45|info|[ VIEW ] /www/wwwroot/qingyuan/public/mobile.html [ array (
  0 => 'siteName',
  1 => 'siteUrl',
) ]
2023-10-10 19:06:45|info|[ VIEW ] /www/wwwroot/qingyuan/public/mobile.html [ array (
  0 => 'siteName',
  1 => 'siteUrl',
) ]
2023-10-10 19:07:11|info|[ VIEW ] /www/wwwroot/qingyuan/public/mobile.html [ array (
  0 => 'siteName',
  1 => 'siteUrl',
) ]
2023-10-10 19:07:11|info|[ VIEW ] /www/wwwroot/qingyuan/public/index.html [ array (
) ]
2023-10-10 19:07:12|info|[ VIEW ] /www/wwwroot/qingyuan/public/index.html [ array (
) ]
2023-10-10 19:18:37|info|[ VIEW ] /www/wwwroot/qingyuan/public/mobile.html [ array (
  0 => 'siteName',
  1 => 'siteUrl',
) ]
2023-10-10 19:18:56|info|[ VIEW ] /www/wwwroot/qingyuan/public/admin/index.html [ array (
) ]
2023-10-10 19:18:57|info|[ VIEW ] /www/wwwroot/qingyuan/public/mobile.html [ array (
  0 => 'siteName',
  1 => 'siteUrl',
) ]
2023-10-10 19:18:57|info|[ VIEW ] /www/wwwroot/qingyuan/public/mobile.html [ array (
  0 => 'siteName',
  1 => 'siteUrl',
) ]
2023-10-10 19:25:38|info|[ VIEW ] /www/wwwroot/qingyuan/public/index.html [ array (
) ]
2023-10-10 19:38:30|info|[ VIEW ] /www/wwwroot/qingyuan/public/mobile.html [ array (
  0 => 'siteName',
  1 => 'siteUrl',
) ]
2023-10-10 19:38:30|info|[ VIEW ] /www/wwwroot/qingyuan/public/index.html [ array (
) ]
2023-10-10 19:38:32|info|[ VIEW ] /www/wwwroot/qingyuan/public/index.html [ array (
) ]
2023-10-10 19:38:39|info|[ VIEW ] /www/wwwroot/qingyuan/public/admin/index.html [ array (
) ]
2023-10-10 19:38:44|info|[ VIEW ] /www/wwwroot/qingyuan/public/admin/index.html [ array (
) ]
2023-10-10 19:38:49|info|[ VIEW ] /www/wwwroot/qingyuan/public/mobile.html [ array (
  0 => 'siteName',
  1 => 'siteUrl',
) ]
2023-10-10 19:38:49|info|[ VIEW ] /www/wwwroot/qingyuan/public/index.html [ array (
) ]
2023-10-10 19:38:50|info|[ VIEW ] /www/wwwroot/qingyuan/public/index.html [ array (
) ]
2023-10-10 19:40:51|info|[ VIEW ] /www/wwwroot/qingyuan/public/mobile.html [ array (
  0 => 'siteName',
  1 => 'siteUrl',
) ]
2023-10-10 19:40:51|info|[ VIEW ] /www/wwwroot/qingyuan/public/index.html [ array (
) ]
2023-10-10 19:40:52|info|[ VIEW ] /www/wwwroot/qingyuan/public/index.html [ array (
) ]
2023-10-10 19:42:47|info|[ VIEW ] /www/wwwroot/qingyuan/public/admin/index.html [ array (
) ]
2023-10-10 19:42:49|info|[ VIEW ] /www/wwwroot/qingyuan/public/admin/index.html [ array (
) ]
2023-10-10 19:42:55|info|[ VIEW ] /www/wwwroot/qingyuan/public/mobile.html [ array (
  0 => 'siteName',
  1 => 'siteUrl',
) ]
2023-10-10 19:42:55|info|[ VIEW ] /www/wwwroot/qingyuan/public/index.html [ array (
) ]
2023-10-10 19:42:56|info|[ VIEW ] /www/wwwroot/qingyuan/public/index.html [ array (
) ]
2023-10-10 19:43:07|info|[ VIEW ] /www/wwwroot/qingyuan/public/index.html [ array (
) ]
2023-10-10 19:43:09|info|[ VIEW ] /www/wwwroot/qingyuan/public/index.html [ array (
) ]
2023-10-10 19:43:11|info|[ VIEW ] /www/wwwroot/qingyuan/public/index.html [ array (
) ]
2023-10-10 19:53:59|info|[ VIEW ] /www/wwwroot/qingyuan/public/admin/index.html [ array (
) ]
2023-10-10 19:54:00|info|[ VIEW ] /www/wwwroot/qingyuan/public/admin/index.html [ array (
) ]
2023-10-10 19:57:50|info|[ VIEW ] /www/wwwroot/qingyuan/public/mobile.html [ array (
  0 => 'siteName',
  1 => 'siteUrl',
) ]
2023-10-10 19:57:50|info|[ VIEW ] /www/wwwroot/qingyuan/public/index.html [ array (
) ]
2023-10-10 19:57:53|info|[ VIEW ] /www/wwwroot/qingyuan/public/index.html [ array (
) ]
2023-10-10 20:04:57|info|[ VIEW ] /www/wwwroot/qingyuan/public/admin/index.html [ array (
) ]
2023-10-10 20:04:58|info|[ VIEW ] /www/wwwroot/qingyuan/public/index.html [ array (
) ]
2023-10-10 20:04:58|info|[ VIEW ] /www/wwwroot/qingyuan/public/index.html [ array (
) ]
2023-10-10 20:04:58|info|[ VIEW ] /www/wwwroot/qingyuan/public/admin/index.html [ array (
) ]
2023-10-10 20:05:00|info|[ VIEW ] /www/wwwroot/qingyuan/public/index.html [ array (
) ]
2023-10-10 20:05:02|info|[ VIEW ] /www/wwwroot/qingyuan/public/index.html [ array (
) ]
2023-10-10 20:08:52|info|[ VIEW ] /www/wwwroot/qingyuan/public/mobile.html [ array (
  0 => 'siteName',
  1 => 'siteUrl',
) ]
2023-10-10 20:09:15|info|[ VIEW ] /www/wwwroot/qingyuan/public/index.html [ array (
) ]
2023-10-10 20:09:19|info|[ VIEW ] /www/wwwroot/qingyuan/public/index.html [ array (
) ]
2023-10-10 20:09:51|info|[ VIEW ] /www/wwwroot/qingyuan/public/admin/index.html [ array (
) ]
2023-10-10 20:09:52|info|[ VIEW ] /www/wwwroot/qingyuan/public/mobile.html [ array (
  0 => 'siteName',
  1 => 'siteUrl',
) ]
2023-10-10 20:09:52|info|[ VIEW ] /www/wwwroot/qingyuan/public/mobile.html [ array (
  0 => 'siteName',
  1 => 'siteUrl',
) ]
2023-10-10 20:10:03|info|[ VIEW ] /www/wwwroot/qingyuan/public/index.html [ array (
) ]
2023-10-10 20:11:30|info|[ VIEW ] /www/wwwroot/qingyuan/public/index.html [ array (
) ]
2023-10-10 20:11:30|info|[ VIEW ] /www/wwwroot/qingyuan/public/index.html [ array (
) ]
2023-10-10 20:20:21|info|[ VIEW ] /www/wwwroot/qingyuan/public/mobile.html [ array (
  0 => 'siteName',
  1 => 'siteUrl',
) ]
2023-10-10 20:20:21|info|[ VIEW ] /www/wwwroot/qingyuan/public/index.html [ array (
) ]
2023-10-10 20:20:23|info|[ VIEW ] /www/wwwroot/qingyuan/public/index.html [ array (
) ]
2023-10-10 20:25:21|info|[ VIEW ] /www/wwwroot/qingyuan/public/index.html [ array (
) ]
2023-10-10 20:25:22|info|[ VIEW ] /www/wwwroot/qingyuan/public/index.html [ array (
) ]
2023-10-10 20:25:23|info|[ VIEW ] /www/wwwroot/qingyuan/public/index.html [ array (
) ]
2023-10-10 20:25:25|info|[ VIEW ] /www/wwwroot/qingyuan/public/index.html [ array (
) ]
2023-10-10 20:25:26|info|[ VIEW ] /www/wwwroot/qingyuan/public/index.html [ array (
) ]
2023-10-10 20:25:27|info|[ VIEW ] /www/wwwroot/qingyuan/public/index.html [ array (
) ]
2023-10-10 20:25:30|info|[ VIEW ] /www/wwwroot/qingyuan/public/index.html [ array (
) ]
2023-10-10 20:25:42|info|[ VIEW ] /www/wwwroot/qingyuan/public/index.html [ array (
) ]
2023-10-10 20:25:43|info|[ VIEW ] /www/wwwroot/qingyuan/public/index.html [ array (
) ]
2023-10-10 20:25:45|info|[ VIEW ] /www/wwwroot/qingyuan/public/index.html [ array (
) ]
2023-10-10 20:25:46|info|[ VIEW ] /www/wwwroot/qingyuan/public/index.html [ array (
) ]
2023-10-10 20:31:01|info|[ VIEW ] /www/wwwroot/qingyuan/public/index.html [ array (
) ]
2023-10-10 20:31:54|info|[ VIEW ] /www/wwwroot/qingyuan/public/index.html [ array (
) ]
2023-10-10 20:32:04|info|[ VIEW ] /www/wwwroot/qingyuan/public/mobile.html [ array (
  0 => 'siteName',
  1 => 'siteUrl',
) ]
2023-10-10 20:32:04|info|[ VIEW ] /www/wwwroot/qingyuan/public/index.html [ array (
) ]
2023-10-10 20:32:05|info|[ VIEW ] /www/wwwroot/qingyuan/public/index.html [ array (
) ]
2023-10-10 20:32:26|info|[ VIEW ] /www/wwwroot/qingyuan/public/index.html [ array (
) ]
2023-10-10 20:32:28|info|[ VIEW ] /www/wwwroot/qingyuan/public/index.html [ array (
) ]
2023-10-10 20:37:43|info|[ VIEW ] /www/wwwroot/qingyuan/public/index.html [ array (
) ]
2023-10-10 20:37:44|info|[ VIEW ] /www/wwwroot/qingyuan/public/index.html [ array (
) ]
2023-10-10 20:38:28|info|[ VIEW ] /www/wwwroot/qingyuan/public/index.html [ array (
) ]
2023-10-10 20:38:30|info|[ VIEW ] /www/wwwroot/qingyuan/public/index.html [ array (
) ]
2023-10-10 20:38:47|info|[ VIEW ] /www/wwwroot/qingyuan/public/index.html [ array (
) ]
2023-10-10 20:38:49|info|[ VIEW ] /www/wwwroot/qingyuan/public/index.html [ array (
) ]
2023-10-10 20:38:56|info|[ VIEW ] /www/wwwroot/qingyuan/public/index.html [ array (
) ]
2023-10-10 20:39:03|info|[ VIEW ] /www/wwwroot/qingyuan/public/index.html [ array (
) ]
2023-10-10 20:39:05|info|[ VIEW ] /www/wwwroot/qingyuan/public/index.html [ array (
) ]
2023-10-10 20:39:35|info|[ VIEW ] /www/wwwroot/qingyuan/public/index.html [ array (
) ]
2023-10-10 20:39:36|info|[ VIEW ] /www/wwwroot/qingyuan/public/index.html [ array (
) ]
2023-10-10 20:39:37|info|[ VIEW ] /www/wwwroot/qingyuan/public/index.html [ array (
) ]
2023-10-10 20:39:38|info|[ VIEW ] /www/wwwroot/qingyuan/public/index.html [ array (
) ]
2023-10-10 20:40:30|info|[ VIEW ] /www/wwwroot/qingyuan/public/index.html [ array (
) ]
2023-10-10 20:40:31|info|[ VIEW ] /www/wwwroot/qingyuan/public/index.html [ array (
) ]
2023-10-10 20:41:29|info|[ VIEW ] /www/wwwroot/qingyuan/public/index.html [ array (
) ]
2023-10-10 20:41:37|info|[ VIEW ] /www/wwwroot/qingyuan/public/index.html [ array (
) ]
2023-10-10 20:41:38|info|[ VIEW ] /www/wwwroot/qingyuan/public/index.html [ array (
) ]
2023-10-10 20:47:06|info|[ VIEW ] /www/wwwroot/qingyuan/public/index.html [ array (
) ]
2023-10-10 20:47:07|info|[ VIEW ] /www/wwwroot/qingyuan/public/index.html [ array (
) ]
2023-10-10 20:49:41|info|[ VIEW ] /www/wwwroot/qingyuan/public/mobile.html [ array (
  0 => 'siteName',
  1 => 'siteUrl',
) ]
2023-10-10 20:52:29|info|[ VIEW ] /www/wwwroot/qingyuan/public/mobile.html [ array (
  0 => 'siteName',
  1 => 'siteUrl',
) ]
2023-10-10 21:01:36|info|[ VIEW ] /www/wwwroot/qingyuan/public/mobile.html [ array (
  0 => 'siteName',
  1 => 'siteUrl',
) ]
2023-10-10 21:12:18|info|[ VIEW ] /www/wwwroot/qingyuan/public/index.html [ array (
) ]
2023-10-10 21:12:19|info|[ VIEW ] /www/wwwroot/qingyuan/public/index.html [ array (
) ]
2023-10-10 21:22:28|info|[ VIEW ] /www/wwwroot/qingyuan/public/mobile.html [ array (
  0 => 'siteName',
  1 => 'siteUrl',
) ]
2023-10-10 21:22:28|info|[ VIEW ] /www/wwwroot/qingyuan/public/index.html [ array (
) ]
2023-10-10 21:22:29|info|[ VIEW ] /www/wwwroot/qingyuan/public/index.html [ array (
) ]
2023-10-10 21:23:09|info|[ VIEW ] /www/wwwroot/qingyuan/public/index.html [ array (
) ]
2023-10-10 21:23:50|info|[ VIEW ] /www/wwwroot/qingyuan/public/index.html [ array (
) ]
2023-10-10 21:23:51|info|[ VIEW ] /www/wwwroot/qingyuan/public/index.html [ array (
) ]
2023-10-10 21:24:09|info|[ VIEW ] /www/wwwroot/qingyuan/public/index.html [ array (
) ]
2023-10-10 21:24:11|info|[ VIEW ] /www/wwwroot/qingyuan/public/index.html [ array (
) ]
2023-10-10 21:24:20|info|[ VIEW ] /www/wwwroot/qingyuan/public/index.html [ array (
) ]
2023-10-10 21:24:21|info|[ VIEW ] /www/wwwroot/qingyuan/public/index.html [ array (
) ]
2023-10-10 21:24:32|info|[ VIEW ] /www/wwwroot/qingyuan/public/mobile.html [ array (
  0 => 'siteName',
  1 => 'siteUrl',
) ]
2023-10-10 21:24:32|info|[ VIEW ] /www/wwwroot/qingyuan/public/index.html [ array (
) ]
2023-10-10 21:24:33|info|[ VIEW ] /www/wwwroot/qingyuan/public/index.html [ array (
) ]
2023-10-10 21:25:02|info|[ VIEW ] /www/wwwroot/qingyuan/public/index.html [ array (
) ]
2023-10-10 21:25:03|info|[ VIEW ] /www/wwwroot/qingyuan/public/mobile.html [ array (
  0 => 'siteName',
  1 => 'siteUrl',
) ]
2023-10-10 21:25:03|info|[ VIEW ] /www/wwwroot/qingyuan/public/index.html [ array (
) ]
2023-10-10 21:25:05|info|[ VIEW ] /www/wwwroot/qingyuan/public/mobile.html [ array (
  0 => 'siteName',
  1 => 'siteUrl',
) ]
2023-10-10 21:25:05|info|[ VIEW ] /www/wwwroot/qingyuan/public/index.html [ array (
) ]
2023-10-10 21:25:05|info|[ VIEW ] /www/wwwroot/qingyuan/public/index.html [ array (
) ]
2023-10-10 21:25:06|info|[ VIEW ] /www/wwwroot/qingyuan/public/index.html [ array (
) ]
2023-10-10 21:25:24|info|[ VIEW ] /www/wwwroot/qingyuan/public/index.html [ array (
) ]
2023-10-10 21:25:25|info|[ VIEW ] /www/wwwroot/qingyuan/public/mobile.html [ array (
  0 => 'siteName',
  1 => 'siteUrl',
) ]
2023-10-10 21:25:25|info|[ VIEW ] /www/wwwroot/qingyuan/public/index.html [ array (
) ]
2023-10-10 21:25:26|info|[ VIEW ] /www/wwwroot/qingyuan/public/index.html [ array (
) ]
2023-10-10 21:26:08|info|[ VIEW ] /www/wwwroot/qingyuan/public/mobile.html [ array (
  0 => 'siteName',
  1 => 'siteUrl',
) ]
2023-10-10 21:26:31|info|[ VIEW ] /www/wwwroot/qingyuan/public/mobile.html [ array (
  0 => 'siteName',
  1 => 'siteUrl',
) ]
2023-10-10 21:26:31|info|[ VIEW ] /www/wwwroot/qingyuan/public/index.html [ array (
) ]
2023-10-10 21:26:32|info|[ VIEW ] /www/wwwroot/qingyuan/public/index.html [ array (
) ]
2023-10-10 21:33:22|info|[ VIEW ] /www/wwwroot/qingyuan/public/index.html [ array (
) ]
2023-10-10 21:33:22|info|[ VIEW ] /www/wwwroot/qingyuan/public/mobile.html [ array (
  0 => 'siteName',
  1 => 'siteUrl',
) ]
2023-10-10 21:33:23|info|[ VIEW ] /www/wwwroot/qingyuan/public/index.html [ array (
) ]
2023-10-10 21:33:24|info|[ VIEW ] /www/wwwroot/qingyuan/public/index.html [ array (
) ]
2023-10-10 21:36:27|info|[ VIEW ] /www/wwwroot/qingyuan/public/index.html [ array (
) ]
2023-10-10 21:36:29|info|[ VIEW ] /www/wwwroot/qingyuan/public/index.html [ array (
) ]
2023-10-10 21:36:32|info|[ VIEW ] /www/wwwroot/qingyuan/public/index.html [ array (
) ]
2023-10-10 21:36:33|info|[ VIEW ] /www/wwwroot/qingyuan/public/index.html [ array (
) ]
2023-10-10 21:36:33|info|[ VIEW ] /www/wwwroot/qingyuan/public/mobile.html [ array (
  0 => 'siteName',
  1 => 'siteUrl',
) ]
2023-10-10 21:36:33|info|[ VIEW ] /www/wwwroot/qingyuan/public/index.html [ array (
) ]
2023-10-10 21:36:35|info|[ VIEW ] /www/wwwroot/qingyuan/public/index.html [ array (
) ]
2023-10-10 21:37:20|info|[ VIEW ] /www/wwwroot/qingyuan/public/index.html [ array (
) ]
2023-10-10 21:37:21|info|[ VIEW ] /www/wwwroot/qingyuan/public/index.html [ array (
) ]
2023-10-10 21:37:23|info|[ VIEW ] /www/wwwroot/qingyuan/public/index.html [ array (
) ]
2023-10-10 21:37:24|info|[ VIEW ] /www/wwwroot/qingyuan/public/index.html [ array (
) ]
2023-10-10 21:39:31|info|[ VIEW ] /www/wwwroot/qingyuan/public/index.html [ array (
) ]
2023-10-10 21:40:04|info|[ VIEW ] /www/wwwroot/qingyuan/public/index.html [ array (
) ]
2023-10-10 21:40:05|info|[ VIEW ] /www/wwwroot/qingyuan/public/index.html [ array (
) ]
2023-10-10 21:40:30|info|[ VIEW ] /www/wwwroot/qingyuan/public/index.html [ array (
) ]
2023-10-10 21:40:31|info|[ VIEW ] /www/wwwroot/qingyuan/public/index.html [ array (
) ]
2023-10-10 21:40:52|info|[ VIEW ] /www/wwwroot/qingyuan/public/index.html [ array (
) ]
2023-10-10 21:41:44|info|[ VIEW ] /www/wwwroot/qingyuan/public/index.html [ array (
) ]
2023-10-10 21:41:44|info|[ VIEW ] /www/wwwroot/qingyuan/public/mobile.html [ array (
  0 => 'siteName',
  1 => 'siteUrl',
) ]
2023-10-10 21:41:45|info|[ VIEW ] /www/wwwroot/qingyuan/public/index.html [ array (
) ]
2023-10-10 21:41:46|info|[ VIEW ] /www/wwwroot/qingyuan/public/index.html [ array (
) ]
2023-10-10 21:42:12|info|[ VIEW ] /www/wwwroot/qingyuan/public/index.html [ array (
) ]
2023-10-10 21:42:14|info|[ VIEW ] /www/wwwroot/qingyuan/public/index.html [ array (
) ]
2023-10-10 21:42:23|info|[ VIEW ] /www/wwwroot/qingyuan/public/index.html [ array (
) ]
2023-10-10 21:42:24|info|[ VIEW ] /www/wwwroot/qingyuan/public/index.html [ array (
) ]
2023-10-10 21:42:37|info|[ VIEW ] /www/wwwroot/qingyuan/public/index.html [ array (
) ]
2023-10-10 21:42:44|info|[ VIEW ] /www/wwwroot/qingyuan/public/mobile.html [ array (
  0 => 'siteName',
  1 => 'siteUrl',
) ]
2023-10-10 21:42:44|info|[ VIEW ] /www/wwwroot/qingyuan/public/index.html [ array (
) ]
2023-10-10 21:42:46|info|[ VIEW ] /www/wwwroot/qingyuan/public/index.html [ array (
) ]
2023-10-10 21:43:34|info|[ VIEW ] /www/wwwroot/qingyuan/public/index.html [ array (
) ]
2023-10-10 21:43:34|info|[ VIEW ] /www/wwwroot/qingyuan/public/mobile.html [ array (
  0 => 'siteName',
  1 => 'siteUrl',
) ]
2023-10-10 21:43:35|info|[ VIEW ] /www/wwwroot/qingyuan/public/index.html [ array (
) ]
2023-10-10 21:43:36|info|[ VIEW ] /www/wwwroot/qingyuan/public/index.html [ array (
) ]
2023-10-10 21:45:12|info|[ VIEW ] /www/wwwroot/qingyuan/public/mobile.html [ array (
  0 => 'siteName',
  1 => 'siteUrl',
) ]
2023-10-10 21:45:12|info|[ VIEW ] /www/wwwroot/qingyuan/public/index.html [ array (
) ]
2023-10-10 21:45:13|info|[ VIEW ] /www/wwwroot/qingyuan/public/index.html [ array (
) ]
2023-10-10 21:47:02|info|[ VIEW ] /www/wwwroot/qingyuan/public/mobile.html [ array (
  0 => 'siteName',
  1 => 'siteUrl',
) ]
2023-10-10 21:47:48|info|[ VIEW ] /www/wwwroot/qingyuan/public/index.html [ array (
) ]
2023-10-10 21:57:13|info|[ VIEW ] /www/wwwroot/qingyuan/public/index.html [ array (
) ]
2023-10-10 21:57:22|info|[ VIEW ] /www/wwwroot/qingyuan/public/index.html [ array (
) ]
2023-10-10 21:57:24|info|[ VIEW ] /www/wwwroot/qingyuan/public/index.html [ array (
) ]
2023-10-10 21:58:14|info|[ VIEW ] /www/wwwroot/qingyuan/public/admin/index.html [ array (
) ]
2023-10-10 21:58:15|info|[ VIEW ] /www/wwwroot/qingyuan/public/mobile.html [ array (
  0 => 'siteName',
  1 => 'siteUrl',
) ]
2023-10-10 21:58:15|info|[ VIEW ] /www/wwwroot/qingyuan/public/mobile.html [ array (
  0 => 'siteName',
  1 => 'siteUrl',
) ]
2023-10-10 21:59:15|info|[ VIEW ] /www/wwwroot/qingyuan/public/index.html [ array (
) ]
2023-10-10 21:59:30|info|[ VIEW ] /www/wwwroot/qingyuan/public/index.html [ array (
) ]
2023-10-10 22:01:16|info|[ VIEW ] /www/wwwroot/qingyuan/public/mobile.html [ array (
  0 => 'siteName',
  1 => 'siteUrl',
) ]
2023-10-10 22:03:02|info|[ VIEW ] /www/wwwroot/qingyuan/public/mobile.html [ array (
  0 => 'siteName',
  1 => 'siteUrl',
) ]
2023-10-10 22:04:28|info|[ VIEW ] /www/wwwroot/qingyuan/public/index.html [ array (
) ]
2023-10-10 22:04:30|info|[ VIEW ] /www/wwwroot/qingyuan/public/index.html [ array (
) ]
2023-10-10 22:05:05|info|[ VIEW ] /www/wwwroot/qingyuan/public/index.html [ array (
) ]
2023-10-10 22:05:06|info|[ VIEW ] /www/wwwroot/qingyuan/public/index.html [ array (
) ]
2023-10-10 22:06:33|info|[ VIEW ] /www/wwwroot/qingyuan/public/index.html [ array (
) ]
2023-10-10 22:06:34|info|[ VIEW ] /www/wwwroot/qingyuan/public/index.html [ array (
) ]
2023-10-10 22:08:43|info|[ VIEW ] /www/wwwroot/qingyuan/public/index.html [ array (
) ]
2023-10-10 22:08:47|info|[ VIEW ] /www/wwwroot/qingyuan/public/index.html [ array (
) ]
2023-10-10 22:08:48|info|[ VIEW ] /www/wwwroot/qingyuan/public/index.html [ array (
) ]
2023-10-10 22:11:03|info|[ VIEW ] /www/wwwroot/qingyuan/public/index.html [ array (
) ]
2023-10-10 22:11:39|info|[ VIEW ] /www/wwwroot/qingyuan/public/index.html [ array (
) ]
2023-10-10 22:11:50|info|[ VIEW ] /www/wwwroot/qingyuan/public/index.html [ array (
) ]
2023-10-10 22:16:08|info|[ VIEW ] /www/wwwroot/qingyuan/public/mobile.html [ array (
  0 => 'siteName',
  1 => 'siteUrl',
) ]
2023-10-10 22:16:34|info|[ VIEW ] /www/wwwroot/qingyuan/public/index.html [ array (
) ]
2023-10-10 22:16:36|info|[ VIEW ] /www/wwwroot/qingyuan/public/index.html [ array (
) ]
2023-10-10 22:16:40|info|[ VIEW ] /www/wwwroot/qingyuan/public/index.html [ array (
) ]
2023-10-10 22:16:42|info|[ VIEW ] /www/wwwroot/qingyuan/public/index.html [ array (
) ]
2023-10-10 22:18:19|info|[ VIEW ] /www/wwwroot/qingyuan/public/index.html [ array (
) ]
2023-10-10 22:18:21|info|[ VIEW ] /www/wwwroot/qingyuan/public/index.html [ array (
) ]
2023-10-10 22:18:35|info|[ VIEW ] /www/wwwroot/qingyuan/public/index.html [ array (
) ]
2023-10-10 22:19:16|info|[ VIEW ] /www/wwwroot/qingyuan/public/index.html [ array (
) ]
2023-10-10 22:19:18|info|[ VIEW ] /www/wwwroot/qingyuan/public/index.html [ array (
) ]
2023-10-10 22:19:31|info|[ VIEW ] /www/wwwroot/qingyuan/public/index.html [ array (
) ]
2023-10-10 22:19:32|info|[ VIEW ] /www/wwwroot/qingyuan/public/index.html [ array (
) ]
2023-10-10 22:19:32|info|[ VIEW ] /www/wwwroot/qingyuan/public/index.html [ array (
) ]
2023-10-10 22:20:41|info|[ VIEW ] /www/wwwroot/qingyuan/public/index.html [ array (
) ]
2023-10-10 22:20:43|info|[ VIEW ] /www/wwwroot/qingyuan/public/index.html [ array (
) ]
2023-10-10 22:20:43|info|[ VIEW ] /www/wwwroot/qingyuan/public/index.html [ array (
) ]
2023-10-10 22:20:44|info|[ VIEW ] /www/wwwroot/qingyuan/public/index.html [ array (
) ]
2023-10-10 22:20:44|info|[ VIEW ] /www/wwwroot/qingyuan/public/index.html [ array (
) ]
2023-10-10 22:20:48|info|[ VIEW ] /www/wwwroot/qingyuan/public/index.html [ array (
) ]
2023-10-10 22:21:15|info|[ VIEW ] /www/wwwroot/qingyuan/public/index.html [ array (
) ]
2023-10-10 22:21:16|info|[ VIEW ] /www/wwwroot/qingyuan/public/index.html [ array (
) ]
2023-10-10 22:21:49|info|[ VIEW ] /www/wwwroot/qingyuan/public/index.html [ array (
) ]
2023-10-10 22:22:19|info|[ VIEW ] /www/wwwroot/qingyuan/public/index.html [ array (
) ]
2023-10-10 22:22:21|info|[ VIEW ] /www/wwwroot/qingyuan/public/index.html [ array (
) ]
2023-10-10 22:22:35|info|[ VIEW ] /www/wwwroot/qingyuan/public/index.html [ array (
) ]
2023-10-10 22:23:19|info|[ VIEW ] /www/wwwroot/qingyuan/public/index.html [ array (
) ]
2023-10-10 22:24:05|info|[ VIEW ] /www/wwwroot/qingyuan/public/index.html [ array (
) ]
2023-10-10 22:24:07|info|[ VIEW ] /www/wwwroot/qingyuan/public/index.html [ array (
) ]
2023-10-10 22:24:37|info|[ VIEW ] /www/wwwroot/qingyuan/public/index.html [ array (
) ]
2023-10-10 22:24:38|info|[ VIEW ] /www/wwwroot/qingyuan/public/index.html [ array (
) ]
2023-10-10 22:24:48|info|[ VIEW ] /www/wwwroot/qingyuan/public/index.html [ array (
) ]
2023-10-10 22:24:50|info|[ VIEW ] /www/wwwroot/qingyuan/public/index.html [ array (
) ]
2023-10-10 22:25:43|info|[ VIEW ] /www/wwwroot/qingyuan/public/index.html [ array (
) ]
2023-10-10 22:25:45|info|[ VIEW ] /www/wwwroot/qingyuan/public/index.html [ array (
) ]
2023-10-10 22:26:10|info|[ VIEW ] /www/wwwroot/qingyuan/public/index.html [ array (
) ]
2023-10-10 22:26:11|info|[ VIEW ] /www/wwwroot/qingyuan/public/index.html [ array (
) ]
2023-10-10 22:26:51|info|[ VIEW ] /www/wwwroot/qingyuan/public/index.html [ array (
) ]
2023-10-10 22:26:52|info|[ VIEW ] /www/wwwroot/qingyuan/public/index.html [ array (
) ]
2023-10-10 22:28:28|info|[ VIEW ] /www/wwwroot/qingyuan/public/index.html [ array (
) ]
2023-10-10 22:28:32|info|[ VIEW ] /www/wwwroot/qingyuan/public/mobile.html [ array (
  0 => 'siteName',
  1 => 'siteUrl',
) ]
2023-10-10 22:31:48|info|[ VIEW ] /www/wwwroot/qingyuan/public/mobile.html [ array (
  0 => 'siteName',
  1 => 'siteUrl',
) ]
2023-10-10 22:31:48|info|[ VIEW ] /www/wwwroot/qingyuan/public/index.html [ array (
) ]
2023-10-10 22:31:49|info|[ VIEW ] /www/wwwroot/qingyuan/public/index.html [ array (
) ]
2023-10-10 22:33:13|info|[ VIEW ] /www/wwwroot/qingyuan/public/index.html [ array (
) ]
2023-10-10 22:33:14|info|[ VIEW ] /www/wwwroot/qingyuan/public/index.html [ array (
) ]
2023-10-10 22:33:19|info|[ VIEW ] /www/wwwroot/qingyuan/public/index.html [ array (
) ]
2023-10-10 22:33:20|info|[ VIEW ] /www/wwwroot/qingyuan/public/index.html [ array (
) ]
2023-10-10 22:33:50|info|[ VIEW ] /www/wwwroot/qingyuan/public/index.html [ array (
) ]
2023-10-10 22:33:52|info|[ VIEW ] /www/wwwroot/qingyuan/public/index.html [ array (
) ]
2023-10-10 22:33:55|info|[ VIEW ] /www/wwwroot/qingyuan/public/mobile.html [ array (
  0 => 'siteName',
  1 => 'siteUrl',
) ]
2023-10-10 22:33:55|info|[ VIEW ] /www/wwwroot/qingyuan/public/index.html [ array (
) ]
2023-10-10 22:33:56|info|[ VIEW ] /www/wwwroot/qingyuan/public/index.html [ array (
) ]
2023-10-10 22:34:38|info|[ VIEW ] /www/wwwroot/qingyuan/public/index.html [ array (
) ]
2023-10-10 22:34:39|info|[ VIEW ] /www/wwwroot/qingyuan/public/index.html [ array (
) ]
2023-10-10 22:35:22|info|[ VIEW ] /www/wwwroot/qingyuan/public/index.html [ array (
) ]
2023-10-10 22:35:24|info|[ VIEW ] /www/wwwroot/qingyuan/public/index.html [ array (
) ]
2023-10-10 22:36:22|info|[ VIEW ] /www/wwwroot/qingyuan/public/mobile.html [ array (
  0 => 'siteName',
  1 => 'siteUrl',
) ]
2023-10-10 22:36:23|info|[ VIEW ] /www/wwwroot/qingyuan/public/index.html [ array (
) ]
2023-10-10 22:36:24|info|[ VIEW ] /www/wwwroot/qingyuan/public/index.html [ array (
) ]
2023-10-10 22:36:53|info|[ VIEW ] /www/wwwroot/qingyuan/public/index.html [ array (
) ]
2023-10-10 22:39:29|info|[ VIEW ] /www/wwwroot/qingyuan/public/index.html [ array (
) ]
2023-10-10 22:39:31|info|[ VIEW ] /www/wwwroot/qingyuan/public/index.html [ array (
) ]
2023-10-10 22:46:53|info|[ VIEW ] /www/wwwroot/qingyuan/public/mobile.html [ array (
  0 => 'siteName',
  1 => 'siteUrl',
) ]
2023-10-10 22:49:55|info|[ VIEW ] /www/wwwroot/qingyuan/public/mobile.html [ array (
  0 => 'siteName',
  1 => 'siteUrl',
) ]
2023-10-10 22:54:32|info|[ VIEW ] /www/wwwroot/qingyuan/public/index.html [ array (
) ]
2023-10-10 22:54:34|info|[ VIEW ] /www/wwwroot/qingyuan/public/index.html [ array (
) ]
2023-10-10 23:00:03|info|[ VIEW ] /www/wwwroot/qingyuan/public/index.html [ array (
) ]
2023-10-10 23:00:04|info|[ VIEW ] /www/wwwroot/qingyuan/public/index.html [ array (
) ]
2023-10-10 23:01:44|info|[ VIEW ] /www/wwwroot/qingyuan/public/index.html [ array (
) ]
2023-10-10 23:15:46|info|[ VIEW ] /www/wwwroot/qingyuan/public/mobile.html [ array (
  0 => 'siteName',
  1 => 'siteUrl',
) ]
2023-10-10 23:56:31|info|[ VIEW ] /www/wwwroot/qingyuan/public/index.html [ array (
) ]
2023-10-10 23:56:32|info|[ VIEW ] /www/wwwroot/qingyuan/public/index.html [ array (
) ]
2023-10-10 23:56:34|info|[ VIEW ] /www/wwwroot/qingyuan/public/index.html [ array (
) ]
