2023-10-09 16:51:55|info|[ VIEW ] /www/wwwroot/qingyuan/public/mobile.html [ array (
  0 => 'siteName',
  1 => 'siteUrl',
) ]
2023-10-09 18:04:40|info|[ VIEW ] /www/wwwroot/qingyuan/public/mobile.html [ array (
  0 => 'siteName',
  1 => 'siteUrl',
) ]
2023-10-09 18:04:59|info|[ VIEW ] /www/wwwroot/qingyuan/public/mobile.html [ array (
  0 => 'siteName',
  1 => 'siteUrl',
) ]
2023-10-09 19:05:18|info|[ VIEW ] /www/wwwroot/qingyuan/public/mobile.html [ array (
  0 => 'siteName',
  1 => 'siteUrl',
) ]
2023-10-09 19:39:32|info|[ VIEW ] /www/wwwroot/qingyuan/public/index.html [ array (
) ]
2023-10-09 19:39:34|info|[ VIEW ] /www/wwwroot/qingyuan/public/index.html [ array (
) ]
2023-10-09 19:39:51|info|[ VIEW ] /www/wwwroot/qingyuan/public/index.html [ array (
) ]
2023-10-09 19:39:55|info|[ VIEW ] /www/wwwroot/qingyuan/public/index.html [ array (
) ]
2023-10-09 19:40:01|info|[ VIEW ] /www/wwwroot/qingyuan/public/index.html [ array (
) ]
2023-10-09 19:40:02|info|[ VIEW ] /www/wwwroot/qingyuan/public/index.html [ array (
) ]
2023-10-09 19:40:32|info|[ VIEW ] /www/wwwroot/qingyuan/public/index.html [ array (
) ]
2023-10-09 19:40:33|info|[ VIEW ] /www/wwwroot/qingyuan/public/index.html [ array (
) ]
2023-10-09 19:40:42|info|[ VIEW ] /www/wwwroot/qingyuan/public/index.html [ array (
) ]
2023-10-09 19:40:44|info|[ VIEW ] /www/wwwroot/qingyuan/public/index.html [ array (
) ]
2023-10-09 19:40:48|info|[ VIEW ] /www/wwwroot/qingyuan/public/index.html [ array (
) ]
2023-10-09 19:40:50|info|[ VIEW ] /www/wwwroot/qingyuan/public/index.html [ array (
) ]
2023-10-09 19:40:58|info|[ VIEW ] /www/wwwroot/qingyuan/public/index.html [ array (
) ]
2023-10-09 19:41:00|info|[ VIEW ] /www/wwwroot/qingyuan/public/index.html [ array (
) ]
2023-10-09 19:41:06|info|[ VIEW ] /www/wwwroot/qingyuan/public/index.html [ array (
) ]
2023-10-09 19:41:10|info|[ VIEW ] /www/wwwroot/qingyuan/public/index.html [ array (
) ]
2023-10-09 19:41:12|info|[ VIEW ] /www/wwwroot/qingyuan/public/index.html [ array (
) ]
2023-10-09 19:41:19|info|[ VIEW ] /www/wwwroot/qingyuan/public/index.html [ array (
) ]
2023-10-09 19:41:32|info|[ VIEW ] /www/wwwroot/qingyuan/public/index.html [ array (
) ]
2023-10-09 19:41:38|info|[ VIEW ] /www/wwwroot/qingyuan/public/index.html [ array (
) ]
2023-10-09 19:41:41|info|[ VIEW ] /www/wwwroot/qingyuan/public/index.html [ array (
) ]
2023-10-09 19:41:49|info|[ VIEW ] /www/wwwroot/qingyuan/public/index.html [ array (
) ]
2023-10-09 19:41:52|info|[ VIEW ] /www/wwwroot/qingyuan/public/index.html [ array (
) ]
2023-10-09 19:41:52|info|[ VIEW ] /www/wwwroot/qingyuan/public/index.html [ array (
) ]
2023-10-09 19:41:55|info|[ VIEW ] /www/wwwroot/qingyuan/public/index.html [ array (
) ]
2023-10-09 19:42:02|info|[ VIEW ] /www/wwwroot/qingyuan/public/index.html [ array (
) ]
2023-10-09 19:42:04|info|[ VIEW ] /www/wwwroot/qingyuan/public/index.html [ array (
) ]
2023-10-09 19:42:10|info|[ VIEW ] /www/wwwroot/qingyuan/public/index.html [ array (
) ]
2023-10-09 19:42:12|info|[ VIEW ] /www/wwwroot/qingyuan/public/index.html [ array (
) ]
2023-10-09 19:42:41|info|[ VIEW ] /www/wwwroot/qingyuan/public/index.html [ array (
) ]
2023-10-09 19:42:44|info|[ VIEW ] /www/wwwroot/qingyuan/public/index.html [ array (
) ]
2023-10-09 19:42:55|info|[ VIEW ] /www/wwwroot/qingyuan/public/index.html [ array (
) ]
2023-10-09 19:42:57|info|[ VIEW ] /www/wwwroot/qingyuan/public/index.html [ array (
) ]
2023-10-09 19:43:39|info|[ VIEW ] /www/wwwroot/qingyuan/public/index.html [ array (
) ]
2023-10-09 19:43:42|info|[ VIEW ] /www/wwwroot/qingyuan/public/index.html [ array (
) ]
2023-10-09 19:43:57|info|[ VIEW ] /www/wwwroot/qingyuan/public/index.html [ array (
) ]
2023-10-09 19:43:59|info|[ VIEW ] /www/wwwroot/qingyuan/public/index.html [ array (
) ]
2023-10-09 19:44:08|info|[ VIEW ] /www/wwwroot/qingyuan/public/index.html [ array (
) ]
2023-10-09 19:44:10|info|[ VIEW ] /www/wwwroot/qingyuan/public/index.html [ array (
) ]
2023-10-09 19:44:53|info|[ VIEW ] /www/wwwroot/qingyuan/public/index.html [ array (
) ]
2023-10-09 19:44:55|info|[ VIEW ] /www/wwwroot/qingyuan/public/index.html [ array (
) ]
2023-10-09 19:45:27|info|[ VIEW ] /www/wwwroot/qingyuan/public/index.html [ array (
) ]
2023-10-09 19:45:29|info|[ VIEW ] /www/wwwroot/qingyuan/public/index.html [ array (
) ]
2023-10-09 19:45:43|info|[ VIEW ] /www/wwwroot/qingyuan/public/index.html [ array (
) ]
2023-10-09 19:45:45|info|[ VIEW ] /www/wwwroot/qingyuan/public/index.html [ array (
) ]
2023-10-09 19:46:22|info|[ VIEW ] /www/wwwroot/qingyuan/public/index.html [ array (
) ]
2023-10-09 19:46:24|info|[ VIEW ] /www/wwwroot/qingyuan/public/index.html [ array (
) ]
2023-10-09 19:46:42|info|[ VIEW ] /www/wwwroot/qingyuan/public/index.html [ array (
) ]
2023-10-09 19:46:45|info|[ VIEW ] /www/wwwroot/qingyuan/public/index.html [ array (
) ]
2023-10-09 19:47:02|info|[ VIEW ] /www/wwwroot/qingyuan/public/index.html [ array (
) ]
2023-10-09 19:47:05|info|[ VIEW ] /www/wwwroot/qingyuan/public/index.html [ array (
) ]
2023-10-09 19:47:19|info|[ VIEW ] /www/wwwroot/qingyuan/public/index.html [ array (
) ]
2023-10-09 19:47:20|info|[ VIEW ] /www/wwwroot/qingyuan/public/index.html [ array (
) ]
2023-10-09 19:47:27|info|[ VIEW ] /www/wwwroot/qingyuan/public/index.html [ array (
) ]
2023-10-09 19:47:31|info|[ VIEW ] /www/wwwroot/qingyuan/public/index.html [ array (
) ]
2023-10-09 19:48:37|info|[ VIEW ] /www/wwwroot/qingyuan/public/index.html [ array (
) ]
2023-10-09 19:48:39|info|[ VIEW ] /www/wwwroot/qingyuan/public/index.html [ array (
) ]
2023-10-09 20:12:13|info|[ VIEW ] /www/wwwroot/qingyuan/public/mobile.html [ array (
  0 => 'siteName',
  1 => 'siteUrl',
) ]
2023-10-09 20:12:13|info|[ VIEW ] /www/wwwroot/qingyuan/public/index.html [ array (
) ]
2023-10-09 20:12:14|info|[ VIEW ] /www/wwwroot/qingyuan/public/index.html [ array (
) ]
2023-10-09 20:12:17|info|[ VIEW ] /www/wwwroot/qingyuan/public/admin/index.html [ array (
) ]
2023-10-09 20:12:18|info|[ VIEW ] /www/wwwroot/qingyuan/public/mobile.html [ array (
  0 => 'siteName',
  1 => 'siteUrl',
) ]
2023-10-09 20:12:18|info|[ VIEW ] /www/wwwroot/qingyuan/public/mobile.html [ array (
  0 => 'siteName',
  1 => 'siteUrl',
) ]
2023-10-09 20:13:09|info|[ VIEW ] /www/wwwroot/qingyuan/public/index.html [ array (
) ]
2023-10-09 20:13:11|info|[ VIEW ] /www/wwwroot/qingyuan/public/index.html [ array (
) ]
2023-10-09 20:16:24|info|[ VIEW ] /www/wwwroot/qingyuan/public/index.html [ array (
) ]
2023-10-09 20:16:27|info|[ VIEW ] /www/wwwroot/qingyuan/public/index.html [ array (
) ]
2023-10-09 20:32:41|info|[ VIEW ] /www/wwwroot/qingyuan/public/mobile.html [ array (
  0 => 'siteName',
  1 => 'siteUrl',
) ]
2023-10-09 20:33:16|info|[ VIEW ] /www/wwwroot/qingyuan/public/mobile.html [ array (
  0 => 'siteName',
  1 => 'siteUrl',
) ]
2023-10-09 20:33:16|info|[ VIEW ] /www/wwwroot/qingyuan/public/index.html [ array (
) ]
2023-10-09 20:33:18|info|[ VIEW ] /www/wwwroot/qingyuan/public/index.html [ array (
) ]
2023-10-09 20:37:50|info|[ VIEW ] /www/wwwroot/qingyuan/public/index.html [ array (
) ]
2023-10-09 21:12:17|info|[ VIEW ] /www/wwwroot/qingyuan/public/mobile.html [ array (
  0 => 'siteName',
  1 => 'siteUrl',
) ]
2023-10-09 21:12:27|info|[ VIEW ] /www/wwwroot/qingyuan/public/mobile.html [ array (
  0 => 'siteName',
  1 => 'siteUrl',
) ]
2023-10-09 21:12:27|info|[ VIEW ] /www/wwwroot/qingyuan/public/index.html [ array (
) ]
2023-10-09 21:12:37|info|[ VIEW ] /www/wwwroot/qingyuan/public/index.html [ array (
) ]
2023-10-09 21:20:00|info|[ VIEW ] /www/wwwroot/qingyuan/public/index.html [ array (
) ]
2023-10-09 21:20:03|info|[ VIEW ] /www/wwwroot/qingyuan/public/index.html [ array (
) ]
2023-10-09 21:21:02|info|[ VIEW ] /www/wwwroot/qingyuan/public/index.html [ array (
) ]
2023-10-09 21:21:19|info|[ VIEW ] /www/wwwroot/qingyuan/public/index.html [ array (
) ]
2023-10-09 21:21:20|info|[ VIEW ] /www/wwwroot/qingyuan/public/index.html [ array (
) ]
2023-10-09 21:32:04|info|[ VIEW ] /www/wwwroot/qingyuan/public/index.html [ array (
) ]
2023-10-09 21:32:10|info|[ VIEW ] /www/wwwroot/qingyuan/public/index.html [ array (
) ]
2023-10-09 21:33:01|info|[ VIEW ] /www/wwwroot/qingyuan/public/index.html [ array (
) ]
2023-10-09 21:33:15|info|[ VIEW ] /www/wwwroot/qingyuan/public/index.html [ array (
) ]
2023-10-09 21:34:29|info|[ VIEW ] /www/wwwroot/qingyuan/public/index.html [ array (
) ]
2023-10-09 21:34:31|info|[ VIEW ] /www/wwwroot/qingyuan/public/index.html [ array (
) ]
2023-10-09 21:35:08|info|[ VIEW ] /www/wwwroot/qingyuan/public/index.html [ array (
) ]
2023-10-09 21:40:31|info|[ VIEW ] /www/wwwroot/qingyuan/public/index.html [ array (
) ]
