2023-10-13 00:46:01|info|[ VIEW ] /www/wwwroot/qingyuan/public/mobile.html [ array (
  0 => 'siteName',
  1 => 'siteUrl',
) ]
2023-10-13 01:04:05|info|[ VIEW ] /www/wwwroot/qingyuan/public/mobile.html [ array (
  0 => 'siteName',
  1 => 'siteUrl',
) ]
2023-10-13 01:51:53|info|[ VIEW ] /www/wwwroot/qingyuan/public/mobile.html [ array (
  0 => 'siteName',
  1 => 'siteUrl',
) ]
2023-10-13 02:10:12|info|[ VIEW ] /www/wwwroot/qingyuan/public/index.html [ array (
) ]
2023-10-13 03:41:53|info|[ VIEW ] /www/wwwroot/qingyuan/public/mobile.html [ array (
  0 => 'siteName',
  1 => 'siteUrl',
) ]
2023-10-13 04:03:22|info|[ VIEW ] /www/wwwroot/qingyuan/public/mobile.html [ array (
  0 => 'siteName',
  1 => 'siteUrl',
) ]
2023-10-13 04:05:36|info|[ VIEW ] /www/wwwroot/qingyuan/public/index.html [ array (
) ]
2023-10-13 04:17:07|info|[ VIEW ] /www/wwwroot/qingyuan/public/mobile.html [ array (
  0 => 'siteName',
  1 => 'siteUrl',
) ]
2023-10-13 04:23:50|info|[ VIEW ] /www/wwwroot/qingyuan/public/mobile.html [ array (
  0 => 'siteName',
  1 => 'siteUrl',
) ]
2023-10-13 04:39:31|info|[ VIEW ] /www/wwwroot/qingyuan/public/mobile.html [ array (
  0 => 'siteName',
  1 => 'siteUrl',
) ]
2023-10-13 05:07:46|info|[ VIEW ] /www/wwwroot/qingyuan/public/mobile.html [ array (
  0 => 'siteName',
  1 => 'siteUrl',
) ]
2023-10-13 05:27:46|info|[ VIEW ] /www/wwwroot/qingyuan/public/index.html [ array (
) ]
2023-10-13 05:47:11|info|[ VIEW ] /www/wwwroot/qingyuan/public/mobile.html [ array (
  0 => 'siteName',
  1 => 'siteUrl',
) ]
2023-10-13 05:56:39|info|[ VIEW ] /www/wwwroot/qingyuan/public/mobile.html [ array (
  0 => 'siteName',
  1 => 'siteUrl',
) ]
2023-10-13 06:33:13|info|[ VIEW ] /www/wwwroot/qingyuan/public/mobile.html [ array (
  0 => 'siteName',
  1 => 'siteUrl',
) ]
2023-10-13 06:42:16|info|[ VIEW ] /www/wwwroot/qingyuan/public/mobile.html [ array (
  0 => 'siteName',
  1 => 'siteUrl',
) ]
2023-10-13 07:07:35|info|[ VIEW ] /www/wwwroot/qingyuan/public/mobile.html [ array (
  0 => 'siteName',
  1 => 'siteUrl',
) ]
2023-10-13 07:07:35|info|[ VIEW ] /www/wwwroot/qingyuan/public/mobile.html [ array (
  0 => 'siteName',
  1 => 'siteUrl',
) ]
2023-10-13 07:14:30|info|[ VIEW ] /www/wwwroot/qingyuan/public/mobile.html [ array (
  0 => 'siteName',
  1 => 'siteUrl',
) ]
2023-10-13 07:32:33|info|[ VIEW ] /www/wwwroot/qingyuan/public/mobile.html [ array (
  0 => 'siteName',
  1 => 'siteUrl',
) ]
2023-10-13 07:50:52|info|[ VIEW ] /www/wwwroot/qingyuan/public/mobile.html [ array (
  0 => 'siteName',
  1 => 'siteUrl',
) ]
2023-10-13 08:09:54|info|[ VIEW ] /www/wwwroot/qingyuan/public/mobile.html [ array (
  0 => 'siteName',
  1 => 'siteUrl',
) ]
2023-10-13 08:21:44|info|[ VIEW ] /www/wwwroot/qingyuan/public/mobile.html [ array (
  0 => 'siteName',
  1 => 'siteUrl',
) ]
2023-10-13 08:21:46|info|[ VIEW ] /www/wwwroot/qingyuan/public/mobile.html [ array (
  0 => 'siteName',
  1 => 'siteUrl',
) ]
2023-10-13 09:01:30|info|[ VIEW ] /www/wwwroot/qingyuan/public/index.html [ array (
) ]
2023-10-13 09:01:33|info|[ VIEW ] /www/wwwroot/qingyuan/public/index.html [ array (
) ]
2023-10-13 09:14:06|info|[ VIEW ] /www/wwwroot/qingyuan/public/mobile.html [ array (
  0 => 'siteName',
  1 => 'siteUrl',
) ]
2023-10-13 10:04:12|info|[ VIEW ] /www/wwwroot/qingyuan/public/mobile.html [ array (
  0 => 'siteName',
  1 => 'siteUrl',
) ]
2023-10-13 10:19:08|info|[ VIEW ] /www/wwwroot/qingyuan/public/mobile.html [ array (
  0 => 'siteName',
  1 => 'siteUrl',
) ]
2023-10-13 10:19:08|info|[ VIEW ] /www/wwwroot/qingyuan/public/mobile.html [ array (
  0 => 'siteName',
  1 => 'siteUrl',
) ]
2023-10-13 10:21:38|info|[ VIEW ] /www/wwwroot/qingyuan/public/mobile.html [ array (
  0 => 'siteName',
  1 => 'siteUrl',
) ]
2023-10-13 10:21:38|info|[ VIEW ] /www/wwwroot/qingyuan/public/mobile.html [ array (
  0 => 'siteName',
  1 => 'siteUrl',
) ]
2023-10-13 10:23:26|info|[ VIEW ] /www/wwwroot/qingyuan/public/admin/index.html [ array (
) ]
2023-10-13 10:23:27|info|[ VIEW ] /www/wwwroot/qingyuan/public/mobile.html [ array (
  0 => 'siteName',
  1 => 'siteUrl',
) ]
2023-10-13 10:23:27|info|[ VIEW ] /www/wwwroot/qingyuan/public/mobile.html [ array (
  0 => 'siteName',
  1 => 'siteUrl',
) ]
2023-10-13 10:25:20|info|[ VIEW ] /www/wwwroot/qingyuan/public/mobile.html [ array (
  0 => 'siteName',
  1 => 'siteUrl',
) ]
2023-10-13 10:25:21|info|[ VIEW ] /www/wwwroot/qingyuan/public/index.html [ array (
) ]
2023-10-13 10:25:22|info|[ VIEW ] /www/wwwroot/qingyuan/public/index.html [ array (
) ]
2023-10-13 10:31:04|info|[ VIEW ] /www/wwwroot/qingyuan/public/admin/index.html [ array (
) ]
2023-10-13 10:31:05|info|[ VIEW ] /www/wwwroot/qingyuan/public/mobile.html [ array (
  0 => 'siteName',
  1 => 'siteUrl',
) ]
2023-10-13 10:31:06|info|[ VIEW ] /www/wwwroot/qingyuan/public/mobile.html [ array (
  0 => 'siteName',
  1 => 'siteUrl',
) ]
2023-10-13 10:51:11|info|[ VIEW ] /www/wwwroot/qingyuan/public/mobile.html [ array (
  0 => 'siteName',
  1 => 'siteUrl',
) ]
2023-10-13 10:55:09|info|[ VIEW ] /www/wwwroot/qingyuan/public/mobile.html [ array (
  0 => 'siteName',
  1 => 'siteUrl',
) ]
2023-10-13 10:56:58|info|[ VIEW ] /www/wwwroot/qingyuan/public/mobile.html [ array (
  0 => 'siteName',
  1 => 'siteUrl',
) ]
2023-10-13 10:58:48|info|[ VIEW ] /www/wwwroot/qingyuan/public/index.html [ array (
) ]
2023-10-13 10:58:51|info|[ VIEW ] /www/wwwroot/qingyuan/public/index.html [ array (
) ]
2023-10-13 10:58:53|info|[ VIEW ] /www/wwwroot/qingyuan/public/index.html [ array (
) ]
2023-10-13 11:05:41|info|[ VIEW ] /www/wwwroot/qingyuan/public/mobile.html [ array (
  0 => 'siteName',
  1 => 'siteUrl',
) ]
2023-10-13 11:11:23|info|[ VIEW ] /www/wwwroot/qingyuan/public/index.html [ array (
) ]
2023-10-13 11:11:24|info|[ VIEW ] /www/wwwroot/qingyuan/public/index.html [ array (
) ]
2023-10-13 11:12:35|info|[ VIEW ] /www/wwwroot/qingyuan/public/index.html [ array (
) ]
2023-10-13 11:12:36|info|[ VIEW ] /www/wwwroot/qingyuan/public/index.html [ array (
) ]
2023-10-13 11:18:59|info|[ VIEW ] /www/wwwroot/qingyuan/public/index.html [ array (
) ]
2023-10-13 11:24:37|info|[ VIEW ] /www/wwwroot/qingyuan/public/admin/index.html [ array (
) ]
2023-10-13 11:24:38|info|[ VIEW ] /www/wwwroot/qingyuan/public/mobile.html [ array (
  0 => 'siteName',
  1 => 'siteUrl',
) ]
2023-10-13 11:24:38|info|[ VIEW ] /www/wwwroot/qingyuan/public/mobile.html [ array (
  0 => 'siteName',
  1 => 'siteUrl',
) ]
2023-10-13 11:25:33|info|[ VIEW ] /www/wwwroot/qingyuan/public/mobile.html [ array (
  0 => 'siteName',
  1 => 'siteUrl',
) ]
2023-10-13 11:27:13|info|[ VIEW ] /www/wwwroot/qingyuan/public/admin/index.html [ array (
) ]
2023-10-13 11:27:13|info|[ VIEW ] /www/wwwroot/qingyuan/public/mobile.html [ array (
  0 => 'siteName',
  1 => 'siteUrl',
) ]
2023-10-13 11:27:14|info|[ VIEW ] /www/wwwroot/qingyuan/public/mobile.html [ array (
  0 => 'siteName',
  1 => 'siteUrl',
) ]
2023-10-13 11:44:07|info|[ VIEW ] /www/wwwroot/qingyuan/public/mobile.html [ array (
  0 => 'siteName',
  1 => 'siteUrl',
) ]
2023-10-13 11:44:39|info|[ VIEW ] /www/wwwroot/qingyuan/public/mobile.html [ array (
  0 => 'siteName',
  1 => 'siteUrl',
) ]
2023-10-13 11:44:42|info|[ VIEW ] /www/wwwroot/qingyuan/public/mobile.html [ array (
  0 => 'siteName',
  1 => 'siteUrl',
) ]
2023-10-13 11:45:03|info|[ VIEW ] /www/wwwroot/qingyuan/public/index.html [ array (
) ]
2023-10-13 11:45:52|info|[ VIEW ] /www/wwwroot/qingyuan/public/index.html [ array (
) ]
2023-10-13 11:47:12|info|[ VIEW ] /www/wwwroot/qingyuan/public/index.html [ array (
) ]
2023-10-13 11:50:07|info|[ VIEW ] /www/wwwroot/qingyuan/public/index.html [ array (
) ]
2023-10-13 11:50:09|info|[ VIEW ] /www/wwwroot/qingyuan/public/index.html [ array (
) ]
2023-10-13 11:50:24|info|[ VIEW ] /www/wwwroot/qingyuan/public/index.html [ array (
) ]
2023-10-13 11:50:25|info|[ VIEW ] /www/wwwroot/qingyuan/public/index.html [ array (
) ]
2023-10-13 11:51:16|info|[ VIEW ] /www/wwwroot/qingyuan/public/index.html [ array (
) ]
2023-10-13 13:05:25|info|[ VIEW ] /www/wwwroot/qingyuan/public/mobile.html [ array (
  0 => 'siteName',
  1 => 'siteUrl',
) ]
2023-10-13 13:09:21|info|[ VIEW ] /www/wwwroot/qingyuan/public/mobile.html [ array (
  0 => 'siteName',
  1 => 'siteUrl',
) ]
2023-10-13 13:09:21|info|[ VIEW ] /www/wwwroot/qingyuan/public/index.html [ array (
) ]
2023-10-13 13:09:22|info|[ VIEW ] /www/wwwroot/qingyuan/public/index.html [ array (
) ]
2023-10-13 13:16:27|info|[ VIEW ] /www/wwwroot/qingyuan/public/index.html [ array (
) ]
2023-10-13 13:16:29|info|[ VIEW ] /www/wwwroot/qingyuan/public/index.html [ array (
) ]
2023-10-13 13:17:52|info|[ VIEW ] /www/wwwroot/qingyuan/public/index.html [ array (
) ]
2023-10-13 13:17:53|info|[ VIEW ] /www/wwwroot/qingyuan/public/index.html [ array (
) ]
2023-10-13 13:17:55|info|[ VIEW ] /www/wwwroot/qingyuan/public/index.html [ array (
) ]
2023-10-13 13:17:56|info|[ VIEW ] /www/wwwroot/qingyuan/public/index.html [ array (
) ]
2023-10-13 13:18:55|info|[ VIEW ] /www/wwwroot/qingyuan/public/index.html [ array (
) ]
2023-10-13 13:19:22|info|[ VIEW ] /www/wwwroot/qingyuan/public/index.html [ array (
) ]
2023-10-13 13:19:23|info|[ VIEW ] /www/wwwroot/qingyuan/public/index.html [ array (
) ]
2023-10-13 13:19:38|info|[ VIEW ] /www/wwwroot/qingyuan/public/index.html [ array (
) ]
2023-10-13 13:19:39|info|[ VIEW ] /www/wwwroot/qingyuan/public/index.html [ array (
) ]
2023-10-13 13:19:41|info|[ VIEW ] /www/wwwroot/qingyuan/public/index.html [ array (
) ]
2023-10-13 13:19:46|info|[ VIEW ] /www/wwwroot/qingyuan/public/index.html [ array (
) ]
2023-10-13 13:20:34|info|[ VIEW ] /www/wwwroot/qingyuan/public/index.html [ array (
) ]
2023-10-13 13:20:35|info|[ VIEW ] /www/wwwroot/qingyuan/public/index.html [ array (
) ]
2023-10-13 13:20:44|info|[ VIEW ] /www/wwwroot/qingyuan/public/index.html [ array (
) ]
2023-10-13 13:20:53|info|[ VIEW ] /www/wwwroot/qingyuan/public/index.html [ array (
) ]
2023-10-13 13:21:29|info|[ VIEW ] /www/wwwroot/qingyuan/public/index.html [ array (
) ]
2023-10-13 13:21:31|info|[ VIEW ] /www/wwwroot/qingyuan/public/index.html [ array (
) ]
2023-10-13 13:26:40|info|[ VIEW ] /www/wwwroot/qingyuan/public/index.html [ array (
) ]
2023-10-13 13:26:41|info|[ VIEW ] /www/wwwroot/qingyuan/public/index.html [ array (
) ]
2023-10-13 13:27:58|info|[ VIEW ] /www/wwwroot/qingyuan/public/index.html [ array (
) ]
2023-10-13 13:27:58|info|[ VIEW ] /www/wwwroot/qingyuan/public/index.html [ array (
) ]
2023-10-13 13:27:59|info|[ VIEW ] /www/wwwroot/qingyuan/public/index.html [ array (
) ]
2023-10-13 13:28:10|info|[ VIEW ] /www/wwwroot/qingyuan/public/index.html [ array (
) ]
2023-10-13 13:28:12|info|[ VIEW ] /www/wwwroot/qingyuan/public/index.html [ array (
) ]
2023-10-13 13:28:17|info|[ VIEW ] /www/wwwroot/qingyuan/public/index.html [ array (
) ]
2023-10-13 13:28:19|info|[ VIEW ] /www/wwwroot/qingyuan/public/index.html [ array (
) ]
2023-10-13 13:31:04|info|[ VIEW ] /www/wwwroot/qingyuan/public/index.html [ array (
) ]
2023-10-13 13:31:11|info|[ VIEW ] /www/wwwroot/qingyuan/public/index.html [ array (
) ]
2023-10-13 13:31:13|info|[ VIEW ] /www/wwwroot/qingyuan/public/index.html [ array (
) ]
2023-10-13 13:31:15|info|[ VIEW ] /www/wwwroot/qingyuan/public/index.html [ array (
) ]
2023-10-13 13:31:48|info|[ VIEW ] /www/wwwroot/qingyuan/public/index.html [ array (
) ]
2023-10-13 13:31:49|info|[ VIEW ] /www/wwwroot/qingyuan/public/index.html [ array (
) ]
2023-10-13 13:33:19|info|[ VIEW ] /www/wwwroot/qingyuan/public/index.html [ array (
) ]
2023-10-13 13:33:20|info|[ VIEW ] /www/wwwroot/qingyuan/public/index.html [ array (
) ]
2023-10-13 13:33:40|info|[ VIEW ] /www/wwwroot/qingyuan/public/index.html [ array (
) ]
2023-10-13 13:33:41|info|[ VIEW ] /www/wwwroot/qingyuan/public/index.html [ array (
) ]
2023-10-13 13:33:47|info|[ VIEW ] /www/wwwroot/qingyuan/public/index.html [ array (
) ]
2023-10-13 13:33:48|info|[ VIEW ] /www/wwwroot/qingyuan/public/index.html [ array (
) ]
2023-10-13 13:34:25|info|[ VIEW ] /www/wwwroot/qingyuan/public/admin/index.html [ array (
) ]
2023-10-13 13:34:25|info|[ VIEW ] /www/wwwroot/qingyuan/public/mobile.html [ array (
  0 => 'siteName',
  1 => 'siteUrl',
) ]
2023-10-13 13:34:25|info|[ VIEW ] /www/wwwroot/qingyuan/public/index.html [ array (
) ]
2023-10-13 13:34:25|info|[ VIEW ] /www/wwwroot/qingyuan/public/mobile.html [ array (
  0 => 'siteName',
  1 => 'siteUrl',
) ]
2023-10-13 13:34:27|info|[ VIEW ] /www/wwwroot/qingyuan/public/index.html [ array (
) ]
2023-10-13 13:35:12|info|[ VIEW ] /www/wwwroot/qingyuan/public/index.html [ array (
) ]
2023-10-13 13:35:14|info|[ VIEW ] /www/wwwroot/qingyuan/public/index.html [ array (
) ]
2023-10-13 13:35:16|info|[ VIEW ] /www/wwwroot/qingyuan/public/index.html [ array (
) ]
2023-10-13 13:35:32|info|[ VIEW ] /www/wwwroot/qingyuan/public/index.html [ array (
) ]
2023-10-13 13:35:33|info|[ VIEW ] /www/wwwroot/qingyuan/public/index.html [ array (
) ]
2023-10-13 13:35:39|info|[ VIEW ] /www/wwwroot/qingyuan/public/index.html [ array (
) ]
2023-10-13 13:35:40|info|[ VIEW ] /www/wwwroot/qingyuan/public/index.html [ array (
) ]
2023-10-13 13:35:53|info|[ VIEW ] /www/wwwroot/qingyuan/public/index.html [ array (
) ]
2023-10-13 13:35:55|info|[ VIEW ] /www/wwwroot/qingyuan/public/index.html [ array (
) ]
2023-10-13 13:36:05|info|[ VIEW ] /www/wwwroot/qingyuan/public/index.html [ array (
) ]
2023-10-13 13:36:06|info|[ VIEW ] /www/wwwroot/qingyuan/public/index.html [ array (
) ]
2023-10-13 13:36:37|info|[ VIEW ] /www/wwwroot/qingyuan/public/index.html [ array (
) ]
2023-10-13 13:36:38|info|[ VIEW ] /www/wwwroot/qingyuan/public/index.html [ array (
) ]
2023-10-13 13:36:41|info|[ VIEW ] /www/wwwroot/qingyuan/public/index.html [ array (
) ]
2023-10-13 13:36:42|info|[ VIEW ] /www/wwwroot/qingyuan/public/index.html [ array (
) ]
2023-10-13 13:36:49|info|[ VIEW ] /www/wwwroot/qingyuan/public/index.html [ array (
) ]
2023-10-13 13:36:50|info|[ VIEW ] /www/wwwroot/qingyuan/public/index.html [ array (
) ]
2023-10-13 13:37:09|info|[ VIEW ] /www/wwwroot/qingyuan/public/index.html [ array (
) ]
2023-10-13 13:37:10|info|[ VIEW ] /www/wwwroot/qingyuan/public/index.html [ array (
) ]
2023-10-13 13:37:37|info|[ VIEW ] /www/wwwroot/qingyuan/public/index.html [ array (
) ]
2023-10-13 13:37:38|info|[ VIEW ] /www/wwwroot/qingyuan/public/index.html [ array (
) ]
2023-10-13 13:37:43|info|[ VIEW ] /www/wwwroot/qingyuan/public/index.html [ array (
) ]
2023-10-13 13:37:44|info|[ VIEW ] /www/wwwroot/qingyuan/public/index.html [ array (
) ]
2023-10-13 13:37:46|info|[ VIEW ] /www/wwwroot/qingyuan/public/index.html [ array (
) ]
2023-10-13 13:37:47|info|[ VIEW ] /www/wwwroot/qingyuan/public/index.html [ array (
) ]
2023-10-13 13:37:49|info|[ VIEW ] /www/wwwroot/qingyuan/public/index.html [ array (
) ]
2023-10-13 13:37:51|info|[ VIEW ] /www/wwwroot/qingyuan/public/admin/index.html [ array (
) ]
2023-10-13 13:37:56|info|[ VIEW ] /www/wwwroot/qingyuan/public/mobile.html [ array (
  0 => 'siteName',
  1 => 'siteUrl',
) ]
2023-10-13 13:37:56|info|[ VIEW ] /www/wwwroot/qingyuan/public/mobile.html [ array (
  0 => 'siteName',
  1 => 'siteUrl',
) ]
2023-10-13 13:37:58|info|[ VIEW ] /www/wwwroot/qingyuan/public/index.html [ array (
) ]
2023-10-13 13:41:09|info|[ VIEW ] /www/wwwroot/qingyuan/public/index.html [ array (
) ]
2023-10-13 13:41:11|info|[ VIEW ] /www/wwwroot/qingyuan/public/index.html [ array (
) ]
2023-10-13 13:41:14|info|[ VIEW ] /www/wwwroot/qingyuan/public/index.html [ array (
) ]
2023-10-13 13:41:17|info|[ VIEW ] /www/wwwroot/qingyuan/public/index.html [ array (
) ]
2023-10-13 13:41:19|info|[ VIEW ] /www/wwwroot/qingyuan/public/index.html [ array (
) ]
2023-10-13 13:41:20|info|[ VIEW ] /www/wwwroot/qingyuan/public/index.html [ array (
) ]
2023-10-13 13:41:34|info|[ VIEW ] /www/wwwroot/qingyuan/public/index.html [ array (
) ]
2023-10-13 13:42:10|info|[ VIEW ] /www/wwwroot/qingyuan/public/index.html [ array (
) ]
2023-10-13 13:42:12|info|[ VIEW ] /www/wwwroot/qingyuan/public/index.html [ array (
) ]
2023-10-13 13:42:27|info|[ VIEW ] /www/wwwroot/qingyuan/public/index.html [ array (
) ]
2023-10-13 13:42:28|info|[ VIEW ] /www/wwwroot/qingyuan/public/index.html [ array (
) ]
2023-10-13 13:42:50|info|[ VIEW ] /www/wwwroot/qingyuan/public/index.html [ array (
) ]
2023-10-13 13:42:51|info|[ VIEW ] /www/wwwroot/qingyuan/public/index.html [ array (
) ]
2023-10-13 13:44:52|info|[ VIEW ] /www/wwwroot/qingyuan/public/index.html [ array (
) ]
2023-10-13 13:45:58|info|[ VIEW ] /www/wwwroot/qingyuan/public/index.html [ array (
) ]
2023-10-13 13:45:59|info|[ VIEW ] /www/wwwroot/qingyuan/public/index.html [ array (
) ]
2023-10-13 13:46:20|info|[ VIEW ] /www/wwwroot/qingyuan/public/mobile.html [ array (
  0 => 'siteName',
  1 => 'siteUrl',
) ]
2023-10-13 13:46:28|info|[ VIEW ] /www/wwwroot/qingyuan/public/index.html [ array (
) ]
2023-10-13 13:46:30|info|[ VIEW ] /www/wwwroot/qingyuan/public/index.html [ array (
) ]
2023-10-13 13:46:55|info|[ VIEW ] /www/wwwroot/qingyuan/public/index.html [ array (
) ]
2023-10-13 13:46:56|info|[ VIEW ] /www/wwwroot/qingyuan/public/index.html [ array (
) ]
2023-10-13 13:47:17|info|[ VIEW ] /www/wwwroot/qingyuan/public/index.html [ array (
) ]
2023-10-13 13:47:18|info|[ VIEW ] /www/wwwroot/qingyuan/public/index.html [ array (
) ]
2023-10-13 13:53:38|info|[ VIEW ] /www/wwwroot/qingyuan/public/mobile.html [ array (
  0 => 'siteName',
  1 => 'siteUrl',
) ]
2023-10-13 14:26:21|info|[ VIEW ] /www/wwwroot/qingyuan/public/index.html [ array (
) ]
2023-10-13 14:33:53|info|[ VIEW ] /www/wwwroot/qingyuan/public/mobile.html [ array (
  0 => 'siteName',
  1 => 'siteUrl',
) ]
2023-10-13 14:52:12|info|[ VIEW ] /www/wwwroot/qingyuan/public/mobile.html [ array (
  0 => 'siteName',
  1 => 'siteUrl',
) ]
2023-10-13 15:53:25|info|[ VIEW ] /www/wwwroot/qingyuan/public/admin/index.html [ array (
) ]
2023-10-13 15:53:27|info|[ VIEW ] /www/wwwroot/qingyuan/public/mobile.html [ array (
  0 => 'siteName',
  1 => 'siteUrl',
) ]
2023-10-13 15:53:27|info|[ VIEW ] /www/wwwroot/qingyuan/public/mobile.html [ array (
  0 => 'siteName',
  1 => 'siteUrl',
) ]
2023-10-13 15:55:56|info|[ VIEW ] /www/wwwroot/qingyuan/public/mobile.html [ array (
  0 => 'siteName',
  1 => 'siteUrl',
) ]
2023-10-13 15:55:57|info|[ VIEW ] /www/wwwroot/qingyuan/public/mobile.html [ array (
  0 => 'siteName',
  1 => 'siteUrl',
) ]
2023-10-13 16:02:06|info|[ VIEW ] /www/wwwroot/qingyuan/public/admin/index.html [ array (
) ]
2023-10-13 16:02:07|info|[ VIEW ] /www/wwwroot/qingyuan/public/mobile.html [ array (
  0 => 'siteName',
  1 => 'siteUrl',
) ]
2023-10-13 16:02:08|info|[ VIEW ] /www/wwwroot/qingyuan/public/mobile.html [ array (
  0 => 'siteName',
  1 => 'siteUrl',
) ]
2023-10-13 16:05:41|info|[ VIEW ] /www/wwwroot/qingyuan/public/admin/index.html [ array (
) ]
2023-10-13 16:05:42|info|[ VIEW ] /www/wwwroot/qingyuan/public/mobile.html [ array (
  0 => 'siteName',
  1 => 'siteUrl',
) ]
2023-10-13 16:05:42|info|[ VIEW ] /www/wwwroot/qingyuan/public/mobile.html [ array (
  0 => 'siteName',
  1 => 'siteUrl',
) ]
2023-10-13 16:05:50|info|[ VIEW ] /www/wwwroot/qingyuan/public/index.html [ array (
) ]
2023-10-13 16:06:00|info|[ VIEW ] /www/wwwroot/qingyuan/public/index.html [ array (
) ]
2023-10-13 16:06:02|info|[ VIEW ] /www/wwwroot/qingyuan/public/index.html [ array (
) ]
2023-10-13 16:06:45|info|[ VIEW ] /www/wwwroot/qingyuan/public/index.html [ array (
) ]
2023-10-13 16:18:10|info|[ VIEW ] /www/wwwroot/qingyuan/public/mobile.html [ array (
  0 => 'siteName',
  1 => 'siteUrl',
) ]
2023-10-13 16:28:18|info|[ VIEW ] /www/wwwroot/qingyuan/public/mobile.html [ array (
  0 => 'siteName',
  1 => 'siteUrl',
) ]
2023-10-13 16:37:46|info|[ VIEW ] /www/wwwroot/qingyuan/public/mobile.html [ array (
  0 => 'siteName',
  1 => 'siteUrl',
) ]
2023-10-13 16:37:46|info|[ VIEW ] /www/wwwroot/qingyuan/public/index.html [ array (
) ]
2023-10-13 16:37:47|info|[ VIEW ] /www/wwwroot/qingyuan/public/index.html [ array (
) ]
2023-10-13 16:42:09|info|[ VIEW ] /www/wwwroot/qingyuan/public/admin/index.html [ array (
) ]
2023-10-13 16:42:10|info|[ VIEW ] /www/wwwroot/qingyuan/public/mobile.html [ array (
  0 => 'siteName',
  1 => 'siteUrl',
) ]
2023-10-13 16:42:10|info|[ VIEW ] /www/wwwroot/qingyuan/public/mobile.html [ array (
  0 => 'siteName',
  1 => 'siteUrl',
) ]
2023-10-13 16:42:54|info|[ VIEW ] /www/wwwroot/qingyuan/public/mobile.html [ array (
  0 => 'siteName',
  1 => 'siteUrl',
) ]
2023-10-13 16:43:58|info|[ VIEW ] /www/wwwroot/qingyuan/public/mobile.html [ array (
  0 => 'siteName',
  1 => 'siteUrl',
) ]
2023-10-13 16:43:58|info|[ VIEW ] /www/wwwroot/qingyuan/public/mobile.html [ array (
  0 => 'siteName',
  1 => 'siteUrl',
) ]
2023-10-13 16:50:57|info|[ VIEW ] /www/wwwroot/qingyuan/public/index.html [ array (
) ]
2023-10-13 16:50:58|info|[ VIEW ] /www/wwwroot/qingyuan/public/index.html [ array (
) ]
2023-10-13 16:52:53|info|[ VIEW ] /www/wwwroot/qingyuan/public/admin/index.html [ array (
) ]
2023-10-13 16:52:53|info|[ VIEW ] /www/wwwroot/qingyuan/public/mobile.html [ array (
  0 => 'siteName',
  1 => 'siteUrl',
) ]
2023-10-13 16:52:53|info|[ VIEW ] /www/wwwroot/qingyuan/public/mobile.html [ array (
  0 => 'siteName',
  1 => 'siteUrl',
) ]
2023-10-13 16:53:33|info|[ VIEW ] /www/wwwroot/qingyuan/public/index.html [ array (
) ]
2023-10-13 16:53:35|info|[ VIEW ] /www/wwwroot/qingyuan/public/index.html [ array (
) ]
2023-10-13 16:55:31|info|[ VIEW ] /www/wwwroot/qingyuan/public/admin/index.html [ array (
) ]
2023-10-13 16:55:31|info|[ VIEW ] /www/wwwroot/qingyuan/public/mobile.html [ array (
  0 => 'siteName',
  1 => 'siteUrl',
) ]
2023-10-13 16:55:32|info|[ VIEW ] /www/wwwroot/qingyuan/public/mobile.html [ array (
  0 => 'siteName',
  1 => 'siteUrl',
) ]
2023-10-13 16:55:34|info|[ VIEW ] /www/wwwroot/qingyuan/public/admin/index.html [ array (
) ]
2023-10-13 16:55:34|info|[ VIEW ] /www/wwwroot/qingyuan/public/mobile.html [ array (
  0 => 'siteName',
  1 => 'siteUrl',
) ]
2023-10-13 16:55:35|info|[ VIEW ] /www/wwwroot/qingyuan/public/mobile.html [ array (
  0 => 'siteName',
  1 => 'siteUrl',
) ]
2023-10-13 16:57:59|info|[ VIEW ] /www/wwwroot/qingyuan/public/admin/index.html [ array (
) ]
2023-10-13 16:57:59|info|[ VIEW ] /www/wwwroot/qingyuan/public/mobile.html [ array (
  0 => 'siteName',
  1 => 'siteUrl',
) ]
2023-10-13 16:58:00|info|[ VIEW ] /www/wwwroot/qingyuan/public/mobile.html [ array (
  0 => 'siteName',
  1 => 'siteUrl',
) ]
2023-10-13 16:58:15|info|[ VIEW ] /www/wwwroot/qingyuan/public/admin/index.html [ array (
) ]
2023-10-13 16:58:16|info|[ VIEW ] /www/wwwroot/qingyuan/public/mobile.html [ array (
  0 => 'siteName',
  1 => 'siteUrl',
) ]
2023-10-13 16:58:16|info|[ VIEW ] /www/wwwroot/qingyuan/public/mobile.html [ array (
  0 => 'siteName',
  1 => 'siteUrl',
) ]
2023-10-13 16:58:32|info|[ VIEW ] /www/wwwroot/qingyuan/public/admin/index.html [ array (
) ]
2023-10-13 16:58:33|info|[ VIEW ] /www/wwwroot/qingyuan/public/mobile.html [ array (
  0 => 'siteName',
  1 => 'siteUrl',
) ]
2023-10-13 16:58:33|info|[ VIEW ] /www/wwwroot/qingyuan/public/mobile.html [ array (
  0 => 'siteName',
  1 => 'siteUrl',
) ]
2023-10-13 16:59:19|info|[ VIEW ] /www/wwwroot/qingyuan/public/admin/index.html [ array (
) ]
2023-10-13 16:59:19|info|[ VIEW ] /www/wwwroot/qingyuan/public/mobile.html [ array (
  0 => 'siteName',
  1 => 'siteUrl',
) ]
2023-10-13 16:59:19|info|[ VIEW ] /www/wwwroot/qingyuan/public/mobile.html [ array (
  0 => 'siteName',
  1 => 'siteUrl',
) ]
2023-10-13 17:00:10|info|[ VIEW ] /www/wwwroot/qingyuan/public/admin/index.html [ array (
) ]
2023-10-13 17:00:10|info|[ VIEW ] /www/wwwroot/qingyuan/public/mobile.html [ array (
  0 => 'siteName',
  1 => 'siteUrl',
) ]
2023-10-13 17:00:10|info|[ VIEW ] /www/wwwroot/qingyuan/public/mobile.html [ array (
  0 => 'siteName',
  1 => 'siteUrl',
) ]
2023-10-13 17:00:13|info|[ VIEW ] /www/wwwroot/qingyuan/public/admin/index.html [ array (
) ]
2023-10-13 17:00:13|info|[ VIEW ] /www/wwwroot/qingyuan/public/mobile.html [ array (
  0 => 'siteName',
  1 => 'siteUrl',
) ]
2023-10-13 17:00:13|info|[ VIEW ] /www/wwwroot/qingyuan/public/mobile.html [ array (
  0 => 'siteName',
  1 => 'siteUrl',
) ]
2023-10-13 17:03:12|info|[ VIEW ] /www/wwwroot/qingyuan/public/mobile.html [ array (
  0 => 'siteName',
  1 => 'siteUrl',
) ]
2023-10-13 17:16:07|info|[ VIEW ] /www/wwwroot/qingyuan/public/mobile.html [ array (
  0 => 'siteName',
  1 => 'siteUrl',
) ]
2023-10-13 17:16:07|info|[ VIEW ] /www/wwwroot/qingyuan/public/index.html [ array (
) ]
2023-10-13 17:16:09|info|[ VIEW ] /www/wwwroot/qingyuan/public/index.html [ array (
) ]
2023-10-13 17:32:30|info|[ VIEW ] /www/wwwroot/qingyuan/public/mobile.html [ array (
  0 => 'siteName',
  1 => 'siteUrl',
) ]
2023-10-13 18:28:31|info|[ VIEW ] /www/wwwroot/qingyuan/public/mobile.html [ array (
  0 => 'siteName',
  1 => 'siteUrl',
) ]
2023-10-13 18:28:31|info|[ VIEW ] /www/wwwroot/qingyuan/public/index.html [ array (
) ]
2023-10-13 18:28:33|info|[ VIEW ] /www/wwwroot/qingyuan/public/index.html [ array (
) ]
2023-10-13 18:29:53|info|[ VIEW ] /www/wwwroot/qingyuan/public/mobile.html [ array (
  0 => 'siteName',
  1 => 'siteUrl',
) ]
2023-10-13 18:36:48|info|[ VIEW ] /www/wwwroot/qingyuan/public/mobile.html [ array (
  0 => 'siteName',
  1 => 'siteUrl',
) ]
2023-10-13 18:36:49|info|[ VIEW ] /www/wwwroot/qingyuan/public/index.html [ array (
) ]
2023-10-13 18:36:50|info|[ VIEW ] /www/wwwroot/qingyuan/public/index.html [ array (
) ]
2023-10-13 18:38:28|info|[ VIEW ] /www/wwwroot/qingyuan/public/admin/index.html [ array (
) ]
2023-10-13 18:38:29|info|[ VIEW ] /www/wwwroot/qingyuan/public/mobile.html [ array (
  0 => 'siteName',
  1 => 'siteUrl',
) ]
2023-10-13 18:38:29|info|[ VIEW ] /www/wwwroot/qingyuan/public/mobile.html [ array (
  0 => 'siteName',
  1 => 'siteUrl',
) ]
2023-10-13 18:44:18|info|[ VIEW ] /www/wwwroot/qingyuan/public/mobile.html [ array (
  0 => 'siteName',
  1 => 'siteUrl',
) ]
2023-10-13 19:01:19|info|[ VIEW ] /www/wwwroot/qingyuan/public/mobile.html [ array (
  0 => 'siteName',
  1 => 'siteUrl',
) ]
2023-10-13 19:01:20|info|[ VIEW ] /www/wwwroot/qingyuan/public/index.html [ array (
) ]
2023-10-13 19:01:21|info|[ VIEW ] /www/wwwroot/qingyuan/public/index.html [ array (
) ]
2023-10-13 19:03:00|info|[ VIEW ] /www/wwwroot/qingyuan/public/mobile.html [ array (
  0 => 'siteName',
  1 => 'siteUrl',
) ]
2023-10-13 19:03:00|info|[ VIEW ] /www/wwwroot/qingyuan/public/index.html [ array (
) ]
2023-10-13 19:03:01|info|[ VIEW ] /www/wwwroot/qingyuan/public/index.html [ array (
) ]
2023-10-13 19:06:10|info|[ VIEW ] /www/wwwroot/qingyuan/public/index.html [ array (
) ]
2023-10-13 19:14:14|info|[ VIEW ] /www/wwwroot/qingyuan/public/mobile.html [ array (
  0 => 'siteName',
  1 => 'siteUrl',
) ]
2023-10-13 19:16:48|info|[ VIEW ] /www/wwwroot/qingyuan/public/mobile.html [ array (
  0 => 'siteName',
  1 => 'siteUrl',
) ]
2023-10-13 19:16:49|info|[ VIEW ] /www/wwwroot/qingyuan/public/index.html [ array (
) ]
2023-10-13 19:16:51|info|[ VIEW ] /www/wwwroot/qingyuan/public/index.html [ array (
) ]
2023-10-13 19:17:03|info|[ VIEW ] /www/wwwroot/qingyuan/public/mobile.html [ array (
  0 => 'siteName',
  1 => 'siteUrl',
) ]
2023-10-13 19:17:03|info|[ VIEW ] /www/wwwroot/qingyuan/public/mobile.html [ array (
  0 => 'siteName',
  1 => 'siteUrl',
) ]
2023-10-13 19:45:07|info|[ VIEW ] /www/wwwroot/qingyuan/public/mobile.html [ array (
  0 => 'siteName',
  1 => 'siteUrl',
) ]
2023-10-13 20:14:49|info|[ VIEW ] /www/wwwroot/qingyuan/public/index.html [ array (
) ]
2023-10-13 20:14:52|info|[ VIEW ] /www/wwwroot/qingyuan/public/index.html [ array (
) ]
2023-10-13 20:15:23|info|[ VIEW ] /www/wwwroot/qingyuan/public/index.html [ array (
) ]
2023-10-13 20:15:24|info|[ VIEW ] /www/wwwroot/qingyuan/public/index.html [ array (
) ]
2023-10-13 20:15:44|info|[ VIEW ] /www/wwwroot/qingyuan/public/index.html [ array (
) ]
2023-10-13 20:15:45|info|[ VIEW ] /www/wwwroot/qingyuan/public/index.html [ array (
) ]
2023-10-13 20:20:01|info|[ VIEW ] /www/wwwroot/qingyuan/public/admin/index.html [ array (
) ]
2023-10-13 20:20:02|info|[ VIEW ] /www/wwwroot/qingyuan/public/mobile.html [ array (
  0 => 'siteName',
  1 => 'siteUrl',
) ]
2023-10-13 20:20:03|info|[ VIEW ] /www/wwwroot/qingyuan/public/mobile.html [ array (
  0 => 'siteName',
  1 => 'siteUrl',
) ]
2023-10-13 20:20:22|info|[ VIEW ] /www/wwwroot/qingyuan/public/index.html [ array (
) ]
2023-10-13 20:20:26|info|[ VIEW ] /www/wwwroot/qingyuan/public/index.html [ array (
) ]
2023-10-13 20:21:15|info|[ VIEW ] /www/wwwroot/qingyuan/public/index.html [ array (
) ]
2023-10-13 20:21:17|info|[ VIEW ] /www/wwwroot/qingyuan/public/index.html [ array (
) ]
2023-10-13 20:37:20|info|[ VIEW ] /www/wwwroot/qingyuan/public/mobile.html [ array (
  0 => 'siteName',
  1 => 'siteUrl',
) ]
2023-10-13 23:28:34|info|[ VIEW ] /www/wwwroot/qingyuan/public/mobile.html [ array (
  0 => 'siteName',
  1 => 'siteUrl',
) ]
