2023-10-11 00:03:56|info|[ VIEW ] /www/wwwroot/qingyuan/public/mobile.html [ array (
  0 => 'siteName',
  1 => 'siteUrl',
) ]
2023-10-11 00:10:38|info|[ VIEW ] /www/wwwroot/qingyuan/public/mobile.html [ array (
  0 => 'siteName',
  1 => 'siteUrl',
) ]
2023-10-11 00:11:43|info|[ VIEW ] /www/wwwroot/qingyuan/public/index.html [ array (
) ]
2023-10-11 00:11:46|info|[ VIEW ] /www/wwwroot/qingyuan/public/index.html [ array (
) ]
2023-10-11 00:16:55|info|[ VIEW ] /www/wwwroot/qingyuan/public/mobile.html [ array (
  0 => 'siteName',
  1 => 'siteUrl',
) ]
2023-10-11 00:25:58|info|[ VIEW ] /www/wwwroot/qingyuan/public/mobile.html [ array (
  0 => 'siteName',
  1 => 'siteUrl',
) ]
2023-10-11 00:26:42|info|[ VIEW ] /www/wwwroot/qingyuan/public/mobile.html [ array (
  0 => 'siteName',
  1 => 'siteUrl',
) ]
2023-10-11 00:26:43|info|[ VIEW ] /www/wwwroot/qingyuan/public/mobile.html [ array (
  0 => 'siteName',
  1 => 'siteUrl',
) ]
2023-10-11 00:26:43|info|[ VIEW ] /www/wwwroot/qingyuan/public/index.html [ array (
) ]
2023-10-11 00:26:46|info|[ VIEW ] /www/wwwroot/qingyuan/public/index.html [ array (
) ]
2023-10-11 00:41:22|info|[ VIEW ] /www/wwwroot/qingyuan/public/mobile.html [ array (
  0 => 'siteName',
  1 => 'siteUrl',
) ]
2023-10-11 01:08:54|info|[ VIEW ] /www/wwwroot/qingyuan/public/mobile.html [ array (
  0 => 'siteName',
  1 => 'siteUrl',
) ]
2023-10-11 01:14:07|info|[ VIEW ] /www/wwwroot/qingyuan/public/index.html [ array (
) ]
2023-10-11 01:16:26|info|[ VIEW ] /www/wwwroot/qingyuan/public/mobile.html [ array (
  0 => 'siteName',
  1 => 'siteUrl',
) ]
2023-10-11 01:16:42|info|[ VIEW ] /www/wwwroot/qingyuan/public/index.html [ array (
) ]
2023-10-11 01:20:05|info|[ VIEW ] /www/wwwroot/qingyuan/public/mobile.html [ array (
  0 => 'siteName',
  1 => 'siteUrl',
) ]
2023-10-11 01:34:05|info|[ VIEW ] /www/wwwroot/qingyuan/public/mobile.html [ array (
  0 => 'siteName',
  1 => 'siteUrl',
) ]
2023-10-11 01:46:07|info|[ VIEW ] /www/wwwroot/qingyuan/public/index.html [ array (
) ]
2023-10-11 02:09:15|info|[ VIEW ] /www/wwwroot/qingyuan/public/index.html [ array (
) ]
2023-10-11 02:25:06|info|[ VIEW ] /www/wwwroot/qingyuan/public/index.html [ array (
) ]
2023-10-11 02:28:57|info|[ VIEW ] /www/wwwroot/qingyuan/public/mobile.html [ array (
  0 => 'siteName',
  1 => 'siteUrl',
) ]
2023-10-11 02:28:57|info|[ VIEW ] /www/wwwroot/qingyuan/public/mobile.html [ array (
  0 => 'siteName',
  1 => 'siteUrl',
) ]
2023-10-11 02:34:38|info|[ VIEW ] /www/wwwroot/qingyuan/public/mobile.html [ array (
  0 => 'siteName',
  1 => 'siteUrl',
) ]
2023-10-11 02:40:00|info|[ VIEW ] /www/wwwroot/qingyuan/public/index.html [ array (
) ]
2023-10-11 02:40:00|info|[ VIEW ] /www/wwwroot/qingyuan/public/index.html [ array (
) ]
2023-10-11 02:43:01|info|[ VIEW ] /www/wwwroot/qingyuan/public/admin/index.html [ array (
) ]
2023-10-11 02:43:04|info|[ VIEW ] /www/wwwroot/qingyuan/public/admin/index.html [ array (
) ]
2023-10-11 02:51:25|info|[ VIEW ] /www/wwwroot/qingyuan/public/mobile.html [ array (
  0 => 'siteName',
  1 => 'siteUrl',
) ]
2023-10-11 02:55:11|info|[ VIEW ] /www/wwwroot/qingyuan/public/index.html [ array (
) ]
2023-10-11 02:56:40|info|[ VIEW ] /www/wwwroot/qingyuan/public/mobile.html [ array (
  0 => 'siteName',
  1 => 'siteUrl',
) ]
2023-10-11 02:57:35|info|[ VIEW ] /www/wwwroot/qingyuan/public/index.html [ array (
) ]
2023-10-11 02:57:35|info|[ VIEW ] /www/wwwroot/qingyuan/public/index.html [ array (
) ]
2023-10-11 03:03:00|info|[ VIEW ] /www/wwwroot/qingyuan/public/mobile.html [ array (
  0 => 'siteName',
  1 => 'siteUrl',
) ]
2023-10-11 03:17:08|info|[ VIEW ] /www/wwwroot/qingyuan/public/mobile.html [ array (
  0 => 'siteName',
  1 => 'siteUrl',
) ]
2023-10-11 03:17:08|info|[ VIEW ] /www/wwwroot/qingyuan/public/mobile.html [ array (
  0 => 'siteName',
  1 => 'siteUrl',
) ]
2023-10-11 03:17:09|info|[ VIEW ] /www/wwwroot/qingyuan/public/index.html [ array (
) ]
2023-10-11 03:17:10|info|[ VIEW ] /www/wwwroot/qingyuan/public/index.html [ array (
) ]
2023-10-11 03:37:03|info|[ VIEW ] /www/wwwroot/qingyuan/public/mobile.html [ array (
  0 => 'siteName',
  1 => 'siteUrl',
) ]
2023-10-11 03:41:09|info|[ VIEW ] /www/wwwroot/qingyuan/public/index.html [ array (
) ]
2023-10-11 03:41:10|info|[ VIEW ] /www/wwwroot/qingyuan/public/index.html [ array (
) ]
2023-10-11 03:41:12|info|[ VIEW ] /www/wwwroot/qingyuan/public/index.html [ array (
) ]
2023-10-11 03:53:09|info|[ VIEW ] /www/wwwroot/qingyuan/public/mobile.html [ array (
  0 => 'siteName',
  1 => 'siteUrl',
) ]
2023-10-11 04:11:09|info|[ VIEW ] /www/wwwroot/qingyuan/public/mobile.html [ array (
  0 => 'siteName',
  1 => 'siteUrl',
) ]
2023-10-11 04:35:17|info|[ VIEW ] /www/wwwroot/qingyuan/public/index.html [ array (
) ]
2023-10-11 04:35:19|info|[ VIEW ] /www/wwwroot/qingyuan/public/index.html [ array (
) ]
2023-10-11 04:39:53|info|[ VIEW ] /www/wwwroot/qingyuan/public/mobile.html [ array (
  0 => 'siteName',
  1 => 'siteUrl',
) ]
2023-10-11 04:41:16|info|[ VIEW ] /www/wwwroot/qingyuan/public/index.html [ array (
) ]
2023-10-11 04:45:51|info|[ VIEW ] /www/wwwroot/qingyuan/public/mobile.html [ array (
  0 => 'siteName',
  1 => 'siteUrl',
) ]
2023-10-11 04:50:00|info|[ VIEW ] /www/wwwroot/qingyuan/public/admin/index.html [ array (
) ]
2023-10-11 04:50:02|info|[ VIEW ] /www/wwwroot/qingyuan/public/admin/index.html [ array (
) ]
2023-10-11 05:08:56|info|[ VIEW ] /www/wwwroot/qingyuan/public/mobile.html [ array (
  0 => 'siteName',
  1 => 'siteUrl',
) ]
2023-10-11 05:08:56|info|[ VIEW ] /www/wwwroot/qingyuan/public/mobile.html [ array (
  0 => 'siteName',
  1 => 'siteUrl',
) ]
2023-10-11 05:14:08|info|[ VIEW ] /www/wwwroot/qingyuan/public/index.html [ array (
) ]
2023-10-11 05:14:08|info|[ VIEW ] /www/wwwroot/qingyuan/public/index.html [ array (
) ]
2023-10-11 05:25:51|info|[ VIEW ] /www/wwwroot/qingyuan/public/mobile.html [ array (
  0 => 'siteName',
  1 => 'siteUrl',
) ]
2023-10-11 05:51:09|info|[ VIEW ] /www/wwwroot/qingyuan/public/mobile.html [ array (
  0 => 'siteName',
  1 => 'siteUrl',
) ]
2023-10-11 06:09:00|info|[ VIEW ] /www/wwwroot/qingyuan/public/mobile.html [ array (
  0 => 'siteName',
  1 => 'siteUrl',
) ]
2023-10-11 06:21:25|info|[ VIEW ] /www/wwwroot/qingyuan/public/mobile.html [ array (
  0 => 'siteName',
  1 => 'siteUrl',
) ]
2023-10-11 06:34:10|info|[ VIEW ] /www/wwwroot/qingyuan/public/mobile.html [ array (
  0 => 'siteName',
  1 => 'siteUrl',
) ]
2023-10-11 06:50:03|info|[ VIEW ] /www/wwwroot/qingyuan/public/mobile.html [ array (
  0 => 'siteName',
  1 => 'siteUrl',
) ]
2023-10-11 06:50:04|info|[ VIEW ] /www/wwwroot/qingyuan/public/mobile.html [ array (
  0 => 'siteName',
  1 => 'siteUrl',
) ]
2023-10-11 07:15:26|info|[ VIEW ] /www/wwwroot/qingyuan/public/mobile.html [ array (
  0 => 'siteName',
  1 => 'siteUrl',
) ]
2023-10-11 07:25:23|info|[ VIEW ] /www/wwwroot/qingyuan/public/mobile.html [ array (
  0 => 'siteName',
  1 => 'siteUrl',
) ]
2023-10-11 07:41:44|info|[ VIEW ] /www/wwwroot/qingyuan/public/index.html [ array (
) ]
2023-10-11 07:41:49|info|[ VIEW ] /www/wwwroot/qingyuan/public/index.html [ array (
) ]
2023-10-11 07:41:53|info|[ VIEW ] /www/wwwroot/qingyuan/public/index.html [ array (
) ]
2023-10-11 08:04:09|info|[ VIEW ] /www/wwwroot/qingyuan/public/admin/index.html [ array (
) ]
2023-10-11 08:04:10|info|[ VIEW ] /www/wwwroot/qingyuan/public/admin/index.html [ array (
) ]
2023-10-11 08:10:55|info|[ VIEW ] /www/wwwroot/qingyuan/public/index.html [ array (
) ]
2023-10-11 08:10:56|info|[ VIEW ] /www/wwwroot/qingyuan/public/index.html [ array (
) ]
2023-10-11 08:32:34|info|[ VIEW ] /www/wwwroot/qingyuan/public/index.html [ array (
) ]
2023-10-11 08:32:35|info|[ VIEW ] /www/wwwroot/qingyuan/public/index.html [ array (
) ]
2023-10-11 08:46:27|info|[ VIEW ] /www/wwwroot/qingyuan/public/index.html [ array (
) ]
2023-10-11 08:46:28|info|[ VIEW ] /www/wwwroot/qingyuan/public/index.html [ array (
) ]
2023-10-11 08:46:57|info|[ VIEW ] /www/wwwroot/qingyuan/public/mobile.html [ array (
  0 => 'siteName',
  1 => 'siteUrl',
) ]
2023-10-11 08:49:02|info|[ VIEW ] /www/wwwroot/qingyuan/public/mobile.html [ array (
  0 => 'siteName',
  1 => 'siteUrl',
) ]
2023-10-11 09:28:42|info|[ VIEW ] /www/wwwroot/qingyuan/public/mobile.html [ array (
  0 => 'siteName',
  1 => 'siteUrl',
) ]
2023-10-11 09:44:19|info|[ VIEW ] /www/wwwroot/qingyuan/public/mobile.html [ array (
  0 => 'siteName',
  1 => 'siteUrl',
) ]
2023-10-11 10:08:12|info|[ VIEW ] /www/wwwroot/qingyuan/public/index.html [ array (
) ]
2023-10-11 10:08:12|info|[ VIEW ] /www/wwwroot/qingyuan/public/index.html [ array (
) ]
2023-10-11 10:11:56|info|[ VIEW ] /www/wwwroot/qingyuan/public/mobile.html [ array (
  0 => 'siteName',
  1 => 'siteUrl',
) ]
2023-10-11 11:01:30|info|[ VIEW ] /www/wwwroot/qingyuan/public/index.html [ array (
) ]
2023-10-11 11:01:31|info|[ VIEW ] /www/wwwroot/qingyuan/public/index.html [ array (
) ]
2023-10-11 11:06:00|info|[ VIEW ] /www/wwwroot/qingyuan/public/index.html [ array (
) ]
2023-10-11 11:06:03|info|[ VIEW ] /www/wwwroot/qingyuan/public/index.html [ array (
) ]
2023-10-11 11:06:39|info|[ VIEW ] /www/wwwroot/qingyuan/public/mobile.html [ array (
  0 => 'siteName',
  1 => 'siteUrl',
) ]
2023-10-11 11:06:41|info|[ VIEW ] /www/wwwroot/qingyuan/public/mobile.html [ array (
  0 => 'siteName',
  1 => 'siteUrl',
) ]
2023-10-11 11:16:56|info|[ VIEW ] /www/wwwroot/qingyuan/public/mobile.html [ array (
  0 => 'siteName',
  1 => 'siteUrl',
) ]
2023-10-11 11:16:57|info|[ VIEW ] /www/wwwroot/qingyuan/public/mobile.html [ array (
  0 => 'siteName',
  1 => 'siteUrl',
) ]
2023-10-11 12:23:30|info|[ VIEW ] /www/wwwroot/qingyuan/public/mobile.html [ array (
  0 => 'siteName',
  1 => 'siteUrl',
) ]
2023-10-11 12:23:30|info|[ VIEW ] /www/wwwroot/qingyuan/public/index.html [ array (
) ]
2023-10-11 12:23:31|info|[ VIEW ] /www/wwwroot/qingyuan/public/index.html [ array (
) ]
2023-10-11 12:29:10|info|[ VIEW ] /www/wwwroot/qingyuan/public/index.html [ array (
) ]
2023-10-11 12:29:11|info|[ VIEW ] /www/wwwroot/qingyuan/public/index.html [ array (
) ]
2023-10-11 12:30:00|info|[ VIEW ] /www/wwwroot/qingyuan/public/mobile.html [ array (
  0 => 'siteName',
  1 => 'siteUrl',
) ]
2023-10-11 12:33:48|info|[ VIEW ] /www/wwwroot/qingyuan/public/mobile.html [ array (
  0 => 'siteName',
  1 => 'siteUrl',
) ]
2023-10-11 12:44:10|info|[ VIEW ] /www/wwwroot/qingyuan/public/index.html [ array (
) ]
2023-10-11 12:44:16|info|[ VIEW ] /www/wwwroot/qingyuan/public/index.html [ array (
) ]
2023-10-11 12:44:17|info|[ VIEW ] /www/wwwroot/qingyuan/public/index.html [ array (
) ]
2023-10-11 12:48:07|info|[ VIEW ] /www/wwwroot/qingyuan/public/index.html [ array (
) ]
2023-10-11 12:48:09|info|[ VIEW ] /www/wwwroot/qingyuan/public/index.html [ array (
) ]
2023-10-11 12:50:12|info|[ VIEW ] /www/wwwroot/qingyuan/public/index.html [ array (
) ]
2023-10-11 12:50:13|info|[ VIEW ] /www/wwwroot/qingyuan/public/index.html [ array (
) ]
2023-10-11 12:53:45|info|[ VIEW ] /www/wwwroot/qingyuan/public/mobile.html [ array (
  0 => 'siteName',
  1 => 'siteUrl',
) ]
2023-10-11 12:56:27|info|[ VIEW ] /www/wwwroot/qingyuan/public/mobile.html [ array (
  0 => 'siteName',
  1 => 'siteUrl',
) ]
2023-10-11 13:10:22|info|[ VIEW ] /www/wwwroot/qingyuan/public/mobile.html [ array (
  0 => 'siteName',
  1 => 'siteUrl',
) ]
2023-10-11 13:10:22|info|[ VIEW ] /www/wwwroot/qingyuan/public/index.html [ array (
) ]
2023-10-11 13:10:24|info|[ VIEW ] /www/wwwroot/qingyuan/public/index.html [ array (
) ]
2023-10-11 13:15:24|info|[ VIEW ] /www/wwwroot/qingyuan/public/index.html [ array (
) ]
2023-10-11 13:15:26|info|[ VIEW ] /www/wwwroot/qingyuan/public/index.html [ array (
) ]
2023-10-11 13:15:30|info|[ VIEW ] /www/wwwroot/qingyuan/public/index.html [ array (
) ]
2023-10-11 13:15:31|info|[ VIEW ] /www/wwwroot/qingyuan/public/index.html [ array (
) ]
2023-10-11 13:15:47|info|[ VIEW ] /www/wwwroot/qingyuan/public/mobile.html [ array (
  0 => 'siteName',
  1 => 'siteUrl',
) ]
2023-10-11 13:16:25|info|[ VIEW ] /www/wwwroot/qingyuan/public/index.html [ array (
) ]
2023-10-11 13:18:30|info|[ VIEW ] /www/wwwroot/qingyuan/public/mobile.html [ array (
  0 => 'siteName',
  1 => 'siteUrl',
) ]
2023-10-11 13:20:52|info|[ VIEW ] /www/wwwroot/qingyuan/public/admin/index.html [ array (
) ]
2023-10-11 13:20:53|info|[ VIEW ] /www/wwwroot/qingyuan/public/mobile.html [ array (
  0 => 'siteName',
  1 => 'siteUrl',
) ]
2023-10-11 13:20:53|info|[ VIEW ] /www/wwwroot/qingyuan/public/mobile.html [ array (
  0 => 'siteName',
  1 => 'siteUrl',
) ]
2023-10-11 13:20:53|info|[ VIEW ] /www/wwwroot/qingyuan/public/index.html [ array (
) ]
2023-10-11 13:20:54|info|[ VIEW ] /www/wwwroot/qingyuan/public/index.html [ array (
) ]
2023-10-11 13:21:15|info|[ VIEW ] /www/wwwroot/qingyuan/public/index.html [ array (
) ]
2023-10-11 13:21:17|info|[ VIEW ] /www/wwwroot/qingyuan/public/index.html [ array (
) ]
2023-10-11 13:21:47|info|[ VIEW ] /www/wwwroot/qingyuan/public/mobile.html [ array (
  0 => 'siteName',
  1 => 'siteUrl',
) ]
2023-10-11 13:21:47|info|[ VIEW ] /www/wwwroot/qingyuan/public/index.html [ array (
) ]
2023-10-11 13:21:48|info|[ VIEW ] /www/wwwroot/qingyuan/public/index.html [ array (
) ]
2023-10-11 13:29:19|info|[ VIEW ] /www/wwwroot/qingyuan/public/admin/index.html [ array (
) ]
2023-10-11 13:29:38|info|[ VIEW ] /www/wwwroot/qingyuan/public/admin/index.html [ array (
) ]
2023-10-11 13:30:03|info|[ VIEW ] /www/wwwroot/qingyuan/public/mobile.html [ array (
  0 => 'siteName',
  1 => 'siteUrl',
) ]
2023-10-11 13:38:48|info|[ VIEW ] /www/wwwroot/qingyuan/public/admin/index.html [ array (
) ]
2023-10-11 13:39:17|info|[ VIEW ] /www/wwwroot/qingyuan/public/mobile.html [ array (
  0 => 'siteName',
  1 => 'siteUrl',
) ]
2023-10-11 13:41:57|info|[ VIEW ] /www/wwwroot/qingyuan/public/admin/index.html [ array (
) ]
2023-10-11 13:41:58|info|[ VIEW ] /www/wwwroot/qingyuan/public/admin/index.html [ array (
) ]
2023-10-11 13:43:56|info|[ VIEW ] /www/wwwroot/qingyuan/public/index.html [ array (
) ]
2023-10-11 13:43:57|info|[ VIEW ] /www/wwwroot/qingyuan/public/index.html [ array (
) ]
2023-10-11 13:46:00|info|[ VIEW ] /www/wwwroot/qingyuan/public/mobile.html [ array (
  0 => 'siteName',
  1 => 'siteUrl',
) ]
2023-10-11 13:46:11|info|[ VIEW ] /www/wwwroot/qingyuan/public/mobile.html [ array (
  0 => 'siteName',
  1 => 'siteUrl',
) ]
2023-10-11 13:46:15|info|[ VIEW ] /www/wwwroot/qingyuan/public/mobile.html [ array (
  0 => 'siteName',
  1 => 'siteUrl',
) ]
2023-10-11 13:46:15|info|[ VIEW ] /www/wwwroot/qingyuan/public/mobile.html [ array (
  0 => 'siteName',
  1 => 'siteUrl',
) ]
2023-10-11 13:46:20|info|[ VIEW ] /www/wwwroot/qingyuan/public/index.html [ array (
) ]
2023-10-11 13:46:21|info|[ VIEW ] /www/wwwroot/qingyuan/public/index.html [ array (
) ]
2023-10-11 13:48:19|info|[ VIEW ] /www/wwwroot/qingyuan/public/mobile.html [ array (
  0 => 'siteName',
  1 => 'siteUrl',
) ]
2023-10-11 13:48:19|info|[ VIEW ] /www/wwwroot/qingyuan/public/index.html [ array (
) ]
2023-10-11 13:48:21|info|[ VIEW ] /www/wwwroot/qingyuan/public/index.html [ array (
) ]
2023-10-11 13:48:28|info|[ VIEW ] /www/wwwroot/qingyuan/public/index.html [ array (
) ]
2023-10-11 13:50:03|info|[ VIEW ] /www/wwwroot/qingyuan/public/index.html [ array (
) ]
2023-10-11 13:50:05|info|[ VIEW ] /www/wwwroot/qingyuan/public/index.html [ array (
) ]
2023-10-11 13:50:28|info|[ VIEW ] /www/wwwroot/qingyuan/public/index.html [ array (
) ]
2023-10-11 13:50:29|info|[ VIEW ] /www/wwwroot/qingyuan/public/index.html [ array (
) ]
2023-10-11 13:51:29|info|[ VIEW ] /www/wwwroot/qingyuan/public/index.html [ array (
) ]
2023-10-11 13:51:32|info|[ VIEW ] /www/wwwroot/qingyuan/public/admin/index.html [ array (
) ]
2023-10-11 13:51:32|info|[ VIEW ] /www/wwwroot/qingyuan/public/mobile.html [ array (
  0 => 'siteName',
  1 => 'siteUrl',
) ]
2023-10-11 13:51:32|info|[ VIEW ] /www/wwwroot/qingyuan/public/mobile.html [ array (
  0 => 'siteName',
  1 => 'siteUrl',
) ]
2023-10-11 13:51:34|info|[ VIEW ] /www/wwwroot/qingyuan/public/admin/index.html [ array (
) ]
2023-10-11 13:51:35|info|[ VIEW ] /www/wwwroot/qingyuan/public/mobile.html [ array (
  0 => 'siteName',
  1 => 'siteUrl',
) ]
2023-10-11 13:51:35|info|[ VIEW ] /www/wwwroot/qingyuan/public/mobile.html [ array (
  0 => 'siteName',
  1 => 'siteUrl',
) ]
2023-10-11 13:51:37|info|[ VIEW ] /www/wwwroot/qingyuan/public/mobile.html [ array (
  0 => 'siteName',
  1 => 'siteUrl',
) ]
2023-10-11 13:51:56|info|[ VIEW ] /www/wwwroot/qingyuan/public/admin/index.html [ array (
) ]
2023-10-11 13:51:59|info|[ VIEW ] /www/wwwroot/qingyuan/public/admin/index.html [ array (
) ]
2023-10-11 13:52:08|info|[ VIEW ] /www/wwwroot/qingyuan/public/admin/index.html [ array (
) ]
2023-10-11 13:52:09|info|[ VIEW ] /www/wwwroot/qingyuan/public/mobile.html [ array (
  0 => 'siteName',
  1 => 'siteUrl',
) ]
2023-10-11 13:52:09|info|[ VIEW ] /www/wwwroot/qingyuan/public/mobile.html [ array (
  0 => 'siteName',
  1 => 'siteUrl',
) ]
2023-10-11 13:52:24|info|[ VIEW ] /www/wwwroot/qingyuan/public/mobile.html [ array (
  0 => 'siteName',
  1 => 'siteUrl',
) ]
2023-10-11 13:52:26|info|[ VIEW ] /www/wwwroot/qingyuan/public/mobile.html [ array (
  0 => 'siteName',
  1 => 'siteUrl',
) ]
2023-10-11 13:52:34|info|[ VIEW ] /www/wwwroot/qingyuan/public/mobile.html [ array (
  0 => 'siteName',
  1 => 'siteUrl',
) ]
2023-10-11 13:52:34|info|[ VIEW ] /www/wwwroot/qingyuan/public/index.html [ array (
) ]
2023-10-11 13:52:37|info|[ VIEW ] /www/wwwroot/qingyuan/public/index.html [ array (
) ]
2023-10-11 13:52:38|info|[ VIEW ] /www/wwwroot/qingyuan/public/index.html [ array (
) ]
2023-10-11 13:53:00|info|[ VIEW ] /www/wwwroot/qingyuan/public/index.html [ array (
) ]
2023-10-11 13:53:02|info|[ VIEW ] /www/wwwroot/qingyuan/public/index.html [ array (
) ]
2023-10-11 13:53:17|info|[ VIEW ] /www/wwwroot/qingyuan/public/index.html [ array (
) ]
2023-10-11 13:53:18|info|[ VIEW ] /www/wwwroot/qingyuan/public/index.html [ array (
) ]
2023-10-11 13:53:44|info|[ VIEW ] /www/wwwroot/qingyuan/public/index.html [ array (
) ]
2023-10-11 13:53:45|info|[ VIEW ] /www/wwwroot/qingyuan/public/index.html [ array (
) ]
2023-10-11 13:53:56|info|[ VIEW ] /www/wwwroot/qingyuan/public/index.html [ array (
) ]
2023-10-11 13:54:00|info|[ VIEW ] /www/wwwroot/qingyuan/public/index.html [ array (
) ]
2023-10-11 13:54:26|info|[ VIEW ] /www/wwwroot/qingyuan/public/index.html [ array (
) ]
2023-10-11 13:54:33|info|[ VIEW ] /www/wwwroot/qingyuan/public/index.html [ array (
) ]
2023-10-11 13:54:37|info|[ VIEW ] /www/wwwroot/qingyuan/public/index.html [ array (
) ]
2023-10-11 13:54:39|info|[ VIEW ] /www/wwwroot/qingyuan/public/index.html [ array (
) ]
2023-10-11 13:54:55|info|[ VIEW ] /www/wwwroot/qingyuan/public/index.html [ array (
) ]
2023-10-11 13:54:59|info|[ VIEW ] /www/wwwroot/qingyuan/public/index.html [ array (
) ]
2023-10-11 13:55:14|info|[ VIEW ] /www/wwwroot/qingyuan/public/admin/index.html [ array (
) ]
2023-10-11 13:55:15|info|[ VIEW ] /www/wwwroot/qingyuan/public/mobile.html [ array (
  0 => 'siteName',
  1 => 'siteUrl',
) ]
2023-10-11 13:55:15|info|[ VIEW ] /www/wwwroot/qingyuan/public/mobile.html [ array (
  0 => 'siteName',
  1 => 'siteUrl',
) ]
2023-10-11 13:55:17|info|[ VIEW ] /www/wwwroot/qingyuan/public/mobile.html [ array (
  0 => 'siteName',
  1 => 'siteUrl',
) ]
2023-10-11 13:55:17|info|[ VIEW ] /www/wwwroot/qingyuan/public/index.html [ array (
) ]
2023-10-11 13:55:18|info|[ VIEW ] /www/wwwroot/qingyuan/public/index.html [ array (
) ]
2023-10-11 13:55:32|info|[ VIEW ] /www/wwwroot/qingyuan/public/index.html [ array (
) ]
2023-10-11 13:55:35|info|[ VIEW ] /www/wwwroot/qingyuan/public/index.html [ array (
) ]
2023-10-11 14:14:45|info|[ VIEW ] /www/wwwroot/qingyuan/public/mobile.html [ array (
  0 => 'siteName',
  1 => 'siteUrl',
) ]
2023-10-11 14:14:45|info|[ VIEW ] /www/wwwroot/qingyuan/public/mobile.html [ array (
  0 => 'siteName',
  1 => 'siteUrl',
) ]
2023-10-11 14:30:17|info|[ VIEW ] /www/wwwroot/qingyuan/public/mobile.html [ array (
  0 => 'siteName',
  1 => 'siteUrl',
) ]
2023-10-11 14:30:18|info|[ VIEW ] /www/wwwroot/qingyuan/public/mobile.html [ array (
  0 => 'siteName',
  1 => 'siteUrl',
) ]
2023-10-11 14:41:20|info|[ VIEW ] /www/wwwroot/qingyuan/public/index.html [ array (
) ]
2023-10-11 14:41:22|info|[ VIEW ] /www/wwwroot/qingyuan/public/index.html [ array (
) ]
2023-10-11 14:41:32|info|[ VIEW ] /www/wwwroot/qingyuan/public/index.html [ array (
) ]
2023-10-11 14:41:33|info|[ VIEW ] /www/wwwroot/qingyuan/public/index.html [ array (
) ]
2023-10-11 14:41:48|info|[ VIEW ] /www/wwwroot/qingyuan/public/index.html [ array (
) ]
2023-10-11 14:41:49|info|[ VIEW ] /www/wwwroot/qingyuan/public/index.html [ array (
) ]
2023-10-11 14:42:04|info|[ VIEW ] /www/wwwroot/qingyuan/public/index.html [ array (
) ]
2023-10-11 14:42:06|info|[ VIEW ] /www/wwwroot/qingyuan/public/index.html [ array (
) ]
2023-10-11 14:42:20|info|[ VIEW ] /www/wwwroot/qingyuan/public/mobile.html [ array (
  0 => 'siteName',
  1 => 'siteUrl',
) ]
2023-10-11 14:42:20|info|[ VIEW ] /www/wwwroot/qingyuan/public/index.html [ array (
) ]
2023-10-11 14:42:21|info|[ VIEW ] /www/wwwroot/qingyuan/public/index.html [ array (
) ]
2023-10-11 14:42:30|info|[ VIEW ] /www/wwwroot/qingyuan/public/index.html [ array (
) ]
2023-10-11 14:42:30|info|[ VIEW ] /www/wwwroot/qingyuan/public/index.html [ array (
) ]
2023-10-11 14:42:31|info|[ VIEW ] /www/wwwroot/qingyuan/public/index.html [ array (
) ]
2023-10-11 14:53:22|info|[ VIEW ] /www/wwwroot/qingyuan/public/mobile.html [ array (
  0 => 'siteName',
  1 => 'siteUrl',
) ]
2023-10-11 14:54:05|info|[ VIEW ] /www/wwwroot/qingyuan/public/mobile.html [ array (
  0 => 'siteName',
  1 => 'siteUrl',
) ]
2023-10-11 15:06:38|info|[ VIEW ] /www/wwwroot/qingyuan/public/admin/index.html [ array (
) ]
2023-10-11 15:06:41|info|[ VIEW ] /www/wwwroot/qingyuan/public/mobile.html [ array (
  0 => 'siteName',
  1 => 'siteUrl',
) ]
2023-10-11 15:06:41|info|[ VIEW ] /www/wwwroot/qingyuan/public/mobile.html [ array (
  0 => 'siteName',
  1 => 'siteUrl',
) ]
2023-10-11 15:07:04|info|[ VIEW ] /www/wwwroot/qingyuan/public/mobile.html [ array (
  0 => 'siteName',
  1 => 'siteUrl',
) ]
2023-10-11 15:07:04|info|[ VIEW ] /www/wwwroot/qingyuan/public/index.html [ array (
) ]
2023-10-11 15:07:06|info|[ VIEW ] /www/wwwroot/qingyuan/public/index.html [ array (
) ]
2023-10-11 15:07:54|info|[ VIEW ] /www/wwwroot/qingyuan/public/mobile.html [ array (
  0 => 'siteName',
  1 => 'siteUrl',
) ]
2023-10-11 15:07:54|info|[ VIEW ] /www/wwwroot/qingyuan/public/index.html [ array (
) ]
2023-10-11 15:07:56|info|[ VIEW ] /www/wwwroot/qingyuan/public/index.html [ array (
) ]
2023-10-11 15:09:06|info|[ VIEW ] /www/wwwroot/qingyuan/public/mobile.html [ array (
  0 => 'siteName',
  1 => 'siteUrl',
) ]
2023-10-11 15:09:07|info|[ VIEW ] /www/wwwroot/qingyuan/public/index.html [ array (
) ]
2023-10-11 15:09:08|info|[ VIEW ] /www/wwwroot/qingyuan/public/index.html [ array (
) ]
2023-10-11 15:09:19|info|[ VIEW ] /www/wwwroot/qingyuan/public/index.html [ array (
) ]
2023-10-11 15:09:20|info|[ VIEW ] /www/wwwroot/qingyuan/public/index.html [ array (
) ]
2023-10-11 15:09:45|info|[ VIEW ] /www/wwwroot/qingyuan/public/index.html [ array (
) ]
2023-10-11 15:09:49|info|[ VIEW ] /www/wwwroot/qingyuan/public/index.html [ array (
) ]
2023-10-11 15:10:16|info|[ VIEW ] /www/wwwroot/qingyuan/public/mobile.html [ array (
  0 => 'siteName',
  1 => 'siteUrl',
) ]
2023-10-11 15:10:49|info|[ VIEW ] /www/wwwroot/qingyuan/public/index.html [ array (
) ]
2023-10-11 15:10:51|info|[ VIEW ] /www/wwwroot/qingyuan/public/index.html [ array (
) ]
2023-10-11 15:17:50|info|[ VIEW ] /www/wwwroot/qingyuan/public/mobile.html [ array (
  0 => 'siteName',
  1 => 'siteUrl',
) ]
2023-10-11 15:24:10|info|[ VIEW ] /www/wwwroot/qingyuan/public/index.html [ array (
) ]
2023-10-11 15:24:11|info|[ VIEW ] /www/wwwroot/qingyuan/public/index.html [ array (
) ]
2023-10-11 15:24:14|info|[ VIEW ] /www/wwwroot/qingyuan/public/index.html [ array (
) ]
2023-10-11 15:25:13|info|[ VIEW ] /www/wwwroot/qingyuan/public/admin/index.html [ array (
) ]
2023-10-11 15:25:14|info|[ VIEW ] /www/wwwroot/qingyuan/public/admin/index.html [ array (
) ]
2023-10-11 15:57:16|info|[ VIEW ] /www/wwwroot/qingyuan/public/mobile.html [ array (
  0 => 'siteName',
  1 => 'siteUrl',
) ]
2023-10-11 15:58:30|info|[ VIEW ] /www/wwwroot/qingyuan/public/admin/index.html [ array (
) ]
2023-10-11 15:58:31|info|[ VIEW ] /www/wwwroot/qingyuan/public/admin/index.html [ array (
) ]
2023-10-11 16:01:42|info|[ VIEW ] /www/wwwroot/qingyuan/public/mobile.html [ array (
  0 => 'siteName',
  1 => 'siteUrl',
) ]
2023-10-11 16:01:42|info|[ VIEW ] /www/wwwroot/qingyuan/public/index.html [ array (
) ]
2023-10-11 16:01:45|info|[ VIEW ] /www/wwwroot/qingyuan/public/index.html [ array (
) ]
2023-10-11 16:02:09|info|[ VIEW ] /www/wwwroot/qingyuan/public/mobile.html [ array (
  0 => 'siteName',
  1 => 'siteUrl',
) ]
2023-10-11 16:02:09|info|[ VIEW ] /www/wwwroot/qingyuan/public/index.html [ array (
) ]
2023-10-11 16:02:11|info|[ VIEW ] /www/wwwroot/qingyuan/public/index.html [ array (
) ]
2023-10-11 16:02:30|info|[ VIEW ] /www/wwwroot/qingyuan/public/index.html [ array (
) ]
2023-10-11 16:02:56|info|[ VIEW ] /www/wwwroot/qingyuan/public/index.html [ array (
) ]
2023-10-11 16:02:56|info|[ VIEW ] /www/wwwroot/qingyuan/public/index.html [ array (
) ]
2023-10-11 16:03:00|info|[ VIEW ] /www/wwwroot/qingyuan/public/index.html [ array (
) ]
2023-10-11 16:27:51|info|[ VIEW ] /www/wwwroot/qingyuan/public/mobile.html [ array (
  0 => 'siteName',
  1 => 'siteUrl',
) ]
2023-10-11 16:27:51|info|[ VIEW ] /www/wwwroot/qingyuan/public/mobile.html [ array (
  0 => 'siteName',
  1 => 'siteUrl',
) ]
2023-10-11 16:27:51|info|[ VIEW ] /www/wwwroot/qingyuan/public/mobile.html [ array (
  0 => 'siteName',
  1 => 'siteUrl',
) ]
2023-10-11 16:28:02|info|[ VIEW ] /www/wwwroot/qingyuan/public/mobile.html [ array (
  0 => 'siteName',
  1 => 'siteUrl',
) ]
2023-10-11 16:28:04|info|[ VIEW ] /www/wwwroot/qingyuan/public/mobile.html [ array (
  0 => 'siteName',
  1 => 'siteUrl',
) ]
2023-10-11 16:29:28|info|[ VIEW ] /www/wwwroot/qingyuan/public/mobile.html [ array (
  0 => 'siteName',
  1 => 'siteUrl',
) ]
2023-10-11 16:29:28|info|[ VIEW ] /www/wwwroot/qingyuan/public/index.html [ array (
) ]
2023-10-11 16:29:30|info|[ VIEW ] /www/wwwroot/qingyuan/public/index.html [ array (
) ]
2023-10-11 16:31:42|info|[ VIEW ] /www/wwwroot/qingyuan/public/mobile.html [ array (
  0 => 'siteName',
  1 => 'siteUrl',
) ]
2023-10-11 16:34:11|info|[ VIEW ] /www/wwwroot/qingyuan/public/admin/index.html [ array (
) ]
2023-10-11 16:34:12|info|[ VIEW ] /www/wwwroot/qingyuan/public/admin/index.html [ array (
) ]
2023-10-11 16:43:29|info|[ VIEW ] /www/wwwroot/qingyuan/public/admin/index.html [ array (
) ]
2023-10-11 16:43:31|info|[ VIEW ] /www/wwwroot/qingyuan/public/mobile.html [ array (
  0 => 'siteName',
  1 => 'siteUrl',
) ]
2023-10-11 16:43:31|info|[ VIEW ] /www/wwwroot/qingyuan/public/mobile.html [ array (
  0 => 'siteName',
  1 => 'siteUrl',
) ]
2023-10-11 16:47:56|info|[ VIEW ] /www/wwwroot/qingyuan/public/mobile.html [ array (
  0 => 'siteName',
  1 => 'siteUrl',
) ]
2023-10-11 16:47:56|info|[ VIEW ] /www/wwwroot/qingyuan/public/index.html [ array (
) ]
2023-10-11 16:47:57|info|[ VIEW ] /www/wwwroot/qingyuan/public/index.html [ array (
) ]
2023-10-11 16:48:10|info|[ VIEW ] /www/wwwroot/qingyuan/public/index.html [ array (
) ]
2023-10-11 16:49:24|info|[ VIEW ] /www/wwwroot/qingyuan/public/admin/index.html [ array (
) ]
2023-10-11 16:49:25|info|[ VIEW ] /www/wwwroot/qingyuan/public/mobile.html [ array (
  0 => 'siteName',
  1 => 'siteUrl',
) ]
2023-10-11 16:49:25|info|[ VIEW ] /www/wwwroot/qingyuan/public/mobile.html [ array (
  0 => 'siteName',
  1 => 'siteUrl',
) ]
2023-10-11 16:52:28|info|[ VIEW ] /www/wwwroot/qingyuan/public/admin/index.html [ array (
) ]
2023-10-11 16:54:33|info|[ VIEW ] /www/wwwroot/qingyuan/public/mobile.html [ array (
  0 => 'siteName',
  1 => 'siteUrl',
) ]
2023-10-11 16:54:33|info|[ VIEW ] /www/wwwroot/qingyuan/public/index.html [ array (
) ]
2023-10-11 16:54:35|info|[ VIEW ] /www/wwwroot/qingyuan/public/index.html [ array (
) ]
2023-10-11 16:59:33|info|[ VIEW ] /www/wwwroot/qingyuan/public/mobile.html [ array (
  0 => 'siteName',
  1 => 'siteUrl',
) ]
2023-10-11 17:02:19|info|[ VIEW ] /www/wwwroot/qingyuan/public/mobile.html [ array (
  0 => 'siteName',
  1 => 'siteUrl',
) ]
2023-10-11 17:04:15|info|[ VIEW ] /www/wwwroot/qingyuan/public/admin/index.html [ array (
) ]
2023-10-11 17:04:16|info|[ VIEW ] /www/wwwroot/qingyuan/public/admin/index.html [ array (
) ]
2023-10-11 17:13:52|info|[ VIEW ] /www/wwwroot/qingyuan/public/mobile.html [ array (
  0 => 'siteName',
  1 => 'siteUrl',
) ]
2023-10-11 17:13:54|info|[ VIEW ] /www/wwwroot/qingyuan/public/mobile.html [ array (
  0 => 'siteName',
  1 => 'siteUrl',
) ]
2023-10-11 17:17:59|info|[ VIEW ] /www/wwwroot/qingyuan/public/admin/index.html [ array (
) ]
2023-10-11 17:17:59|info|[ VIEW ] /www/wwwroot/qingyuan/public/mobile.html [ array (
  0 => 'siteName',
  1 => 'siteUrl',
) ]
2023-10-11 17:17:59|info|[ VIEW ] /www/wwwroot/qingyuan/public/mobile.html [ array (
  0 => 'siteName',
  1 => 'siteUrl',
) ]
2023-10-11 17:19:50|info|[ VIEW ] /www/wwwroot/qingyuan/public/admin/index.html [ array (
) ]
2023-10-11 17:19:51|info|[ VIEW ] /www/wwwroot/qingyuan/public/mobile.html [ array (
  0 => 'siteName',
  1 => 'siteUrl',
) ]
2023-10-11 17:19:51|info|[ VIEW ] /www/wwwroot/qingyuan/public/mobile.html [ array (
  0 => 'siteName',
  1 => 'siteUrl',
) ]
2023-10-11 17:35:11|info|[ VIEW ] /www/wwwroot/qingyuan/public/mobile.html [ array (
  0 => 'siteName',
  1 => 'siteUrl',
) ]
2023-10-11 17:35:11|info|[ VIEW ] /www/wwwroot/qingyuan/public/index.html [ array (
) ]
2023-10-11 17:35:13|info|[ VIEW ] /www/wwwroot/qingyuan/public/index.html [ array (
) ]
2023-10-11 17:35:47|info|[ VIEW ] /www/wwwroot/qingyuan/public/index.html [ array (
) ]
2023-10-11 17:35:49|info|[ VIEW ] /www/wwwroot/qingyuan/public/index.html [ array (
) ]
2023-10-11 17:36:43|info|[ VIEW ] /www/wwwroot/qingyuan/public/index.html [ array (
) ]
2023-10-11 17:36:44|info|[ VIEW ] /www/wwwroot/qingyuan/public/index.html [ array (
) ]
2023-10-11 17:38:25|info|[ VIEW ] /www/wwwroot/qingyuan/public/index.html [ array (
) ]
2023-10-11 17:52:12|info|[ VIEW ] /www/wwwroot/qingyuan/public/index.html [ array (
) ]
2023-10-11 17:52:13|info|[ VIEW ] /www/wwwroot/qingyuan/public/index.html [ array (
) ]
2023-10-11 17:52:58|info|[ VIEW ] /www/wwwroot/qingyuan/public/index.html [ array (
) ]
2023-10-11 17:53:00|info|[ VIEW ] /www/wwwroot/qingyuan/public/index.html [ array (
) ]
2023-10-11 18:03:11|info|[ VIEW ] /www/wwwroot/qingyuan/public/mobile.html [ array (
  0 => 'siteName',
  1 => 'siteUrl',
) ]
2023-10-11 18:03:11|info|[ VIEW ] /www/wwwroot/qingyuan/public/index.html [ array (
) ]
2023-10-11 18:03:13|info|[ VIEW ] /www/wwwroot/qingyuan/public/index.html [ array (
) ]
2023-10-11 18:03:28|info|[ VIEW ] /www/wwwroot/qingyuan/public/mobile.html [ array (
  0 => 'siteName',
  1 => 'siteUrl',
) ]
2023-10-11 18:03:28|info|[ VIEW ] /www/wwwroot/qingyuan/public/index.html [ array (
) ]
2023-10-11 18:03:30|info|[ VIEW ] /www/wwwroot/qingyuan/public/index.html [ array (
) ]
2023-10-11 18:05:04|info|[ VIEW ] /www/wwwroot/qingyuan/public/index.html [ array (
) ]
2023-10-11 18:05:06|info|[ VIEW ] /www/wwwroot/qingyuan/public/index.html [ array (
) ]
2023-10-11 18:12:39|info|[ VIEW ] /www/wwwroot/qingyuan/public/admin/index.html [ array (
) ]
2023-10-11 18:12:40|info|[ VIEW ] /www/wwwroot/qingyuan/public/mobile.html [ array (
  0 => 'siteName',
  1 => 'siteUrl',
) ]
2023-10-11 18:12:40|info|[ VIEW ] /www/wwwroot/qingyuan/public/mobile.html [ array (
  0 => 'siteName',
  1 => 'siteUrl',
) ]
2023-10-11 18:12:50|info|[ VIEW ] /www/wwwroot/qingyuan/public/admin/index.html [ array (
) ]
2023-10-11 18:12:50|info|[ VIEW ] /www/wwwroot/qingyuan/public/mobile.html [ array (
  0 => 'siteName',
  1 => 'siteUrl',
) ]
2023-10-11 18:12:50|info|[ VIEW ] /www/wwwroot/qingyuan/public/mobile.html [ array (
  0 => 'siteName',
  1 => 'siteUrl',
) ]
2023-10-11 18:13:12|info|[ VIEW ] /www/wwwroot/qingyuan/public/mobile.html [ array (
  0 => 'siteName',
  1 => 'siteUrl',
) ]
2023-10-11 18:14:41|info|[ VIEW ] /www/wwwroot/qingyuan/public/admin/index.html [ array (
) ]
2023-10-11 18:19:56|info|[ VIEW ] /www/wwwroot/qingyuan/public/index.html [ array (
) ]
2023-10-11 18:19:56|info|[ VIEW ] /www/wwwroot/qingyuan/public/index.html [ array (
) ]
2023-10-11 18:25:51|info|[ VIEW ] /www/wwwroot/qingyuan/public/mobile.html [ array (
  0 => 'siteName',
  1 => 'siteUrl',
) ]
2023-10-11 18:39:15|info|[ VIEW ] /www/wwwroot/qingyuan/public/mobile.html [ array (
  0 => 'siteName',
  1 => 'siteUrl',
) ]
2023-10-11 18:43:47|info|[ VIEW ] /www/wwwroot/qingyuan/public/index.html [ array (
) ]
2023-10-11 18:43:48|info|[ VIEW ] /www/wwwroot/qingyuan/public/index.html [ array (
) ]
2023-10-11 18:50:02|info|[ VIEW ] /www/wwwroot/qingyuan/public/mobile.html [ array (
  0 => 'siteName',
  1 => 'siteUrl',
) ]
2023-10-11 18:51:16|info|[ VIEW ] /www/wwwroot/qingyuan/public/mobile.html [ array (
  0 => 'siteName',
  1 => 'siteUrl',
) ]
2023-10-11 19:24:44|info|[ VIEW ] /www/wwwroot/qingyuan/public/admin/index.html [ array (
) ]
2023-10-11 19:24:45|info|[ VIEW ] /www/wwwroot/qingyuan/public/mobile.html [ array (
  0 => 'siteName',
  1 => 'siteUrl',
) ]
2023-10-11 19:24:46|info|[ VIEW ] /www/wwwroot/qingyuan/public/mobile.html [ array (
  0 => 'siteName',
  1 => 'siteUrl',
) ]
2023-10-11 19:31:34|info|[ VIEW ] /www/wwwroot/qingyuan/public/index.html [ array (
) ]
2023-10-11 19:31:39|info|[ VIEW ] /www/wwwroot/qingyuan/public/index.html [ array (
) ]
2023-10-11 19:31:40|info|[ VIEW ] /www/wwwroot/qingyuan/public/index.html [ array (
) ]
2023-10-11 19:33:40|info|[ VIEW ] /www/wwwroot/qingyuan/public/index.html [ array (
) ]
2023-10-11 19:33:47|info|[ VIEW ] /www/wwwroot/qingyuan/public/index.html [ array (
) ]
2023-10-11 19:33:53|info|[ VIEW ] /www/wwwroot/qingyuan/public/admin/index.html [ array (
) ]
2023-10-11 19:33:53|info|[ VIEW ] /www/wwwroot/qingyuan/public/mobile.html [ array (
  0 => 'siteName',
  1 => 'siteUrl',
) ]
2023-10-11 19:33:53|info|[ VIEW ] /www/wwwroot/qingyuan/public/mobile.html [ array (
  0 => 'siteName',
  1 => 'siteUrl',
) ]
2023-10-11 19:34:23|info|[ VIEW ] /www/wwwroot/qingyuan/public/index.html [ array (
) ]
2023-10-11 19:35:53|info|[ VIEW ] /www/wwwroot/qingyuan/public/index.html [ array (
) ]
2023-10-11 19:38:27|info|[ VIEW ] /www/wwwroot/qingyuan/public/mobile.html [ array (
  0 => 'siteName',
  1 => 'siteUrl',
) ]
2023-10-11 19:38:27|info|[ VIEW ] /www/wwwroot/qingyuan/public/index.html [ array (
) ]
2023-10-11 19:38:28|info|[ VIEW ] /www/wwwroot/qingyuan/public/index.html [ array (
) ]
2023-10-11 19:39:07|info|[ VIEW ] /www/wwwroot/qingyuan/public/index.html [ array (
) ]
2023-10-11 19:39:15|info|[ VIEW ] /www/wwwroot/qingyuan/public/index.html [ array (
) ]
2023-10-11 19:39:30|info|[ VIEW ] /www/wwwroot/qingyuan/public/index.html [ array (
) ]
2023-10-11 19:40:35|info|[ VIEW ] /www/wwwroot/qingyuan/public/index.html [ array (
) ]
2023-10-11 19:44:49|info|[ VIEW ] /www/wwwroot/qingyuan/public/index.html [ array (
) ]
2023-10-11 19:44:50|info|[ VIEW ] /www/wwwroot/qingyuan/public/index.html [ array (
) ]
2023-10-11 19:45:45|info|[ VIEW ] /www/wwwroot/qingyuan/public/index.html [ array (
) ]
2023-10-11 19:45:49|info|[ VIEW ] /www/wwwroot/qingyuan/public/index.html [ array (
) ]
2023-10-11 19:46:12|info|[ VIEW ] /www/wwwroot/qingyuan/public/index.html [ array (
) ]
2023-10-11 19:46:35|info|[ VIEW ] /www/wwwroot/qingyuan/public/index.html [ array (
) ]
2023-10-11 19:52:01|info|[ VIEW ] /www/wwwroot/qingyuan/public/admin/index.html [ array (
) ]
2023-10-11 19:52:02|info|[ VIEW ] /www/wwwroot/qingyuan/public/admin/index.html [ array (
) ]
2023-10-11 20:15:50|info|[ VIEW ] /www/wwwroot/qingyuan/public/index.html [ array (
) ]
2023-10-11 20:15:51|info|[ VIEW ] /www/wwwroot/qingyuan/public/index.html [ array (
) ]
2023-10-11 20:18:47|info|[ VIEW ] /www/wwwroot/qingyuan/public/index.html [ array (
) ]
2023-10-11 20:19:48|info|[ VIEW ] /www/wwwroot/qingyuan/public/mobile.html [ array (
  0 => 'siteName',
  1 => 'siteUrl',
) ]
2023-10-11 20:19:48|info|[ VIEW ] /www/wwwroot/qingyuan/public/index.html [ array (
) ]
2023-10-11 20:19:50|info|[ VIEW ] /www/wwwroot/qingyuan/public/index.html [ array (
) ]
2023-10-11 20:19:57|info|[ VIEW ] /www/wwwroot/qingyuan/public/index.html [ array (
) ]
2023-10-11 20:19:59|info|[ VIEW ] /www/wwwroot/qingyuan/public/index.html [ array (
) ]
2023-10-11 20:20:07|info|[ VIEW ] /www/wwwroot/qingyuan/public/index.html [ array (
) ]
2023-10-11 20:20:11|info|[ VIEW ] /www/wwwroot/qingyuan/public/index.html [ array (
) ]
2023-10-11 20:21:12|info|[ VIEW ] /www/wwwroot/qingyuan/public/index.html [ array (
) ]
2023-10-11 20:22:04|info|[ VIEW ] /www/wwwroot/qingyuan/public/index.html [ array (
) ]
2023-10-11 20:22:06|info|[ VIEW ] /www/wwwroot/qingyuan/public/index.html [ array (
) ]
2023-10-11 20:23:22|info|[ VIEW ] /www/wwwroot/qingyuan/public/index.html [ array (
) ]
2023-10-11 20:23:57|info|[ VIEW ] /www/wwwroot/qingyuan/public/index.html [ array (
) ]
2023-10-11 20:38:27|info|[ VIEW ] /www/wwwroot/qingyuan/public/index.html [ array (
) ]
2023-10-11 20:45:26|info|[ VIEW ] /www/wwwroot/qingyuan/public/index.html [ array (
) ]
2023-10-11 20:46:05|info|[ VIEW ] /www/wwwroot/qingyuan/public/index.html [ array (
) ]
2023-10-11 20:46:06|info|[ VIEW ] /www/wwwroot/qingyuan/public/index.html [ array (
) ]
2023-10-11 20:46:13|info|[ VIEW ] /www/wwwroot/qingyuan/public/index.html [ array (
) ]
2023-10-11 20:46:26|info|[ VIEW ] /www/wwwroot/qingyuan/public/index.html [ array (
) ]
2023-10-11 20:46:28|info|[ VIEW ] /www/wwwroot/qingyuan/public/index.html [ array (
) ]
2023-10-11 20:46:36|info|[ VIEW ] /www/wwwroot/qingyuan/public/index.html [ array (
) ]
2023-10-11 20:46:50|info|[ VIEW ] /www/wwwroot/qingyuan/public/index.html [ array (
) ]
2023-10-11 20:46:52|info|[ VIEW ] /www/wwwroot/qingyuan/public/index.html [ array (
) ]
2023-10-11 20:55:16|info|[ VIEW ] /www/wwwroot/qingyuan/public/mobile.html [ array (
  0 => 'siteName',
  1 => 'siteUrl',
) ]
2023-10-11 20:55:17|info|[ VIEW ] /www/wwwroot/qingyuan/public/index.html [ array (
) ]
2023-10-11 20:55:18|info|[ VIEW ] /www/wwwroot/qingyuan/public/index.html [ array (
) ]
2023-10-11 20:55:42|info|[ VIEW ] /www/wwwroot/qingyuan/public/index.html [ array (
) ]
2023-10-11 20:55:43|info|[ VIEW ] /www/wwwroot/qingyuan/public/index.html [ array (
) ]
2023-10-11 20:55:53|info|[ VIEW ] /www/wwwroot/qingyuan/public/index.html [ array (
) ]
2023-10-11 20:55:55|info|[ VIEW ] /www/wwwroot/qingyuan/public/index.html [ array (
) ]
2023-10-11 20:56:06|info|[ VIEW ] /www/wwwroot/qingyuan/public/mobile.html [ array (
  0 => 'siteName',
  1 => 'siteUrl',
) ]
2023-10-11 20:56:06|info|[ VIEW ] /www/wwwroot/qingyuan/public/index.html [ array (
) ]
2023-10-11 20:56:07|info|[ VIEW ] /www/wwwroot/qingyuan/public/index.html [ array (
) ]
2023-10-11 20:56:16|info|[ VIEW ] /www/wwwroot/qingyuan/public/index.html [ array (
) ]
2023-10-11 20:56:18|info|[ VIEW ] /www/wwwroot/qingyuan/public/index.html [ array (
) ]
2023-10-11 20:56:39|info|[ VIEW ] /www/wwwroot/qingyuan/public/mobile.html [ array (
  0 => 'siteName',
  1 => 'siteUrl',
) ]
2023-10-11 20:56:39|info|[ VIEW ] /www/wwwroot/qingyuan/public/index.html [ array (
) ]
2023-10-11 20:56:40|info|[ VIEW ] /www/wwwroot/qingyuan/public/index.html [ array (
) ]
2023-10-11 20:56:48|info|[ VIEW ] /www/wwwroot/qingyuan/public/index.html [ array (
) ]
2023-10-11 20:56:54|info|[ VIEW ] /www/wwwroot/qingyuan/public/index.html [ array (
) ]
2023-10-11 20:58:10|info|[ VIEW ] /www/wwwroot/qingyuan/public/index.html [ array (
) ]
2023-10-11 20:58:11|info|[ VIEW ] /www/wwwroot/qingyuan/public/index.html [ array (
) ]
2023-10-11 21:01:29|info|[ VIEW ] /www/wwwroot/qingyuan/public/index.html [ array (
) ]
2023-10-11 21:04:53|info|[ VIEW ] /www/wwwroot/qingyuan/public/mobile.html [ array (
  0 => 'siteName',
  1 => 'siteUrl',
) ]
2023-10-11 21:12:03|info|[ VIEW ] /www/wwwroot/qingyuan/public/mobile.html [ array (
  0 => 'siteName',
  1 => 'siteUrl',
) ]
2023-10-11 21:12:33|info|[ VIEW ] /www/wwwroot/qingyuan/public/index.html [ array (
) ]
2023-10-11 21:12:35|info|[ VIEW ] /www/wwwroot/qingyuan/public/index.html [ array (
) ]
2023-10-11 21:12:50|info|[ VIEW ] /www/wwwroot/qingyuan/public/index.html [ array (
) ]
2023-10-11 21:13:50|info|[ VIEW ] /www/wwwroot/qingyuan/public/index.html [ array (
) ]
2023-10-11 21:17:59|info|[ VIEW ] /www/wwwroot/qingyuan/public/mobile.html [ array (
  0 => 'siteName',
  1 => 'siteUrl',
) ]
2023-10-11 21:18:00|info|[ VIEW ] /www/wwwroot/qingyuan/public/index.html [ array (
) ]
2023-10-11 21:18:01|info|[ VIEW ] /www/wwwroot/qingyuan/public/index.html [ array (
) ]
2023-10-11 21:18:14|info|[ VIEW ] /www/wwwroot/qingyuan/public/index.html [ array (
) ]
2023-10-11 21:18:16|info|[ VIEW ] /www/wwwroot/qingyuan/public/index.html [ array (
) ]
2023-10-11 21:19:28|info|[ VIEW ] /www/wwwroot/qingyuan/public/index.html [ array (
) ]
2023-10-11 21:22:32|info|[ VIEW ] /www/wwwroot/qingyuan/public/mobile.html [ array (
  0 => 'siteName',
  1 => 'siteUrl',
) ]
2023-10-11 21:22:32|info|[ VIEW ] /www/wwwroot/qingyuan/public/index.html [ array (
) ]
2023-10-11 21:22:33|info|[ VIEW ] /www/wwwroot/qingyuan/public/index.html [ array (
) ]
2023-10-11 21:26:14|info|[ VIEW ] /www/wwwroot/qingyuan/public/mobile.html [ array (
  0 => 'siteName',
  1 => 'siteUrl',
) ]
2023-10-11 21:26:25|info|[ VIEW ] /www/wwwroot/qingyuan/public/mobile.html [ array (
  0 => 'siteName',
  1 => 'siteUrl',
) ]
2023-10-11 21:54:44|info|[ VIEW ] /www/wwwroot/qingyuan/public/index.html [ array (
) ]
2023-10-11 22:10:59|info|[ VIEW ] /www/wwwroot/qingyuan/public/mobile.html [ array (
  0 => 'siteName',
  1 => 'siteUrl',
) ]
2023-10-11 22:14:28|info|[ VIEW ] /www/wwwroot/qingyuan/public/mobile.html [ array (
  0 => 'siteName',
  1 => 'siteUrl',
) ]
2023-10-11 22:14:28|info|[ VIEW ] /www/wwwroot/qingyuan/public/mobile.html [ array (
  0 => 'siteName',
  1 => 'siteUrl',
) ]
2023-10-11 22:16:21|info|[ VIEW ] /www/wwwroot/qingyuan/public/index.html [ array (
) ]
2023-10-11 22:16:24|info|[ VIEW ] /www/wwwroot/qingyuan/public/index.html [ array (
) ]
2023-10-11 22:16:39|info|[ VIEW ] /www/wwwroot/qingyuan/public/index.html [ array (
) ]
2023-10-11 22:16:41|info|[ VIEW ] /www/wwwroot/qingyuan/public/index.html [ array (
) ]
2023-10-11 22:16:57|info|[ VIEW ] /www/wwwroot/qingyuan/public/index.html [ array (
) ]
2023-10-11 22:16:58|info|[ VIEW ] /www/wwwroot/qingyuan/public/index.html [ array (
) ]
2023-10-11 22:17:12|info|[ VIEW ] /www/wwwroot/qingyuan/public/index.html [ array (
) ]
2023-10-11 22:17:14|info|[ VIEW ] /www/wwwroot/qingyuan/public/index.html [ array (
) ]
2023-10-11 22:42:03|info|[ VIEW ] /www/wwwroot/qingyuan/public/index.html [ array (
) ]
2023-10-11 22:45:38|info|[ VIEW ] /www/wwwroot/qingyuan/public/index.html [ array (
) ]
2023-10-11 22:45:41|info|[ VIEW ] /www/wwwroot/qingyuan/public/index.html [ array (
) ]
2023-10-11 22:46:49|info|[ VIEW ] /www/wwwroot/qingyuan/public/index.html [ array (
) ]
2023-10-11 22:46:51|info|[ VIEW ] /www/wwwroot/qingyuan/public/index.html [ array (
) ]
2023-10-11 22:47:03|info|[ VIEW ] /www/wwwroot/qingyuan/public/mobile.html [ array (
  0 => 'siteName',
  1 => 'siteUrl',
) ]
2023-10-11 22:53:57|info|[ VIEW ] /www/wwwroot/qingyuan/public/index.html [ array (
) ]
2023-10-11 22:53:57|info|[ VIEW ] /www/wwwroot/qingyuan/public/index.html [ array (
) ]
2023-10-11 22:53:59|info|[ VIEW ] /www/wwwroot/qingyuan/public/index.html [ array (
) ]
2023-10-11 23:09:11|info|[ VIEW ] /www/wwwroot/qingyuan/public/index.html [ array (
) ]
2023-10-11 23:09:15|info|[ VIEW ] /www/wwwroot/qingyuan/public/index.html [ array (
) ]
2023-10-11 23:15:32|info|[ VIEW ] /www/wwwroot/qingyuan/public/mobile.html [ array (
  0 => 'siteName',
  1 => 'siteUrl',
) ]
2023-10-11 23:44:34|info|[ VIEW ] /www/wwwroot/qingyuan/public/index.html [ array (
) ]
2023-10-11 23:44:35|info|[ VIEW ] /www/wwwroot/qingyuan/public/index.html [ array (
) ]
2023-10-11 23:44:37|info|[ VIEW ] /www/wwwroot/qingyuan/public/index.html [ array (
) ]
2023-10-11 23:47:41|info|[ VIEW ] /www/wwwroot/qingyuan/public/mobile.html [ array (
  0 => 'siteName',
  1 => 'siteUrl',
) ]
2023-10-11 23:48:03|info|[ VIEW ] /www/wwwroot/qingyuan/public/admin/index.html [ array (
) ]
2023-10-11 23:48:04|info|[ VIEW ] /www/wwwroot/qingyuan/public/admin/index.html [ array (
) ]
2023-10-11 23:49:02|info|[ VIEW ] /www/wwwroot/qingyuan/public/mobile.html [ array (
  0 => 'siteName',
  1 => 'siteUrl',
) ]
2023-10-11 23:59:49|info|[ VIEW ] /www/wwwroot/qingyuan/public/mobile.html [ array (
  0 => 'siteName',
  1 => 'siteUrl',
) ]
2023-10-11 23:59:50|info|[ VIEW ] /www/wwwroot/qingyuan/public/mobile.html [ array (
  0 => 'siteName',
  1 => 'siteUrl',
) ]
2023-10-11 23:59:52|info|[ VIEW ] /www/wwwroot/qingyuan/public/index.html [ array (
) ]
2023-10-11 23:59:55|info|[ VIEW ] /www/wwwroot/qingyuan/public/index.html [ array (
) ]
